[0.120s] Invoking command in '/home/raspberrypi/ros2_ws/src/robotic_arm_cube_handling/build/robotic_arm_cube_handling': CMAKE_PREFIX_PATH=${CMAKE_PREFIX_PATH}:/opt/ros/jazzy /usr/bin/cmake /home/raspberrypi/ros2_ws/src/robotic_arm_cube_handling -DCMAKE_INSTALL_PREFIX=/home/raspberrypi/ros2_ws/src/robotic_arm_cube_handling/install/robotic_arm_cube_handling
[0.653s] -- Found ament_cmake: 2.5.2 (/opt/ros/jazzy/share/ament_cmake/cmake)
[0.913s] -- Found Python3: /usr/bin/python3 (found version "3.12.3") found components: Interpreter 
[1.767s] -- Found rclpy: 7.1.2 (/opt/ros/jazzy/share/rclpy/cmake)
[1.773s] -- Found sensor_msgs: 5.3.5 (/opt/ros/jazzy/share/sensor_msgs/cmake)
[2.132s] -- Found rosidl_generator_c: 4.6.4 (/opt/ros/jazzy/share/rosidl_generator_c/cmake)
[2.246s] -- Found rosidl_generator_cpp: 4.6.4 (/opt/ros/jazzy/share/rosidl_generator_cpp/cmake)
[2.393s] -- Using all available rosidl_typesupport_c: rosidl_typesupport_fastrtps_c;rosidl_typesupport_introspection_c
[2.557s] -- Using all available rosidl_typesupport_cpp: rosidl_typesupport_fastrtps_cpp;rosidl_typesupport_introspection_cpp
[3.340s] -- Found cv_bridge: 4.1.0 (/opt/ros/jazzy/share/cv_bridge/cmake)
[3.851s] -- Found rmw_implementation_cmake: 7.3.1 (/opt/ros/jazzy/share/rmw_implementation_cmake/cmake)
[3.874s] -- Found rmw_fastrtps_cpp: 8.4.1 (/opt/ros/jazzy/share/rmw_fastrtps_cpp/cmake)
[4.511s] -- Using RMW implementation 'rmw_fastrtps_cpp' as default
[5.139s] -- Found rosidl_default_generators: 1.6.0 (/opt/ros/jazzy/share/rosidl_default_generators/cmake)
[5.244s] -- Found rosidl_adapter: 4.6.4 (/opt/ros/jazzy/share/rosidl_adapter/cmake)
[7.431s] -- Found ament_cmake_ros: 0.12.0 (/opt/ros/jazzy/share/ament_cmake_ros/cmake)
[8.796s] -- Using all available rosidl_typesupport_c: rosidl_typesupport_fastrtps_c;rosidl_typesupport_introspection_c
[9.301s] -- Using all available rosidl_typesupport_cpp: rosidl_typesupport_fastrtps_cpp;rosidl_typesupport_introspection_cpp
[9.315s] -- Found python_cmake_module: 0.11.1 (/opt/ros/jazzy/share/python_cmake_module/cmake)
[11.733s] -- Found Python3: /usr/bin/python3 (found version "3.12.3") found components: Interpreter Development NumPy Development.Module Development.Embed 
[11.925s] -- Configuring done (11.4s)
[12.509s] -- Generating done (0.5s)
[12.555s] -- Build files have been written to: /home/raspberrypi/ros2_ws/src/robotic_arm_cube_handling/build/robotic_arm_cube_handling
[12.648s] Invoked command in '/home/raspberrypi/ros2_ws/src/robotic_arm_cube_handling/build/robotic_arm_cube_handling' returned '0': CMAKE_PREFIX_PATH=${CMAKE_PREFIX_PATH}:/opt/ros/jazzy /usr/bin/cmake /home/raspberrypi/ros2_ws/src/robotic_arm_cube_handling -DCMAKE_INSTALL_PREFIX=/home/raspberrypi/ros2_ws/src/robotic_arm_cube_handling/install/robotic_arm_cube_handling
[12.661s] Invoking command in '/home/raspberrypi/ros2_ws/src/robotic_arm_cube_handling/build/robotic_arm_cube_handling': CMAKE_PREFIX_PATH=${CMAKE_PREFIX_PATH}:/opt/ros/jazzy /usr/bin/cmake --build /home/raspberrypi/ros2_ws/src/robotic_arm_cube_handling/build/robotic_arm_cube_handling -- -j4 -l4
[13.129s] [  2%] Built target robotic_arm_cube_handling__rosidl_generator_type_description
[13.238s] [  2%] Built target ament_cmake_python_copy_robotic_arm_cube_handling
[13.332s] [  5%] Built target robotic_arm_cube_handling__cpp
[13.373s] [ 20%] Built target robotic_arm_cube_handling__rosidl_generator_c
[13.687s] [ 29%] Built target robotic_arm_cube_handling__rosidl_typesupport_cpp
[13.689s] [ 41%] Built target robotic_arm_cube_handling__rosidl_typesupport_fastrtps_cpp
[13.693s] [ 47%] Built target robotic_arm_cube_handling__rosidl_typesupport_fastrtps_c
[13.932s] [ 55%] Built target robotic_arm_cube_handling__rosidl_typesupport_introspection_c
[13.941s] [ 64%] Built target robotic_arm_cube_handling__rosidl_typesupport_c
[13.972s] [ 73%] Built target robotic_arm_cube_handling__rosidl_typesupport_introspection_cpp
[14.172s] [ 73%] Built target robotic_arm_cube_handling
[14.376s] [ 76%] Built target robotic_arm_cube_handling__py
[14.624s] [ 82%] Built target robotic_arm_cube_handling__rosidl_generator_py
[14.891s] [ 88%] Built target robotic_arm_cube_handling_s__rosidl_typesupport_fastrtps_c
[14.892s] [ 94%] Built target robotic_arm_cube_handling_s__rosidl_typesupport_c
[14.897s] [100%] Built target robotic_arm_cube_handling_s__rosidl_typesupport_introspection_c
[15.498s] running egg_info
[15.668s] writing robotic_arm_cube_handling.egg-info/PKG-INFO
[15.671s] writing dependency_links to robotic_arm_cube_handling.egg-info/dependency_links.txt
[15.673s] writing top-level names to robotic_arm_cube_handling.egg-info/top_level.txt
[16.163s] reading manifest file 'robotic_arm_cube_handling.egg-info/SOURCES.txt'
[16.170s] writing manifest file 'robotic_arm_cube_handling.egg-info/SOURCES.txt'
[16.451s] [100%] Built target ament_cmake_python_build_robotic_arm_cube_handling_egg
[16.551s] Invoked command in '/home/raspberrypi/ros2_ws/src/robotic_arm_cube_handling/build/robotic_arm_cube_handling' returned '0': CMAKE_PREFIX_PATH=${CMAKE_PREFIX_PATH}:/opt/ros/jazzy /usr/bin/cmake --build /home/raspberrypi/ros2_ws/src/robotic_arm_cube_handling/build/robotic_arm_cube_handling -- -j4 -l4
[17.299s] Invoking command in '/home/raspberrypi/ros2_ws/src/robotic_arm_cube_handling/build/robotic_arm_cube_handling': CMAKE_PREFIX_PATH=${CMAKE_PREFIX_PATH}:/opt/ros/jazzy /usr/bin/cmake --install /home/raspberrypi/ros2_ws/src/robotic_arm_cube_handling/build/robotic_arm_cube_handling
[17.368s] -- Install configuration: ""
[17.370s] -- Up-to-date: /home/raspberrypi/ros2_ws/src/robotic_arm_cube_handling/install/robotic_arm_cube_handling/share/ament_index/resource_index/rosidl_interfaces/robotic_arm_cube_handling
[17.371s] -- Up-to-date: /home/raspberrypi/ros2_ws/src/robotic_arm_cube_handling/install/robotic_arm_cube_handling/share/robotic_arm_cube_handling/msg/CalibrationParams.json
[17.372s] -- Up-to-date: /home/raspberrypi/ros2_ws/src/robotic_arm_cube_handling/install/robotic_arm_cube_handling/include/robotic_arm_cube_handling/robotic_arm_cube_handling
[17.374s] -- Up-to-date: /home/raspberrypi/ros2_ws/src/robotic_arm_cube_handling/install/robotic_arm_cube_handling/include/robotic_arm_cube_handling/robotic_arm_cube_handling/msg
[17.375s] -- Up-to-date: /home/raspberrypi/ros2_ws/src/robotic_arm_cube_handling/install/robotic_arm_cube_handling/include/robotic_arm_cube_handling/robotic_arm_cube_handling/msg/rosidl_generator_c__visibility_control.h
[17.376s] -- Up-to-date: /home/raspberrypi/ros2_ws/src/robotic_arm_cube_handling/install/robotic_arm_cube_handling/include/robotic_arm_cube_handling/robotic_arm_cube_handling/msg/calibration_params.h
[17.378s] -- Up-to-date: /home/raspberrypi/ros2_ws/src/robotic_arm_cube_handling/install/robotic_arm_cube_handling/include/robotic_arm_cube_handling/robotic_arm_cube_handling/msg/detail
[17.379s] -- Installing: /home/raspberrypi/ros2_ws/src/robotic_arm_cube_handling/install/robotic_arm_cube_handling/include/robotic_arm_cube_handling/robotic_arm_cube_handling/msg/detail/calibration_params__type_support.c
[17.382s] -- Up-to-date: /home/raspberrypi/ros2_ws/src/robotic_arm_cube_handling/install/robotic_arm_cube_handling/include/robotic_arm_cube_handling/robotic_arm_cube_handling/msg/detail/calibration_params__type_support.h
[17.384s] -- Up-to-date: /home/raspberrypi/ros2_ws/src/robotic_arm_cube_handling/install/robotic_arm_cube_handling/include/robotic_arm_cube_handling/robotic_arm_cube_handling/msg/detail/calibration_params__functions.h
[17.385s] -- Up-to-date: /home/raspberrypi/ros2_ws/src/robotic_arm_cube_handling/install/robotic_arm_cube_handling/include/robotic_arm_cube_handling/robotic_arm_cube_handling/msg/detail/calibration_params__struct.h
[17.386s] -- Up-to-date: /home/raspberrypi/ros2_ws/src/robotic_arm_cube_handling/install/robotic_arm_cube_handling/include/robotic_arm_cube_handling/robotic_arm_cube_handling/msg/detail/calibration_params__functions.c
[17.387s] -- Up-to-date: /home/raspberrypi/ros2_ws/src/robotic_arm_cube_handling/install/robotic_arm_cube_handling/include/robotic_arm_cube_handling/robotic_arm_cube_handling/msg/detail/calibration_params__description.c
[17.388s] -- Up-to-date: /home/raspberrypi/ros2_ws/src/robotic_arm_cube_handling/install/robotic_arm_cube_handling/share/robotic_arm_cube_handling/environment/library_path.sh
[17.389s] -- Up-to-date: /home/raspberrypi/ros2_ws/src/robotic_arm_cube_handling/install/robotic_arm_cube_handling/share/robotic_arm_cube_handling/environment/library_path.dsv
[17.391s] -- Up-to-date: /home/raspberrypi/ros2_ws/src/robotic_arm_cube_handling/install/robotic_arm_cube_handling/lib/librobotic_arm_cube_handling__rosidl_generator_c.so
[17.393s] -- Up-to-date: /home/raspberrypi/ros2_ws/src/robotic_arm_cube_handling/install/robotic_arm_cube_handling/include/robotic_arm_cube_handling/robotic_arm_cube_handling
[17.394s] -- Up-to-date: /home/raspberrypi/ros2_ws/src/robotic_arm_cube_handling/install/robotic_arm_cube_handling/include/robotic_arm_cube_handling/robotic_arm_cube_handling/msg
[17.396s] -- Up-to-date: /home/raspberrypi/ros2_ws/src/robotic_arm_cube_handling/install/robotic_arm_cube_handling/include/robotic_arm_cube_handling/robotic_arm_cube_handling/msg/rosidl_typesupport_fastrtps_c__visibility_control.h
[17.397s] -- Up-to-date: /home/raspberrypi/ros2_ws/src/robotic_arm_cube_handling/install/robotic_arm_cube_handling/include/robotic_arm_cube_handling/robotic_arm_cube_handling/msg/detail
[17.398s] -- Up-to-date: /home/raspberrypi/ros2_ws/src/robotic_arm_cube_handling/install/robotic_arm_cube_handling/include/robotic_arm_cube_handling/robotic_arm_cube_handling/msg/detail/calibration_params__rosidl_typesupport_fastrtps_c.h
[17.400s] -- Up-to-date: /home/raspberrypi/ros2_ws/src/robotic_arm_cube_handling/install/robotic_arm_cube_handling/lib/librobotic_arm_cube_handling__rosidl_typesupport_fastrtps_c.so
[17.403s] -- Up-to-date: /home/raspberrypi/ros2_ws/src/robotic_arm_cube_handling/install/robotic_arm_cube_handling/include/robotic_arm_cube_handling/robotic_arm_cube_handling
[17.404s] -- Up-to-date: /home/raspberrypi/ros2_ws/src/robotic_arm_cube_handling/install/robotic_arm_cube_handling/include/robotic_arm_cube_handling/robotic_arm_cube_handling/msg
[17.405s] -- Up-to-date: /home/raspberrypi/ros2_ws/src/robotic_arm_cube_handling/install/robotic_arm_cube_handling/include/robotic_arm_cube_handling/robotic_arm_cube_handling/msg/calibration_params.hpp
[17.406s] -- Up-to-date: /home/raspberrypi/ros2_ws/src/robotic_arm_cube_handling/install/robotic_arm_cube_handling/include/robotic_arm_cube_handling/robotic_arm_cube_handling/msg/detail
[17.408s] -- Up-to-date: /home/raspberrypi/ros2_ws/src/robotic_arm_cube_handling/install/robotic_arm_cube_handling/include/robotic_arm_cube_handling/robotic_arm_cube_handling/msg/detail/calibration_params__struct.hpp
[17.409s] -- Up-to-date: /home/raspberrypi/ros2_ws/src/robotic_arm_cube_handling/install/robotic_arm_cube_handling/include/robotic_arm_cube_handling/robotic_arm_cube_handling/msg/detail/calibration_params__type_support.hpp
[17.410s] -- Up-to-date: /home/raspberrypi/ros2_ws/src/robotic_arm_cube_handling/install/robotic_arm_cube_handling/include/robotic_arm_cube_handling/robotic_arm_cube_handling/msg/detail/calibration_params__builder.hpp
[17.411s] -- Up-to-date: /home/raspberrypi/ros2_ws/src/robotic_arm_cube_handling/install/robotic_arm_cube_handling/include/robotic_arm_cube_handling/robotic_arm_cube_handling/msg/detail/calibration_params__traits.hpp
[17.412s] -- Up-to-date: /home/raspberrypi/ros2_ws/src/robotic_arm_cube_handling/install/robotic_arm_cube_handling/include/robotic_arm_cube_handling/robotic_arm_cube_handling/msg/rosidl_generator_cpp__visibility_control.hpp
[17.413s] -- Up-to-date: /home/raspberrypi/ros2_ws/src/robotic_arm_cube_handling/install/robotic_arm_cube_handling/include/robotic_arm_cube_handling/robotic_arm_cube_handling
[17.415s] -- Up-to-date: /home/raspberrypi/ros2_ws/src/robotic_arm_cube_handling/install/robotic_arm_cube_handling/include/robotic_arm_cube_handling/robotic_arm_cube_handling/msg
[17.416s] -- Up-to-date: /home/raspberrypi/ros2_ws/src/robotic_arm_cube_handling/install/robotic_arm_cube_handling/include/robotic_arm_cube_handling/robotic_arm_cube_handling/msg/rosidl_typesupport_fastrtps_cpp__visibility_control.h
[17.416s] -- Up-to-date: /home/raspberrypi/ros2_ws/src/robotic_arm_cube_handling/install/robotic_arm_cube_handling/include/robotic_arm_cube_handling/robotic_arm_cube_handling/msg/detail
[17.418s] -- Up-to-date: /home/raspberrypi/ros2_ws/src/robotic_arm_cube_handling/install/robotic_arm_cube_handling/include/robotic_arm_cube_handling/robotic_arm_cube_handling/msg/detail/calibration_params__rosidl_typesupport_fastrtps_cpp.hpp
[17.418s] -- Up-to-date: /home/raspberrypi/ros2_ws/src/robotic_arm_cube_handling/install/robotic_arm_cube_handling/include/robotic_arm_cube_handling/robotic_arm_cube_handling/msg/detail/dds_fastrtps
[17.419s] -- Up-to-date: /home/raspberrypi/ros2_ws/src/robotic_arm_cube_handling/install/robotic_arm_cube_handling/lib/librobotic_arm_cube_handling__rosidl_typesupport_fastrtps_cpp.so
[17.421s] -- Up-to-date: /home/raspberrypi/ros2_ws/src/robotic_arm_cube_handling/install/robotic_arm_cube_handling/include/robotic_arm_cube_handling/robotic_arm_cube_handling
[17.422s] -- Up-to-date: /home/raspberrypi/ros2_ws/src/robotic_arm_cube_handling/install/robotic_arm_cube_handling/include/robotic_arm_cube_handling/robotic_arm_cube_handling/msg
[17.423s] -- Up-to-date: /home/raspberrypi/ros2_ws/src/robotic_arm_cube_handling/install/robotic_arm_cube_handling/include/robotic_arm_cube_handling/robotic_arm_cube_handling/msg/rosidl_typesupport_introspection_c__visibility_control.h
[17.424s] -- Up-to-date: /home/raspberrypi/ros2_ws/src/robotic_arm_cube_handling/install/robotic_arm_cube_handling/include/robotic_arm_cube_handling/robotic_arm_cube_handling/msg/detail
[17.425s] -- Installing: /home/raspberrypi/ros2_ws/src/robotic_arm_cube_handling/install/robotic_arm_cube_handling/include/robotic_arm_cube_handling/robotic_arm_cube_handling/msg/detail/calibration_params__type_support.c
[17.429s] -- Up-to-date: /home/raspberrypi/ros2_ws/src/robotic_arm_cube_handling/install/robotic_arm_cube_handling/include/robotic_arm_cube_handling/robotic_arm_cube_handling/msg/detail/calibration_params__rosidl_typesupport_introspection_c.h
[17.432s] -- Up-to-date: /home/raspberrypi/ros2_ws/src/robotic_arm_cube_handling/install/robotic_arm_cube_handling/lib/librobotic_arm_cube_handling__rosidl_typesupport_introspection_c.so
[17.436s] -- Up-to-date: /home/raspberrypi/ros2_ws/src/robotic_arm_cube_handling/install/robotic_arm_cube_handling/lib/librobotic_arm_cube_handling__rosidl_typesupport_c.so
[17.438s] -- Up-to-date: /home/raspberrypi/ros2_ws/src/robotic_arm_cube_handling/install/robotic_arm_cube_handling/include/robotic_arm_cube_handling/robotic_arm_cube_handling
[17.439s] -- Up-to-date: /home/raspberrypi/ros2_ws/src/robotic_arm_cube_handling/install/robotic_arm_cube_handling/include/robotic_arm_cube_handling/robotic_arm_cube_handling/msg
[17.441s] -- Up-to-date: /home/raspberrypi/ros2_ws/src/robotic_arm_cube_handling/install/robotic_arm_cube_handling/include/robotic_arm_cube_handling/robotic_arm_cube_handling/msg/detail
[17.442s] -- Up-to-date: /home/raspberrypi/ros2_ws/src/robotic_arm_cube_handling/install/robotic_arm_cube_handling/include/robotic_arm_cube_handling/robotic_arm_cube_handling/msg/detail/calibration_params__type_support.cpp
[17.443s] -- Up-to-date: /home/raspberrypi/ros2_ws/src/robotic_arm_cube_handling/install/robotic_arm_cube_handling/include/robotic_arm_cube_handling/robotic_arm_cube_handling/msg/detail/calibration_params__rosidl_typesupport_introspection_cpp.hpp
[17.445s] -- Up-to-date: /home/raspberrypi/ros2_ws/src/robotic_arm_cube_handling/install/robotic_arm_cube_handling/lib/librobotic_arm_cube_handling__rosidl_typesupport_introspection_cpp.so
[17.449s] -- Up-to-date: /home/raspberrypi/ros2_ws/src/robotic_arm_cube_handling/install/robotic_arm_cube_handling/lib/librobotic_arm_cube_handling__rosidl_typesupport_cpp.so
[17.451s] -- Up-to-date: /home/raspberrypi/ros2_ws/src/robotic_arm_cube_handling/install/robotic_arm_cube_handling/share/robotic_arm_cube_handling/environment/pythonpath.sh
[17.453s] -- Up-to-date: /home/raspberrypi/ros2_ws/src/robotic_arm_cube_handling/install/robotic_arm_cube_handling/share/robotic_arm_cube_handling/environment/pythonpath.dsv
[17.454s] -- Up-to-date: /home/raspberrypi/ros2_ws/src/robotic_arm_cube_handling/install/robotic_arm_cube_handling/lib/python3.12/site-packages/robotic_arm_cube_handling-0.0.0-py3.12.egg-info
[17.455s] -- Installing: /home/raspberrypi/ros2_ws/src/robotic_arm_cube_handling/install/robotic_arm_cube_handling/lib/python3.12/site-packages/robotic_arm_cube_handling-0.0.0-py3.12.egg-info/dependency_links.txt
[17.457s] -- Installing: /home/raspberrypi/ros2_ws/src/robotic_arm_cube_handling/install/robotic_arm_cube_handling/lib/python3.12/site-packages/robotic_arm_cube_handling-0.0.0-py3.12.egg-info/PKG-INFO
[17.460s] -- Installing: /home/raspberrypi/ros2_ws/src/robotic_arm_cube_handling/install/robotic_arm_cube_handling/lib/python3.12/site-packages/robotic_arm_cube_handling-0.0.0-py3.12.egg-info/top_level.txt
[17.463s] -- Installing: /home/raspberrypi/ros2_ws/src/robotic_arm_cube_handling/install/robotic_arm_cube_handling/lib/python3.12/site-packages/robotic_arm_cube_handling-0.0.0-py3.12.egg-info/SOURCES.txt
[17.466s] -- Up-to-date: /home/raspberrypi/ros2_ws/src/robotic_arm_cube_handling/install/robotic_arm_cube_handling/lib/python3.12/site-packages/robotic_arm_cube_handling
[17.467s] -- Up-to-date: /home/raspberrypi/ros2_ws/src/robotic_arm_cube_handling/install/robotic_arm_cube_handling/lib/python3.12/site-packages/robotic_arm_cube_handling/robotic_arm_cube_handling_s__rosidl_typesupport_introspection_c.so
[17.468s] -- Up-to-date: /home/raspberrypi/ros2_ws/src/robotic_arm_cube_handling/install/robotic_arm_cube_handling/lib/python3.12/site-packages/robotic_arm_cube_handling/robotic_arm_cube_handling_s__rosidl_typesupport_fastrtps_c.so
[17.469s] -- Up-to-date: /home/raspberrypi/ros2_ws/src/robotic_arm_cube_handling/install/robotic_arm_cube_handling/lib/python3.12/site-packages/robotic_arm_cube_handling/robotic_arm_cube_handling_s__rosidl_typesupport_c.so
[17.471s] -- Up-to-date: /home/raspberrypi/ros2_ws/src/robotic_arm_cube_handling/install/robotic_arm_cube_handling/lib/python3.12/site-packages/robotic_arm_cube_handling/msg
[17.472s] -- Up-to-date: /home/raspberrypi/ros2_ws/src/robotic_arm_cube_handling/install/robotic_arm_cube_handling/lib/python3.12/site-packages/robotic_arm_cube_handling/msg/_calibration_params.py
[17.473s] -- Up-to-date: /home/raspberrypi/ros2_ws/src/robotic_arm_cube_handling/install/robotic_arm_cube_handling/lib/python3.12/site-packages/robotic_arm_cube_handling/msg/_calibration_params_s.c
[17.474s] -- Up-to-date: /home/raspberrypi/ros2_ws/src/robotic_arm_cube_handling/install/robotic_arm_cube_handling/lib/python3.12/site-packages/robotic_arm_cube_handling/msg/__init__.py
[17.475s] -- Up-to-date: /home/raspberrypi/ros2_ws/src/robotic_arm_cube_handling/install/robotic_arm_cube_handling/lib/python3.12/site-packages/robotic_arm_cube_handling/_robotic_arm_cube_handling_s.ep.rosidl_typesupport_introspection_c.c
[17.476s] -- Installing: /home/raspberrypi/ros2_ws/src/robotic_arm_cube_handling/install/robotic_arm_cube_handling/lib/python3.12/site-packages/robotic_arm_cube_handling/__init__.py
[17.478s] -- Up-to-date: /home/raspberrypi/ros2_ws/src/robotic_arm_cube_handling/install/robotic_arm_cube_handling/lib/python3.12/site-packages/robotic_arm_cube_handling/_robotic_arm_cube_handling_s.ep.rosidl_typesupport_c.c
[17.479s] -- Up-to-date: /home/raspberrypi/ros2_ws/src/robotic_arm_cube_handling/install/robotic_arm_cube_handling/lib/python3.12/site-packages/robotic_arm_cube_handling/_robotic_arm_cube_handling_s.ep.rosidl_typesupport_fastrtps_c.c
[17.801s] Listing '/home/raspberrypi/ros2_ws/src/robotic_arm_cube_handling/install/robotic_arm_cube_handling/lib/python3.12/site-packages/robotic_arm_cube_handling'...
[17.802s] Compiling '/home/raspberrypi/ros2_ws/src/robotic_arm_cube_handling/install/robotic_arm_cube_handling/lib/python3.12/site-packages/robotic_arm_cube_handling/__init__.py'...
[17.803s] Listing '/home/raspberrypi/ros2_ws/src/robotic_arm_cube_handling/install/robotic_arm_cube_handling/lib/python3.12/site-packages/robotic_arm_cube_handling/msg'...
[17.869s] -- Up-to-date: /home/raspberrypi/ros2_ws/src/robotic_arm_cube_handling/install/robotic_arm_cube_handling/lib/python3.12/site-packages/robotic_arm_cube_handling/robotic_arm_cube_handling_s__rosidl_typesupport_fastrtps_c.so
[17.874s] -- Up-to-date: /home/raspberrypi/ros2_ws/src/robotic_arm_cube_handling/install/robotic_arm_cube_handling/lib/python3.12/site-packages/robotic_arm_cube_handling/robotic_arm_cube_handling_s__rosidl_typesupport_introspection_c.so
[17.878s] -- Up-to-date: /home/raspberrypi/ros2_ws/src/robotic_arm_cube_handling/install/robotic_arm_cube_handling/lib/python3.12/site-packages/robotic_arm_cube_handling/robotic_arm_cube_handling_s__rosidl_typesupport_c.so
[17.883s] -- Up-to-date: /home/raspberrypi/ros2_ws/src/robotic_arm_cube_handling/install/robotic_arm_cube_handling/lib/librobotic_arm_cube_handling__rosidl_generator_py.so
[17.886s] -- Up-to-date: /home/raspberrypi/ros2_ws/src/robotic_arm_cube_handling/install/robotic_arm_cube_handling/share/robotic_arm_cube_handling/msg/CalibrationParams.idl
[17.887s] -- Up-to-date: /home/raspberrypi/ros2_ws/src/robotic_arm_cube_handling/install/robotic_arm_cube_handling/share/robotic_arm_cube_handling/msg/CalibrationParams.msg
[17.888s] -- Up-to-date: /home/raspberrypi/ros2_ws/src/robotic_arm_cube_handling/install/robotic_arm_cube_handling/lib/robotic_arm_cube_handling
[17.889s] -- Installing: /home/raspberrypi/ros2_ws/src/robotic_arm_cube_handling/install/robotic_arm_cube_handling/lib/robotic_arm_cube_handling/publish_calibration_params.py
[17.892s] -- Installing: /home/raspberrypi/ros2_ws/src/robotic_arm_cube_handling/install/robotic_arm_cube_handling/lib/robotic_arm_cube_handling/image_processing_node.py
[17.894s] -- Installing: /home/raspberrypi/ros2_ws/src/robotic_arm_cube_handling/install/robotic_arm_cube_handling/lib/robotic_arm_cube_handling/calibration_node.py
[17.898s] -- Installing: /home/raspberrypi/ros2_ws/src/robotic_arm_cube_handling/install/robotic_arm_cube_handling/lib/robotic_arm_cube_handling/mqtt_publisher_node.py
[17.900s] -- Installing: /home/raspberrypi/ros2_ws/src/robotic_arm_cube_handling/install/robotic_arm_cube_handling/lib/robotic_arm_cube_handling/camera_node.py
[17.904s] -- Up-to-date: /home/raspberrypi/ros2_ws/src/robotic_arm_cube_handling/install/robotic_arm_cube_handling/lib/robotic_arm_cube_handling/camera_node.py
[17.906s] -- Up-to-date: /home/raspberrypi/ros2_ws/src/robotic_arm_cube_handling/install/robotic_arm_cube_handling/lib/robotic_arm_cube_handling/image_processing_node.py
[17.907s] -- Up-to-date: /home/raspberrypi/ros2_ws/src/robotic_arm_cube_handling/install/robotic_arm_cube_handling/lib/robotic_arm_cube_handling/calibration_node.py
[17.908s] -- Up-to-date: /home/raspberrypi/ros2_ws/src/robotic_arm_cube_handling/install/robotic_arm_cube_handling/lib/robotic_arm_cube_handling/mqtt_publisher_node.py
[17.909s] -- Up-to-date: /home/raspberrypi/ros2_ws/src/robotic_arm_cube_handling/install/robotic_arm_cube_handling/share/robotic_arm_cube_handling/launch
[17.910s] -- Installing: /home/raspberrypi/ros2_ws/src/robotic_arm_cube_handling/install/robotic_arm_cube_handling/share/robotic_arm_cube_handling/launch/camera_processing_launch.py
[17.911s] -- Up-to-date: /home/raspberrypi/ros2_ws/src/robotic_arm_cube_handling/install/robotic_arm_cube_handling/share/robotic_arm_cube_handling/config
[17.913s] -- Up-to-date: /home/raspberrypi/ros2_ws/src/robotic_arm_cube_handling/install/robotic_arm_cube_handling/share/robotic_arm_cube_handling/urdf
[17.914s] -- Up-to-date: /home/raspberrypi/ros2_ws/src/robotic_arm_cube_handling/install/robotic_arm_cube_handling/share/robotic_arm_cube_handling/rviz
[17.915s] -- Up-to-date: /home/raspberrypi/ros2_ws/src/robotic_arm_cube_handling/install/robotic_arm_cube_handling/share/ament_index/resource_index/package_run_dependencies/robotic_arm_cube_handling
[17.916s] -- Installing: /home/raspberrypi/ros2_ws/src/robotic_arm_cube_handling/install/robotic_arm_cube_handling/share/ament_index/resource_index/parent_prefix_path/robotic_arm_cube_handling
[17.920s] -- Up-to-date: /home/raspberrypi/ros2_ws/src/robotic_arm_cube_handling/install/robotic_arm_cube_handling/share/robotic_arm_cube_handling/environment/ament_prefix_path.sh
[17.921s] -- Up-to-date: /home/raspberrypi/ros2_ws/src/robotic_arm_cube_handling/install/robotic_arm_cube_handling/share/robotic_arm_cube_handling/environment/ament_prefix_path.dsv
[17.923s] -- Up-to-date: /home/raspberrypi/ros2_ws/src/robotic_arm_cube_handling/install/robotic_arm_cube_handling/share/robotic_arm_cube_handling/environment/path.sh
[17.924s] -- Up-to-date: /home/raspberrypi/ros2_ws/src/robotic_arm_cube_handling/install/robotic_arm_cube_handling/share/robotic_arm_cube_handling/environment/path.dsv
[17.925s] -- Up-to-date: /home/raspberrypi/ros2_ws/src/robotic_arm_cube_handling/install/robotic_arm_cube_handling/share/robotic_arm_cube_handling/local_setup.bash
[17.926s] -- Up-to-date: /home/raspberrypi/ros2_ws/src/robotic_arm_cube_handling/install/robotic_arm_cube_handling/share/robotic_arm_cube_handling/local_setup.sh
[17.928s] -- Up-to-date: /home/raspberrypi/ros2_ws/src/robotic_arm_cube_handling/install/robotic_arm_cube_handling/share/robotic_arm_cube_handling/local_setup.zsh
[17.929s] -- Up-to-date: /home/raspberrypi/ros2_ws/src/robotic_arm_cube_handling/install/robotic_arm_cube_handling/share/robotic_arm_cube_handling/local_setup.dsv
[17.930s] -- Installing: /home/raspberrypi/ros2_ws/src/robotic_arm_cube_handling/install/robotic_arm_cube_handling/share/robotic_arm_cube_handling/package.dsv
[17.932s] -- Up-to-date: /home/raspberrypi/ros2_ws/src/robotic_arm_cube_handling/install/robotic_arm_cube_handling/share/ament_index/resource_index/packages/robotic_arm_cube_handling
[17.936s] -- Up-to-date: /home/raspberrypi/ros2_ws/src/robotic_arm_cube_handling/install/robotic_arm_cube_handling/share/robotic_arm_cube_handling/cmake/export_robotic_arm_cube_handling__rosidl_generator_cExport.cmake
[17.937s] -- Up-to-date: /home/raspberrypi/ros2_ws/src/robotic_arm_cube_handling/install/robotic_arm_cube_handling/share/robotic_arm_cube_handling/cmake/export_robotic_arm_cube_handling__rosidl_generator_cExport-noconfig.cmake
[17.940s] -- Up-to-date: /home/raspberrypi/ros2_ws/src/robotic_arm_cube_handling/install/robotic_arm_cube_handling/share/robotic_arm_cube_handling/cmake/export_robotic_arm_cube_handling__rosidl_typesupport_fastrtps_cExport.cmake
[17.942s] -- Up-to-date: /home/raspberrypi/ros2_ws/src/robotic_arm_cube_handling/install/robotic_arm_cube_handling/share/robotic_arm_cube_handling/cmake/export_robotic_arm_cube_handling__rosidl_typesupport_fastrtps_cExport-noconfig.cmake
[17.945s] -- Up-to-date: /home/raspberrypi/ros2_ws/src/robotic_arm_cube_handling/install/robotic_arm_cube_handling/share/robotic_arm_cube_handling/cmake/export_robotic_arm_cube_handling__rosidl_generator_cppExport.cmake
[17.948s] -- Up-to-date: /home/raspberrypi/ros2_ws/src/robotic_arm_cube_handling/install/robotic_arm_cube_handling/share/robotic_arm_cube_handling/cmake/export_robotic_arm_cube_handling__rosidl_typesupport_fastrtps_cppExport.cmake
[17.950s] -- Up-to-date: /home/raspberrypi/ros2_ws/src/robotic_arm_cube_handling/install/robotic_arm_cube_handling/share/robotic_arm_cube_handling/cmake/export_robotic_arm_cube_handling__rosidl_typesupport_fastrtps_cppExport-noconfig.cmake
[17.953s] -- Up-to-date: /home/raspberrypi/ros2_ws/src/robotic_arm_cube_handling/install/robotic_arm_cube_handling/share/robotic_arm_cube_handling/cmake/robotic_arm_cube_handling__rosidl_typesupport_introspection_cExport.cmake
[17.954s] -- Up-to-date: /home/raspberrypi/ros2_ws/src/robotic_arm_cube_handling/install/robotic_arm_cube_handling/share/robotic_arm_cube_handling/cmake/robotic_arm_cube_handling__rosidl_typesupport_introspection_cExport-noconfig.cmake
[17.957s] -- Up-to-date: /home/raspberrypi/ros2_ws/src/robotic_arm_cube_handling/install/robotic_arm_cube_handling/share/robotic_arm_cube_handling/cmake/robotic_arm_cube_handling__rosidl_typesupport_cExport.cmake
[17.958s] -- Up-to-date: /home/raspberrypi/ros2_ws/src/robotic_arm_cube_handling/install/robotic_arm_cube_handling/share/robotic_arm_cube_handling/cmake/robotic_arm_cube_handling__rosidl_typesupport_cExport-noconfig.cmake
[17.961s] -- Up-to-date: /home/raspberrypi/ros2_ws/src/robotic_arm_cube_handling/install/robotic_arm_cube_handling/share/robotic_arm_cube_handling/cmake/robotic_arm_cube_handling__rosidl_typesupport_introspection_cppExport.cmake
[17.963s] -- Up-to-date: /home/raspberrypi/ros2_ws/src/robotic_arm_cube_handling/install/robotic_arm_cube_handling/share/robotic_arm_cube_handling/cmake/robotic_arm_cube_handling__rosidl_typesupport_introspection_cppExport-noconfig.cmake
[17.966s] -- Up-to-date: /home/raspberrypi/ros2_ws/src/robotic_arm_cube_handling/install/robotic_arm_cube_handling/share/robotic_arm_cube_handling/cmake/robotic_arm_cube_handling__rosidl_typesupport_cppExport.cmake
[17.967s] -- Up-to-date: /home/raspberrypi/ros2_ws/src/robotic_arm_cube_handling/install/robotic_arm_cube_handling/share/robotic_arm_cube_handling/cmake/robotic_arm_cube_handling__rosidl_typesupport_cppExport-noconfig.cmake
[17.970s] -- Up-to-date: /home/raspberrypi/ros2_ws/src/robotic_arm_cube_handling/install/robotic_arm_cube_handling/share/robotic_arm_cube_handling/cmake/export_robotic_arm_cube_handling__rosidl_generator_pyExport.cmake
[17.971s] -- Up-to-date: /home/raspberrypi/ros2_ws/src/robotic_arm_cube_handling/install/robotic_arm_cube_handling/share/robotic_arm_cube_handling/cmake/export_robotic_arm_cube_handling__rosidl_generator_pyExport-noconfig.cmake
[17.972s] -- Up-to-date: /home/raspberrypi/ros2_ws/src/robotic_arm_cube_handling/install/robotic_arm_cube_handling/share/robotic_arm_cube_handling/cmake/rosidl_cmake-extras.cmake
[17.974s] -- Up-to-date: /home/raspberrypi/ros2_ws/src/robotic_arm_cube_handling/install/robotic_arm_cube_handling/share/robotic_arm_cube_handling/cmake/ament_cmake_export_include_directories-extras.cmake
[17.975s] -- Up-to-date: /home/raspberrypi/ros2_ws/src/robotic_arm_cube_handling/install/robotic_arm_cube_handling/share/robotic_arm_cube_handling/cmake/ament_cmake_export_libraries-extras.cmake
[17.976s] -- Up-to-date: /home/raspberrypi/ros2_ws/src/robotic_arm_cube_handling/install/robotic_arm_cube_handling/share/robotic_arm_cube_handling/cmake/ament_cmake_export_targets-extras.cmake
[17.978s] -- Up-to-date: /home/raspberrypi/ros2_ws/src/robotic_arm_cube_handling/install/robotic_arm_cube_handling/share/robotic_arm_cube_handling/cmake/rosidl_cmake_export_typesupport_targets-extras.cmake
[17.979s] -- Up-to-date: /home/raspberrypi/ros2_ws/src/robotic_arm_cube_handling/install/robotic_arm_cube_handling/share/robotic_arm_cube_handling/cmake/ament_cmake_export_dependencies-extras.cmake
[17.982s] -- Up-to-date: /home/raspberrypi/ros2_ws/src/robotic_arm_cube_handling/install/robotic_arm_cube_handling/share/robotic_arm_cube_handling/cmake/rosidl_cmake_export_typesupport_libraries-extras.cmake
[17.983s] -- Up-to-date: /home/raspberrypi/ros2_ws/src/robotic_arm_cube_handling/install/robotic_arm_cube_handling/share/robotic_arm_cube_handling/cmake/robotic_arm_cube_handlingConfig.cmake
[17.984s] -- Up-to-date: /home/raspberrypi/ros2_ws/src/robotic_arm_cube_handling/install/robotic_arm_cube_handling/share/robotic_arm_cube_handling/cmake/robotic_arm_cube_handlingConfig-version.cmake
[17.985s] -- Installing: /home/raspberrypi/ros2_ws/src/robotic_arm_cube_handling/install/robotic_arm_cube_handling/share/robotic_arm_cube_handling/package.xml
[18.001s] Invoked command in '/home/raspberrypi/ros2_ws/src/robotic_arm_cube_handling/build/robotic_arm_cube_handling' returned '0': CMAKE_PREFIX_PATH=${CMAKE_PREFIX_PATH}:/opt/ros/jazzy /usr/bin/cmake --install /home/raspberrypi/ros2_ws/src/robotic_arm_cube_handling/build/robotic_arm_cube_handling
