[0.944s] DEBUG:colcon:Command line arguments: ['/usr/bin/colcon', 'build', '--packages-select', 'robotic_arm_cube_handling']
[0.945s] DEBUG:colcon:Parsed command line arguments: Namespace(log_base=None, log_level=None, verb_name='build', build_base='build', install_base='install', merge_install=False, symlink_install=False, test_result_base=None, continue_on_error=False, executor='parallel', parallel_workers=4, event_handlers=None, ignore_user_meta=False, metas=['./colcon.meta'], base_paths=['.'], packages_ignore=None, packages_ignore_regex=None, paths=None, packages_up_to=None, packages_up_to_regex=None, packages_above=None, packages_above_and_dependencies=None, packages_above_depth=None, packages_select_by_dep=None, packages_skip_by_dep=None, packages_skip_up_to=None, packages_select_build_failed=False, packages_skip_build_finished=False, packages_select_test_failures=False, packages_skip_test_passed=False, packages_select=['robotic_arm_cube_handling'], packages_skip=None, packages_select_regex=None, packages_skip_regex=None, packages_start=None, packages_end=None, allow_overriding=[], cmake_args=None, cmake_target=None, cmake_target_skip_unavailable=False, cmake_clean_cache=False, cmake_clean_first=False, cmake_force_configure=False, ament_cmake_args=None, catkin_cmake_args=None, catkin_skip_building_tests=False, mixin_files=None, mixin=None, verb_parser=<colcon_mixin.mixin.mixin_argument.MixinArgumentDecorator object at 0xffff81cd9d60>, verb_extension=<colcon_core.verb.build.BuildVerb object at 0xffff81e98b90>, main=<bound method BuildVerb.main of <colcon_core.verb.build.BuildVerb object at 0xffff81e98b90>>, mixin_verb=('build',))
[1.260s] Level 1:colcon.colcon_core.package_discovery:discover_packages(colcon_meta) check parameters
[1.261s] Level 1:colcon.colcon_core.package_discovery:discover_packages(recursive) check parameters
[1.262s] Level 1:colcon.colcon_core.package_discovery:discover_packages(ignore) check parameters
[1.262s] Level 1:colcon.colcon_core.package_discovery:discover_packages(path) check parameters
[1.262s] Level 1:colcon.colcon_core.package_discovery:discover_packages(colcon_meta) discover
[1.262s] Level 1:colcon.colcon_core.package_discovery:discover_packages(recursive) discover
[1.263s] INFO:colcon.colcon_core.package_discovery:Crawling recursively for packages in '/home/raspberrypi/ros2_ws/src/robotic_arm_cube_handling'
[1.264s] Level 1:colcon.colcon_core.package_identification:_identify(.) by extensions ['ignore', 'ignore_ament_install']
[1.265s] Level 1:colcon.colcon_core.package_identification:_identify(.) by extension 'ignore'
[1.265s] Level 1:colcon.colcon_core.package_identification:_identify(.) by extension 'ignore_ament_install'
[1.266s] Level 1:colcon.colcon_core.package_identification:_identify(.) by extensions ['colcon_pkg']
[1.266s] Level 1:colcon.colcon_core.package_identification:_identify(.) by extension 'colcon_pkg'
[1.266s] Level 1:colcon.colcon_core.package_identification:_identify(.) by extensions ['colcon_meta']
[1.267s] Level 1:colcon.colcon_core.package_identification:_identify(.) by extension 'colcon_meta'
[1.267s] Level 1:colcon.colcon_core.package_identification:_identify(.) by extensions ['ros']
[1.267s] Level 1:colcon.colcon_core.package_identification:_identify(.) by extension 'ros'
[1.517s] DEBUG:colcon.colcon_core.package_identification:Package '.' with type 'ros.catkin' and name 'robotic_arm_cube_handling'
[1.517s] Level 1:colcon.colcon_core.package_discovery:discover_packages(recursive) using defaults
[1.518s] Level 1:colcon.colcon_core.package_discovery:discover_packages(ignore) discover
[1.518s] Level 1:colcon.colcon_core.package_discovery:discover_packages(ignore) using defaults
[1.518s] Level 1:colcon.colcon_core.package_discovery:discover_packages(path) discover
[1.518s] Level 1:colcon.colcon_core.package_discovery:discover_packages(path) using defaults
[1.658s] Level 1:colcon.colcon_core.package_discovery:discover_packages(prefix_path) check parameters
[1.658s] Level 1:colcon.colcon_core.package_discovery:discover_packages(prefix_path) discover
[1.684s] DEBUG:colcon.colcon_installed_package_information.package_discovery:Found 192 installed packages in /opt/ros/rolling
[1.690s] Level 1:colcon.colcon_core.package_discovery:discover_packages(prefix_path) using defaults
[2.083s] Level 5:colcon.colcon_core.verb:set package 'robotic_arm_cube_handling' build argument 'cmake_args' from command line to 'None'
[2.083s] Level 5:colcon.colcon_core.verb:set package 'robotic_arm_cube_handling' build argument 'cmake_target' from command line to 'None'
[2.083s] Level 5:colcon.colcon_core.verb:set package 'robotic_arm_cube_handling' build argument 'cmake_target_skip_unavailable' from command line to 'False'
[2.084s] Level 5:colcon.colcon_core.verb:set package 'robotic_arm_cube_handling' build argument 'cmake_clean_cache' from command line to 'False'
[2.084s] Level 5:colcon.colcon_core.verb:set package 'robotic_arm_cube_handling' build argument 'cmake_clean_first' from command line to 'False'
[2.084s] Level 5:colcon.colcon_core.verb:set package 'robotic_arm_cube_handling' build argument 'cmake_force_configure' from command line to 'False'
[2.084s] Level 5:colcon.colcon_core.verb:set package 'robotic_arm_cube_handling' build argument 'ament_cmake_args' from command line to 'None'
[2.084s] Level 5:colcon.colcon_core.verb:set package 'robotic_arm_cube_handling' build argument 'catkin_cmake_args' from command line to 'None'
[2.084s] Level 5:colcon.colcon_core.verb:set package 'robotic_arm_cube_handling' build argument 'catkin_skip_building_tests' from command line to 'False'
[2.085s] DEBUG:colcon.colcon_core.verb:Building package 'robotic_arm_cube_handling' with the following arguments: {'ament_cmake_args': None, 'build_base': '/home/raspberrypi/ros2_ws/src/robotic_arm_cube_handling/build/robotic_arm_cube_handling', 'catkin_cmake_args': None, 'catkin_skip_building_tests': False, 'cmake_args': None, 'cmake_clean_cache': False, 'cmake_clean_first': False, 'cmake_force_configure': False, 'cmake_target': None, 'cmake_target_skip_unavailable': False, 'install_base': '/home/raspberrypi/ros2_ws/src/robotic_arm_cube_handling/install/robotic_arm_cube_handling', 'merge_install': False, 'path': '/home/raspberrypi/ros2_ws/src/robotic_arm_cube_handling', 'symlink_install': False, 'test_result_base': None}
[2.086s] INFO:colcon.colcon_core.executor:Executing jobs using 'parallel' executor
[2.092s] DEBUG:colcon.colcon_parallel_executor.executor.parallel:run_until_complete
[2.093s] INFO:colcon.colcon_ros.task.catkin.build:Building ROS package in '/home/raspberrypi/ros2_ws/src/robotic_arm_cube_handling' with build type 'catkin'
[2.095s] INFO:colcon.colcon_cmake.task.cmake.build:Building CMake package in '/home/raspberrypi/ros2_ws/src/robotic_arm_cube_handling'
[2.110s] INFO:colcon.colcon_core.plugin_system:Skipping extension 'colcon_core.shell.bat': Not used on non-Windows systems
[2.112s] INFO:colcon.colcon_core.shell:Skip shell extension 'powershell' for command environment: Not usable outside of PowerShell
[2.112s] DEBUG:colcon.colcon_core.shell:Skip shell extension 'dsv' for command environment
[2.186s] DEBUG:colcon.colcon_core.event_handler.log_command:Invoking command in '/home/raspberrypi/ros2_ws/src/robotic_arm_cube_handling/build/robotic_arm_cube_handling': /usr/bin/cmake /home/raspberrypi/ros2_ws/src/robotic_arm_cube_handling -DCATKIN_INSTALL_INTO_PREFIX_ROOT=0 -DCMAKE_INSTALL_PREFIX=/home/raspberrypi/ros2_ws/src/robotic_arm_cube_handling/install/robotic_arm_cube_handling
[12.115s] DEBUG:colcon.colcon_core.event_handler.log_command:Invoked command in '/home/raspberrypi/ros2_ws/src/robotic_arm_cube_handling/build/robotic_arm_cube_handling' returned '1': /usr/bin/cmake /home/raspberrypi/ros2_ws/src/robotic_arm_cube_handling -DCATKIN_INSTALL_INTO_PREFIX_ROOT=0 -DCMAKE_INSTALL_PREFIX=/home/raspberrypi/ros2_ws/src/robotic_arm_cube_handling/install/robotic_arm_cube_handling
[12.215s] Level 1:colcon.colcon_core.environment:create_environment_scripts_only(robotic_arm_cube_handling)
[12.258s] Level 1:colcon.colcon_core.environment:checking '/home/raspberrypi/ros2_ws/src/robotic_arm_cube_handling/install/robotic_arm_cube_handling' for CMake module files
[12.263s] Level 1:colcon.colcon_core.environment:checking '/home/raspberrypi/ros2_ws/src/robotic_arm_cube_handling/install/robotic_arm_cube_handling' for CMake config files
[12.265s] Level 1:colcon.colcon_core.environment:checking '/home/raspberrypi/ros2_ws/src/robotic_arm_cube_handling/install/robotic_arm_cube_handling/bin'
[12.266s] Level 1:colcon.colcon_core.environment:checking '/home/raspberrypi/ros2_ws/src/robotic_arm_cube_handling/install/robotic_arm_cube_handling/lib/pkgconfig/robotic_arm_cube_handling.pc'
[12.268s] Level 1:colcon.colcon_core.environment:checking '/home/raspberrypi/ros2_ws/src/robotic_arm_cube_handling/install/robotic_arm_cube_handling/lib/python3.12/site-packages'
[12.270s] Level 1:colcon.colcon_core.environment:checking '/home/raspberrypi/ros2_ws/src/robotic_arm_cube_handling/install/robotic_arm_cube_handling/bin'
[12.272s] INFO:colcon.colcon_core.shell:Creating package script '/home/raspberrypi/ros2_ws/src/robotic_arm_cube_handling/install/robotic_arm_cube_handling/share/robotic_arm_cube_handling/package.ps1'
[12.279s] INFO:colcon.colcon_core.shell:Creating package descriptor '/home/raspberrypi/ros2_ws/src/robotic_arm_cube_handling/install/robotic_arm_cube_handling/share/robotic_arm_cube_handling/package.dsv'
[12.284s] INFO:colcon.colcon_core.shell:Creating package script '/home/raspberrypi/ros2_ws/src/robotic_arm_cube_handling/install/robotic_arm_cube_handling/share/robotic_arm_cube_handling/package.sh'
[12.290s] INFO:colcon.colcon_core.shell:Creating package script '/home/raspberrypi/ros2_ws/src/robotic_arm_cube_handling/install/robotic_arm_cube_handling/share/robotic_arm_cube_handling/package.bash'
[12.296s] INFO:colcon.colcon_core.shell:Creating package script '/home/raspberrypi/ros2_ws/src/robotic_arm_cube_handling/install/robotic_arm_cube_handling/share/robotic_arm_cube_handling/package.zsh'
[12.302s] Level 1:colcon.colcon_core.environment:create_file_with_runtime_dependencies(/home/raspberrypi/ros2_ws/src/robotic_arm_cube_handling/install/robotic_arm_cube_handling/share/colcon-core/packages/robotic_arm_cube_handling)
[12.317s] DEBUG:colcon.colcon_parallel_executor.executor.parallel:closing loop
[12.319s] DEBUG:colcon.colcon_parallel_executor.executor.parallel:loop closed
[12.320s] DEBUG:colcon.colcon_parallel_executor.executor.parallel:run_until_complete finished with '1'
[12.320s] DEBUG:colcon.colcon_core.event_reactor:joining thread
[12.362s] INFO:colcon.colcon_core.plugin_system:Skipping extension 'colcon_notification.desktop_notification.notify_send': Could not find 'notify-send'
[12.362s] INFO:colcon.colcon_core.plugin_system:Skipping extension 'colcon_notification.desktop_notification.terminal_notifier': Not used on non-Darwin systems
[12.363s] INFO:colcon.colcon_core.plugin_system:Skipping extension 'colcon_notification.desktop_notification.win32': Not used on non-Windows systems
[12.363s] INFO:colcon.colcon_notification.desktop_notification:Sending desktop notification using 'notify2'
[12.370s] DEBUG:colcon.colcon_notification.desktop_notification.notify2:Failed to initialize notify2: org.freedesktop.DBus.Error.ServiceUnknown: The name org.freedesktop.Notifications was not provided by any .service files
[12.371s] DEBUG:colcon.colcon_core.event_reactor:joined thread
[12.373s] INFO:colcon.colcon_core.shell:Creating prefix script '/home/raspberrypi/ros2_ws/src/robotic_arm_cube_handling/install/local_setup.ps1'
[12.379s] INFO:colcon.colcon_core.shell:Creating prefix util module '/home/raspberrypi/ros2_ws/src/robotic_arm_cube_handling/install/_local_setup_util_ps1.py'
[12.391s] INFO:colcon.colcon_core.shell:Creating prefix chain script '/home/raspberrypi/ros2_ws/src/robotic_arm_cube_handling/install/setup.ps1'
[12.396s] INFO:colcon.colcon_core.shell:Creating prefix script '/home/raspberrypi/ros2_ws/src/robotic_arm_cube_handling/install/local_setup.sh'
[12.400s] INFO:colcon.colcon_core.shell:Creating prefix util module '/home/raspberrypi/ros2_ws/src/robotic_arm_cube_handling/install/_local_setup_util_sh.py'
[12.405s] INFO:colcon.colcon_core.shell:Creating prefix chain script '/home/raspberrypi/ros2_ws/src/robotic_arm_cube_handling/install/setup.sh'
[12.411s] INFO:colcon.colcon_core.shell:Creating prefix script '/home/raspberrypi/ros2_ws/src/robotic_arm_cube_handling/install/local_setup.bash'
[12.415s] INFO:colcon.colcon_core.shell:Creating prefix chain script '/home/raspberrypi/ros2_ws/src/robotic_arm_cube_handling/install/setup.bash'
[12.421s] INFO:colcon.colcon_core.shell:Creating prefix script '/home/raspberrypi/ros2_ws/src/robotic_arm_cube_handling/install/local_setup.zsh'
[12.424s] INFO:colcon.colcon_core.shell:Creating prefix chain script '/home/raspberrypi/ros2_ws/src/robotic_arm_cube_handling/install/setup.zsh'
