[1.016s] DEBUG:colcon:Command line arguments: ['/usr/bin/colcon', 'build', '--packages-select', 'robotic_arm_cube_handling']
[1.016s] DEBUG:colcon:Parsed command line arguments: Namespace(log_base=None, log_level=None, verb_name='build', build_base='build', install_base='install', merge_install=False, symlink_install=False, test_result_base=None, continue_on_error=False, executor='parallel', parallel_workers=4, event_handlers=None, ignore_user_meta=False, metas=['./colcon.meta'], base_paths=['.'], packages_ignore=None, packages_ignore_regex=None, paths=None, packages_up_to=None, packages_up_to_regex=None, packages_above=None, packages_above_and_dependencies=None, packages_above_depth=None, packages_select_by_dep=None, packages_skip_by_dep=None, packages_skip_up_to=None, packages_select_build_failed=False, packages_skip_build_finished=False, packages_select_test_failures=False, packages_skip_test_passed=False, packages_select=['robotic_arm_cube_handling'], packages_skip=None, packages_select_regex=None, packages_skip_regex=None, packages_start=None, packages_end=None, allow_overriding=[], cmake_args=None, cmake_target=None, cmake_target_skip_unavailable=False, cmake_clean_cache=False, cmake_clean_first=False, cmake_force_configure=False, ament_cmake_args=None, catkin_cmake_args=None, catkin_skip_building_tests=False, mixin_files=None, mixin=None, verb_parser=<colcon_mixin.mixin.mixin_argument.MixinArgumentDecorator object at 0xffff865e6060>, verb_extension=<colcon_core.verb.build.BuildVerb object at 0xffff867d4ec0>, main=<bound method BuildVerb.main of <colcon_core.verb.build.BuildVerb object at 0xffff867d4ec0>>, mixin_verb=('build',))
[1.346s] Level 1:colcon.colcon_core.package_discovery:discover_packages(colcon_meta) check parameters
[1.347s] Level 1:colcon.colcon_core.package_discovery:discover_packages(recursive) check parameters
[1.347s] Level 1:colcon.colcon_core.package_discovery:discover_packages(ignore) check parameters
[1.347s] Level 1:colcon.colcon_core.package_discovery:discover_packages(path) check parameters
[1.348s] Level 1:colcon.colcon_core.package_discovery:discover_packages(colcon_meta) discover
[1.348s] Level 1:colcon.colcon_core.package_discovery:discover_packages(recursive) discover
[1.348s] INFO:colcon.colcon_core.package_discovery:Crawling recursively for packages in '/home/raspberrypi/ros2_ws/src/robotic_arm_cube_handling'
[1.349s] Level 1:colcon.colcon_core.package_identification:_identify(.) by extensions ['ignore', 'ignore_ament_install']
[1.350s] Level 1:colcon.colcon_core.package_identification:_identify(.) by extension 'ignore'
[1.350s] Level 1:colcon.colcon_core.package_identification:_identify(.) by extension 'ignore_ament_install'
[1.351s] Level 1:colcon.colcon_core.package_identification:_identify(.) by extensions ['colcon_pkg']
[1.351s] Level 1:colcon.colcon_core.package_identification:_identify(.) by extension 'colcon_pkg'
[1.352s] Level 1:colcon.colcon_core.package_identification:_identify(.) by extensions ['colcon_meta']
[1.352s] Level 1:colcon.colcon_core.package_identification:_identify(.) by extension 'colcon_meta'
[1.352s] Level 1:colcon.colcon_core.package_identification:_identify(.) by extensions ['ros']
[1.352s] Level 1:colcon.colcon_core.package_identification:_identify(.) by extension 'ros'
[1.591s] DEBUG:colcon.colcon_core.package_identification:Package '.' with type 'ros.catkin' and name 'robotic_arm_cube_handling'
[1.592s] Level 1:colcon.colcon_core.package_discovery:discover_packages(recursive) using defaults
[1.592s] Level 1:colcon.colcon_core.package_discovery:discover_packages(ignore) discover
[1.592s] Level 1:colcon.colcon_core.package_discovery:discover_packages(ignore) using defaults
[1.593s] Level 1:colcon.colcon_core.package_discovery:discover_packages(path) discover
[1.593s] Level 1:colcon.colcon_core.package_discovery:discover_packages(path) using defaults
[1.733s] Level 1:colcon.colcon_core.package_discovery:discover_packages(prefix_path) check parameters
[1.733s] Level 1:colcon.colcon_core.package_discovery:discover_packages(prefix_path) discover
[1.758s] DEBUG:colcon.colcon_installed_package_information.package_discovery:Found 193 installed packages in /opt/ros/jazzy
[1.764s] Level 1:colcon.colcon_core.package_discovery:discover_packages(prefix_path) using defaults
[2.067s] Level 5:colcon.colcon_core.verb:set package 'robotic_arm_cube_handling' build argument 'cmake_args' from command line to 'None'
[2.067s] Level 5:colcon.colcon_core.verb:set package 'robotic_arm_cube_handling' build argument 'cmake_target' from command line to 'None'
[2.068s] Level 5:colcon.colcon_core.verb:set package 'robotic_arm_cube_handling' build argument 'cmake_target_skip_unavailable' from command line to 'False'
[2.068s] Level 5:colcon.colcon_core.verb:set package 'robotic_arm_cube_handling' build argument 'cmake_clean_cache' from command line to 'False'
[2.068s] Level 5:colcon.colcon_core.verb:set package 'robotic_arm_cube_handling' build argument 'cmake_clean_first' from command line to 'False'
[2.068s] Level 5:colcon.colcon_core.verb:set package 'robotic_arm_cube_handling' build argument 'cmake_force_configure' from command line to 'False'
[2.068s] Level 5:colcon.colcon_core.verb:set package 'robotic_arm_cube_handling' build argument 'ament_cmake_args' from command line to 'None'
[2.068s] Level 5:colcon.colcon_core.verb:set package 'robotic_arm_cube_handling' build argument 'catkin_cmake_args' from command line to 'None'
[2.069s] Level 5:colcon.colcon_core.verb:set package 'robotic_arm_cube_handling' build argument 'catkin_skip_building_tests' from command line to 'False'
[2.069s] DEBUG:colcon.colcon_core.verb:Building package 'robotic_arm_cube_handling' with the following arguments: {'ament_cmake_args': None, 'build_base': '/home/raspberrypi/ros2_ws/src/robotic_arm_cube_handling/build/robotic_arm_cube_handling', 'catkin_cmake_args': None, 'catkin_skip_building_tests': False, 'cmake_args': None, 'cmake_clean_cache': False, 'cmake_clean_first': False, 'cmake_force_configure': False, 'cmake_target': None, 'cmake_target_skip_unavailable': False, 'install_base': '/home/raspberrypi/ros2_ws/src/robotic_arm_cube_handling/install/robotic_arm_cube_handling', 'merge_install': False, 'path': '/home/raspberrypi/ros2_ws/src/robotic_arm_cube_handling', 'symlink_install': False, 'test_result_base': None}
[2.070s] INFO:colcon.colcon_core.executor:Executing jobs using 'parallel' executor
[2.076s] DEBUG:colcon.colcon_parallel_executor.executor.parallel:run_until_complete
[2.077s] INFO:colcon.colcon_ros.task.catkin.build:Building ROS package in '/home/raspberrypi/ros2_ws/src/robotic_arm_cube_handling' with build type 'catkin'
[2.079s] INFO:colcon.colcon_cmake.task.cmake.build:Building CMake package in '/home/raspberrypi/ros2_ws/src/robotic_arm_cube_handling'
[2.096s] INFO:colcon.colcon_core.plugin_system:Skipping extension 'colcon_core.shell.bat': Not used on non-Windows systems
[2.097s] INFO:colcon.colcon_core.shell:Skip shell extension 'powershell' for command environment: Not usable outside of PowerShell
[2.098s] DEBUG:colcon.colcon_core.shell:Skip shell extension 'dsv' for command environment
[2.162s] DEBUG:colcon.colcon_core.event_handler.log_command:Invoking command in '/home/raspberrypi/ros2_ws/src/robotic_arm_cube_handling/build/robotic_arm_cube_handling': /usr/bin/cmake /home/raspberrypi/ros2_ws/src/robotic_arm_cube_handling -DCATKIN_INSTALL_INTO_PREFIX_ROOT=0 -DCMAKE_INSTALL_PREFIX=/home/raspberrypi/ros2_ws/src/robotic_arm_cube_handling/install/robotic_arm_cube_handling
[31.979s] DEBUG:colcon.colcon_core.event_handler.log_command:Invoked command in '/home/raspberrypi/ros2_ws/src/robotic_arm_cube_handling/build/robotic_arm_cube_handling' returned '0': /usr/bin/cmake /home/raspberrypi/ros2_ws/src/robotic_arm_cube_handling -DCATKIN_INSTALL_INTO_PREFIX_ROOT=0 -DCMAKE_INSTALL_PREFIX=/home/raspberrypi/ros2_ws/src/robotic_arm_cube_handling/install/robotic_arm_cube_handling
[31.993s] DEBUG:colcon.colcon_core.event_handler.log_command:Invoking command in '/home/raspberrypi/ros2_ws/src/robotic_arm_cube_handling/build/robotic_arm_cube_handling': /usr/bin/cmake --build /home/raspberrypi/ros2_ws/src/robotic_arm_cube_handling/build/robotic_arm_cube_handling -- -j4 -l4
[61.372s] DEBUG:colcon.colcon_core.event_handler.log_command:Invoked command in '/home/raspberrypi/ros2_ws/src/robotic_arm_cube_handling/build/robotic_arm_cube_handling' returned '0': /usr/bin/cmake --build /home/raspberrypi/ros2_ws/src/robotic_arm_cube_handling/build/robotic_arm_cube_handling -- -j4 -l4
[62.785s] DEBUG:colcon.colcon_core.event_handler.log_command:Invoking command in '/home/raspberrypi/ros2_ws/src/robotic_arm_cube_handling/build/robotic_arm_cube_handling': /usr/bin/cmake --install /home/raspberrypi/ros2_ws/src/robotic_arm_cube_handling/build/robotic_arm_cube_handling
[63.594s] DEBUG:colcon.colcon_core.event_handler.log_command:Invoked command in '/home/raspberrypi/ros2_ws/src/robotic_arm_cube_handling/build/robotic_arm_cube_handling' returned '1': /usr/bin/cmake --install /home/raspberrypi/ros2_ws/src/robotic_arm_cube_handling/build/robotic_arm_cube_handling
[64.252s] Level 1:colcon.colcon_core.shell:create_environment_hook('robotic_arm_cube_handling', 'ros_package_path')
[64.254s] INFO:colcon.colcon_core.shell:Creating environment hook '/home/raspberrypi/ros2_ws/src/robotic_arm_cube_handling/install/robotic_arm_cube_handling/share/robotic_arm_cube_handling/hook/ros_package_path.ps1'
[64.258s] INFO:colcon.colcon_core.shell:Creating environment descriptor '/home/raspberrypi/ros2_ws/src/robotic_arm_cube_handling/install/robotic_arm_cube_handling/share/robotic_arm_cube_handling/hook/ros_package_path.dsv'
[64.263s] INFO:colcon.colcon_core.shell:Creating environment hook '/home/raspberrypi/ros2_ws/src/robotic_arm_cube_handling/install/robotic_arm_cube_handling/share/robotic_arm_cube_handling/hook/ros_package_path.sh'
[64.270s] Level 1:colcon.colcon_ros.task.catkin:checking '/home/raspberrypi/ros2_ws/src/robotic_arm_cube_handling/install/robotic_arm_cube_handling/lib/python3.12/site-packages'
[64.271s] Level 1:colcon.colcon_core.shell:create_environment_hook('robotic_arm_cube_handling', 'catkin_pythonpath')
[64.272s] INFO:colcon.colcon_core.shell:Creating environment hook '/home/raspberrypi/ros2_ws/src/robotic_arm_cube_handling/install/robotic_arm_cube_handling/share/robotic_arm_cube_handling/hook/catkin_pythonpath.ps1'
[64.275s] INFO:colcon.colcon_core.shell:Creating environment descriptor '/home/raspberrypi/ros2_ws/src/robotic_arm_cube_handling/install/robotic_arm_cube_handling/share/robotic_arm_cube_handling/hook/catkin_pythonpath.dsv'
[64.278s] INFO:colcon.colcon_core.shell:Creating environment hook '/home/raspberrypi/ros2_ws/src/robotic_arm_cube_handling/install/robotic_arm_cube_handling/share/robotic_arm_cube_handling/hook/catkin_pythonpath.sh'
[64.281s] Level 1:colcon.colcon_core.shell:create_environment_hook('robotic_arm_cube_handling', 'pkg_config_path')
[64.283s] INFO:colcon.colcon_core.shell:Creating environment hook '/home/raspberrypi/ros2_ws/src/robotic_arm_cube_handling/install/robotic_arm_cube_handling/share/robotic_arm_cube_handling/hook/pkg_config_path.ps1'
[64.286s] INFO:colcon.colcon_core.shell:Creating environment descriptor '/home/raspberrypi/ros2_ws/src/robotic_arm_cube_handling/install/robotic_arm_cube_handling/share/robotic_arm_cube_handling/hook/pkg_config_path.dsv'
[64.289s] INFO:colcon.colcon_core.shell:Creating environment hook '/home/raspberrypi/ros2_ws/src/robotic_arm_cube_handling/install/robotic_arm_cube_handling/share/robotic_arm_cube_handling/hook/pkg_config_path.sh'
[64.302s] Level 1:colcon.colcon_core.shell:create_environment_hook('robotic_arm_cube_handling', 'pkg_config_path_multiarch')
[64.304s] INFO:colcon.colcon_core.shell:Creating environment hook '/home/raspberrypi/ros2_ws/src/robotic_arm_cube_handling/install/robotic_arm_cube_handling/share/robotic_arm_cube_handling/hook/pkg_config_path_multiarch.ps1'
[64.308s] INFO:colcon.colcon_core.shell:Creating environment descriptor '/home/raspberrypi/ros2_ws/src/robotic_arm_cube_handling/install/robotic_arm_cube_handling/share/robotic_arm_cube_handling/hook/pkg_config_path_multiarch.dsv'
[64.312s] INFO:colcon.colcon_core.shell:Creating environment hook '/home/raspberrypi/ros2_ws/src/robotic_arm_cube_handling/install/robotic_arm_cube_handling/share/robotic_arm_cube_handling/hook/pkg_config_path_multiarch.sh'
[64.320s] Level 1:colcon.colcon_core.environment:create_environment_scripts_only(robotic_arm_cube_handling)
[64.338s] Level 1:colcon.colcon_core.environment:checking '/home/raspberrypi/ros2_ws/src/robotic_arm_cube_handling/install/robotic_arm_cube_handling' for CMake module files
[64.343s] Level 1:colcon.colcon_core.environment:checking '/home/raspberrypi/ros2_ws/src/robotic_arm_cube_handling/install/robotic_arm_cube_handling' for CMake config files
[64.353s] Level 1:colcon.colcon_core.environment:checking '/home/raspberrypi/ros2_ws/src/robotic_arm_cube_handling/install/robotic_arm_cube_handling/lib'
[64.355s] Level 1:colcon.colcon_core.shell:create_environment_hook('robotic_arm_cube_handling', 'ld_library_path_lib')
[64.356s] INFO:colcon.colcon_core.shell:Creating environment hook '/home/raspberrypi/ros2_ws/src/robotic_arm_cube_handling/install/robotic_arm_cube_handling/share/robotic_arm_cube_handling/hook/ld_library_path_lib.ps1'
[64.359s] INFO:colcon.colcon_core.shell:Creating environment descriptor '/home/raspberrypi/ros2_ws/src/robotic_arm_cube_handling/install/robotic_arm_cube_handling/share/robotic_arm_cube_handling/hook/ld_library_path_lib.dsv'
[64.363s] INFO:colcon.colcon_core.shell:Creating environment hook '/home/raspberrypi/ros2_ws/src/robotic_arm_cube_handling/install/robotic_arm_cube_handling/share/robotic_arm_cube_handling/hook/ld_library_path_lib.sh'
[64.366s] Level 1:colcon.colcon_core.environment:checking '/home/raspberrypi/ros2_ws/src/robotic_arm_cube_handling/install/robotic_arm_cube_handling/bin'
[64.367s] Level 1:colcon.colcon_core.environment:checking '/home/raspberrypi/ros2_ws/src/robotic_arm_cube_handling/install/robotic_arm_cube_handling/lib/pkgconfig/robotic_arm_cube_handling.pc'
[64.369s] Level 1:colcon.colcon_core.environment:checking '/home/raspberrypi/ros2_ws/src/robotic_arm_cube_handling/install/robotic_arm_cube_handling/lib/python3.12/site-packages'
[64.370s] Level 1:colcon.colcon_core.shell:create_environment_hook('robotic_arm_cube_handling', 'pythonpath')
[64.371s] INFO:colcon.colcon_core.shell:Creating environment hook '/home/raspberrypi/ros2_ws/src/robotic_arm_cube_handling/install/robotic_arm_cube_handling/share/robotic_arm_cube_handling/hook/pythonpath.ps1'
[64.374s] INFO:colcon.colcon_core.shell:Creating environment descriptor '/home/raspberrypi/ros2_ws/src/robotic_arm_cube_handling/install/robotic_arm_cube_handling/share/robotic_arm_cube_handling/hook/pythonpath.dsv'
[64.377s] INFO:colcon.colcon_core.shell:Creating environment hook '/home/raspberrypi/ros2_ws/src/robotic_arm_cube_handling/install/robotic_arm_cube_handling/share/robotic_arm_cube_handling/hook/pythonpath.sh'
[64.382s] Level 1:colcon.colcon_core.environment:checking '/home/raspberrypi/ros2_ws/src/robotic_arm_cube_handling/install/robotic_arm_cube_handling/bin'
[64.385s] INFO:colcon.colcon_core.shell:Creating package script '/home/raspberrypi/ros2_ws/src/robotic_arm_cube_handling/install/robotic_arm_cube_handling/share/robotic_arm_cube_handling/package.ps1'
[64.391s] INFO:colcon.colcon_core.shell:Creating package descriptor '/home/raspberrypi/ros2_ws/src/robotic_arm_cube_handling/install/robotic_arm_cube_handling/share/robotic_arm_cube_handling/package.dsv'
[64.397s] INFO:colcon.colcon_core.shell:Creating package script '/home/raspberrypi/ros2_ws/src/robotic_arm_cube_handling/install/robotic_arm_cube_handling/share/robotic_arm_cube_handling/package.sh'
[64.404s] INFO:colcon.colcon_core.shell:Creating package script '/home/raspberrypi/ros2_ws/src/robotic_arm_cube_handling/install/robotic_arm_cube_handling/share/robotic_arm_cube_handling/package.bash'
[64.409s] INFO:colcon.colcon_core.shell:Creating package script '/home/raspberrypi/ros2_ws/src/robotic_arm_cube_handling/install/robotic_arm_cube_handling/share/robotic_arm_cube_handling/package.zsh'
[64.414s] Level 1:colcon.colcon_core.environment:create_file_with_runtime_dependencies(/home/raspberrypi/ros2_ws/src/robotic_arm_cube_handling/install/robotic_arm_cube_handling/share/colcon-core/packages/robotic_arm_cube_handling)
[64.428s] DEBUG:colcon.colcon_parallel_executor.executor.parallel:closing loop
[64.429s] DEBUG:colcon.colcon_parallel_executor.executor.parallel:loop closed
[64.429s] DEBUG:colcon.colcon_parallel_executor.executor.parallel:run_until_complete finished with '1'
[64.430s] DEBUG:colcon.colcon_core.event_reactor:joining thread
[64.473s] INFO:colcon.colcon_core.plugin_system:Skipping extension 'colcon_notification.desktop_notification.notify_send': Could not find 'notify-send'
[64.474s] INFO:colcon.colcon_core.plugin_system:Skipping extension 'colcon_notification.desktop_notification.terminal_notifier': Not used on non-Darwin systems
[64.475s] INFO:colcon.colcon_core.plugin_system:Skipping extension 'colcon_notification.desktop_notification.win32': Not used on non-Windows systems
[64.475s] INFO:colcon.colcon_notification.desktop_notification:Sending desktop notification using 'notify2'
[64.481s] DEBUG:colcon.colcon_notification.desktop_notification.notify2:Failed to initialize notify2: org.freedesktop.DBus.Error.ServiceUnknown: The name org.freedesktop.Notifications was not provided by any .service files
[64.482s] DEBUG:colcon.colcon_core.event_reactor:joined thread
[64.483s] INFO:colcon.colcon_core.shell:Creating prefix script '/home/raspberrypi/ros2_ws/src/robotic_arm_cube_handling/install/local_setup.ps1'
[64.490s] INFO:colcon.colcon_core.shell:Creating prefix util module '/home/raspberrypi/ros2_ws/src/robotic_arm_cube_handling/install/_local_setup_util_ps1.py'
[64.500s] INFO:colcon.colcon_core.shell:Creating prefix chain script '/home/raspberrypi/ros2_ws/src/robotic_arm_cube_handling/install/setup.ps1'
[64.506s] INFO:colcon.colcon_core.shell:Creating prefix script '/home/raspberrypi/ros2_ws/src/robotic_arm_cube_handling/install/local_setup.sh'
[64.511s] INFO:colcon.colcon_core.shell:Creating prefix util module '/home/raspberrypi/ros2_ws/src/robotic_arm_cube_handling/install/_local_setup_util_sh.py'
[64.516s] INFO:colcon.colcon_core.shell:Creating prefix chain script '/home/raspberrypi/ros2_ws/src/robotic_arm_cube_handling/install/setup.sh'
[64.523s] INFO:colcon.colcon_core.shell:Creating prefix script '/home/raspberrypi/ros2_ws/src/robotic_arm_cube_handling/install/local_setup.bash'
[64.527s] INFO:colcon.colcon_core.shell:Creating prefix chain script '/home/raspberrypi/ros2_ws/src/robotic_arm_cube_handling/install/setup.bash'
[64.533s] INFO:colcon.colcon_core.shell:Creating prefix script '/home/raspberrypi/ros2_ws/src/robotic_arm_cube_handling/install/local_setup.zsh'
[64.538s] INFO:colcon.colcon_core.shell:Creating prefix chain script '/home/raspberrypi/ros2_ws/src/robotic_arm_cube_handling/install/setup.zsh'
