[  2%] Built target robotic_arm_cube_handling__rosidl_generator_type_description
[  2%] Built target ament_cmake_python_copy_robotic_arm_cube_handling
[  5%] Built target robotic_arm_cube_handling__cpp
[ 20%] Built target robotic_arm_cube_handling__rosidl_generator_c
[ 29%] Built target robotic_arm_cube_handling__rosidl_typesupport_cpp
[ 38%] Built target robotic_arm_cube_handling__rosidl_typesupport_fastrtps_c
[ 47%] Built target robotic_arm_cube_handling__rosidl_typesupport_fastrtps_cpp
[ 64%] Built target robotic_arm_cube_handling__rosidl_typesupport_c
[ 64%] Built target robotic_arm_cube_handling__rosidl_typesupport_introspection_c
[ 73%] Built target robotic_arm_cube_handling__rosidl_typesupport_introspection_cpp
[ 73%] Built target robotic_arm_cube_handling
[ 76%] Built target robotic_arm_cube_handling__py
[ 82%] Built target robotic_arm_cube_handling__rosidl_generator_py
[ 88%] Built target robotic_arm_cube_handling_s__rosidl_typesupport_fastrtps_c
[ 94%] Built target robotic_arm_cube_handling_s__rosidl_typesupport_introspection_c
[100%] Built target robotic_arm_cube_handling_s__rosidl_typesupport_c
running egg_info
writing robotic_arm_cube_handling.egg-info/PKG-INFO
writing dependency_links to robotic_arm_cube_handling.egg-info/dependency_links.txt
writing top-level names to robotic_arm_cube_handling.egg-info/top_level.txt
reading manifest file 'robotic_arm_cube_handling.egg-info/SOURCES.txt'
writing manifest file 'robotic_arm_cube_handling.egg-info/SOURCES.txt'
[100%] Built target ament_cmake_python_build_robotic_arm_cube_handling_egg
-- Install configuration: ""
-- Up-to-date: /home/raspberrypi/ros2_ws/src/robotic_arm_cube_handling/install/robotic_arm_cube_handling/share/ament_index/resource_index/rosidl_interfaces/robotic_arm_cube_handling
-- Up-to-date: /home/raspberrypi/ros2_ws/src/robotic_arm_cube_handling/install/robotic_arm_cube_handling/share/robotic_arm_cube_handling/msg/CalibrationParams.json
-- Up-to-date: /home/raspberrypi/ros2_ws/src/robotic_arm_cube_handling/install/robotic_arm_cube_handling/include/robotic_arm_cube_handling/robotic_arm_cube_handling
-- Up-to-date: /home/raspberrypi/ros2_ws/src/robotic_arm_cube_handling/install/robotic_arm_cube_handling/include/robotic_arm_cube_handling/robotic_arm_cube_handling/msg
-- Up-to-date: /home/raspberrypi/ros2_ws/src/robotic_arm_cube_handling/install/robotic_arm_cube_handling/include/robotic_arm_cube_handling/robotic_arm_cube_handling/msg/rosidl_generator_c__visibility_control.h
-- Up-to-date: /home/raspberrypi/ros2_ws/src/robotic_arm_cube_handling/install/robotic_arm_cube_handling/include/robotic_arm_cube_handling/robotic_arm_cube_handling/msg/calibration_params.h
-- Up-to-date: /home/raspberrypi/ros2_ws/src/robotic_arm_cube_handling/install/robotic_arm_cube_handling/include/robotic_arm_cube_handling/robotic_arm_cube_handling/msg/detail
-- Installing: /home/raspberrypi/ros2_ws/src/robotic_arm_cube_handling/install/robotic_arm_cube_handling/include/robotic_arm_cube_handling/robotic_arm_cube_handling/msg/detail/calibration_params__type_support.c
-- Up-to-date: /home/raspberrypi/ros2_ws/src/robotic_arm_cube_handling/install/robotic_arm_cube_handling/include/robotic_arm_cube_handling/robotic_arm_cube_handling/msg/detail/calibration_params__type_support.h
-- Up-to-date: /home/raspberrypi/ros2_ws/src/robotic_arm_cube_handling/install/robotic_arm_cube_handling/include/robotic_arm_cube_handling/robotic_arm_cube_handling/msg/detail/calibration_params__functions.h
-- Up-to-date: /home/raspberrypi/ros2_ws/src/robotic_arm_cube_handling/install/robotic_arm_cube_handling/include/robotic_arm_cube_handling/robotic_arm_cube_handling/msg/detail/calibration_params__struct.h
-- Up-to-date: /home/raspberrypi/ros2_ws/src/robotic_arm_cube_handling/install/robotic_arm_cube_handling/include/robotic_arm_cube_handling/robotic_arm_cube_handling/msg/detail/calibration_params__functions.c
-- Up-to-date: /home/raspberrypi/ros2_ws/src/robotic_arm_cube_handling/install/robotic_arm_cube_handling/include/robotic_arm_cube_handling/robotic_arm_cube_handling/msg/detail/calibration_params__description.c
-- Up-to-date: /home/raspberrypi/ros2_ws/src/robotic_arm_cube_handling/install/robotic_arm_cube_handling/share/robotic_arm_cube_handling/environment/library_path.sh
-- Up-to-date: /home/raspberrypi/ros2_ws/src/robotic_arm_cube_handling/install/robotic_arm_cube_handling/share/robotic_arm_cube_handling/environment/library_path.dsv
-- Up-to-date: /home/raspberrypi/ros2_ws/src/robotic_arm_cube_handling/install/robotic_arm_cube_handling/lib/librobotic_arm_cube_handling__rosidl_generator_c.so
-- Up-to-date: /home/raspberrypi/ros2_ws/src/robotic_arm_cube_handling/install/robotic_arm_cube_handling/include/robotic_arm_cube_handling/robotic_arm_cube_handling
-- Up-to-date: /home/raspberrypi/ros2_ws/src/robotic_arm_cube_handling/install/robotic_arm_cube_handling/include/robotic_arm_cube_handling/robotic_arm_cube_handling/msg
-- Up-to-date: /home/raspberrypi/ros2_ws/src/robotic_arm_cube_handling/install/robotic_arm_cube_handling/include/robotic_arm_cube_handling/robotic_arm_cube_handling/msg/rosidl_typesupport_fastrtps_c__visibility_control.h
-- Up-to-date: /home/raspberrypi/ros2_ws/src/robotic_arm_cube_handling/install/robotic_arm_cube_handling/include/robotic_arm_cube_handling/robotic_arm_cube_handling/msg/detail
-- Up-to-date: /home/raspberrypi/ros2_ws/src/robotic_arm_cube_handling/install/robotic_arm_cube_handling/include/robotic_arm_cube_handling/robotic_arm_cube_handling/msg/detail/calibration_params__rosidl_typesupport_fastrtps_c.h
-- Up-to-date: /home/raspberrypi/ros2_ws/src/robotic_arm_cube_handling/install/robotic_arm_cube_handling/lib/librobotic_arm_cube_handling__rosidl_typesupport_fastrtps_c.so
-- Up-to-date: /home/raspberrypi/ros2_ws/src/robotic_arm_cube_handling/install/robotic_arm_cube_handling/include/robotic_arm_cube_handling/robotic_arm_cube_handling
-- Up-to-date: /home/raspberrypi/ros2_ws/src/robotic_arm_cube_handling/install/robotic_arm_cube_handling/include/robotic_arm_cube_handling/robotic_arm_cube_handling/msg
-- Up-to-date: /home/raspberrypi/ros2_ws/src/robotic_arm_cube_handling/install/robotic_arm_cube_handling/include/robotic_arm_cube_handling/robotic_arm_cube_handling/msg/calibration_params.hpp
-- Up-to-date: /home/raspberrypi/ros2_ws/src/robotic_arm_cube_handling/install/robotic_arm_cube_handling/include/robotic_arm_cube_handling/robotic_arm_cube_handling/msg/detail
-- Up-to-date: /home/raspberrypi/ros2_ws/src/robotic_arm_cube_handling/install/robotic_arm_cube_handling/include/robotic_arm_cube_handling/robotic_arm_cube_handling/msg/detail/calibration_params__struct.hpp
-- Up-to-date: /home/raspberrypi/ros2_ws/src/robotic_arm_cube_handling/install/robotic_arm_cube_handling/include/robotic_arm_cube_handling/robotic_arm_cube_handling/msg/detail/calibration_params__type_support.hpp
-- Up-to-date: /home/raspberrypi/ros2_ws/src/robotic_arm_cube_handling/install/robotic_arm_cube_handling/include/robotic_arm_cube_handling/robotic_arm_cube_handling/msg/detail/calibration_params__builder.hpp
-- Up-to-date: /home/raspberrypi/ros2_ws/src/robotic_arm_cube_handling/install/robotic_arm_cube_handling/include/robotic_arm_cube_handling/robotic_arm_cube_handling/msg/detail/calibration_params__traits.hpp
-- Up-to-date: /home/raspberrypi/ros2_ws/src/robotic_arm_cube_handling/install/robotic_arm_cube_handling/include/robotic_arm_cube_handling/robotic_arm_cube_handling/msg/rosidl_generator_cpp__visibility_control.hpp
-- Up-to-date: /home/raspberrypi/ros2_ws/src/robotic_arm_cube_handling/install/robotic_arm_cube_handling/include/robotic_arm_cube_handling/robotic_arm_cube_handling
-- Up-to-date: /home/raspberrypi/ros2_ws/src/robotic_arm_cube_handling/install/robotic_arm_cube_handling/include/robotic_arm_cube_handling/robotic_arm_cube_handling/msg
-- Up-to-date: /home/raspberrypi/ros2_ws/src/robotic_arm_cube_handling/install/robotic_arm_cube_handling/include/robotic_arm_cube_handling/robotic_arm_cube_handling/msg/rosidl_typesupport_fastrtps_cpp__visibility_control.h
-- Up-to-date: /home/raspberrypi/ros2_ws/src/robotic_arm_cube_handling/install/robotic_arm_cube_handling/include/robotic_arm_cube_handling/robotic_arm_cube_handling/msg/detail
-- Up-to-date: /home/raspberrypi/ros2_ws/src/robotic_arm_cube_handling/install/robotic_arm_cube_handling/include/robotic_arm_cube_handling/robotic_arm_cube_handling/msg/detail/calibration_params__rosidl_typesupport_fastrtps_cpp.hpp
-- Up-to-date: /home/raspberrypi/ros2_ws/src/robotic_arm_cube_handling/install/robotic_arm_cube_handling/include/robotic_arm_cube_handling/robotic_arm_cube_handling/msg/detail/dds_fastrtps
-- Up-to-date: /home/raspberrypi/ros2_ws/src/robotic_arm_cube_handling/install/robotic_arm_cube_handling/lib/librobotic_arm_cube_handling__rosidl_typesupport_fastrtps_cpp.so
-- Up-to-date: /home/raspberrypi/ros2_ws/src/robotic_arm_cube_handling/install/robotic_arm_cube_handling/include/robotic_arm_cube_handling/robotic_arm_cube_handling
-- Up-to-date: /home/raspberrypi/ros2_ws/src/robotic_arm_cube_handling/install/robotic_arm_cube_handling/include/robotic_arm_cube_handling/robotic_arm_cube_handling/msg
-- Up-to-date: /home/raspberrypi/ros2_ws/src/robotic_arm_cube_handling/install/robotic_arm_cube_handling/include/robotic_arm_cube_handling/robotic_arm_cube_handling/msg/rosidl_typesupport_introspection_c__visibility_control.h
-- Up-to-date: /home/raspberrypi/ros2_ws/src/robotic_arm_cube_handling/install/robotic_arm_cube_handling/include/robotic_arm_cube_handling/robotic_arm_cube_handling/msg/detail
-- Installing: /home/raspberrypi/ros2_ws/src/robotic_arm_cube_handling/install/robotic_arm_cube_handling/include/robotic_arm_cube_handling/robotic_arm_cube_handling/msg/detail/calibration_params__type_support.c
-- Up-to-date: /home/raspberrypi/ros2_ws/src/robotic_arm_cube_handling/install/robotic_arm_cube_handling/include/robotic_arm_cube_handling/robotic_arm_cube_handling/msg/detail/calibration_params__rosidl_typesupport_introspection_c.h
-- Up-to-date: /home/raspberrypi/ros2_ws/src/robotic_arm_cube_handling/install/robotic_arm_cube_handling/lib/librobotic_arm_cube_handling__rosidl_typesupport_introspection_c.so
-- Up-to-date: /home/raspberrypi/ros2_ws/src/robotic_arm_cube_handling/install/robotic_arm_cube_handling/lib/librobotic_arm_cube_handling__rosidl_typesupport_c.so
-- Up-to-date: /home/raspberrypi/ros2_ws/src/robotic_arm_cube_handling/install/robotic_arm_cube_handling/include/robotic_arm_cube_handling/robotic_arm_cube_handling
-- Up-to-date: /home/raspberrypi/ros2_ws/src/robotic_arm_cube_handling/install/robotic_arm_cube_handling/include/robotic_arm_cube_handling/robotic_arm_cube_handling/msg
-- Up-to-date: /home/raspberrypi/ros2_ws/src/robotic_arm_cube_handling/install/robotic_arm_cube_handling/include/robotic_arm_cube_handling/robotic_arm_cube_handling/msg/detail
-- Up-to-date: /home/raspberrypi/ros2_ws/src/robotic_arm_cube_handling/install/robotic_arm_cube_handling/include/robotic_arm_cube_handling/robotic_arm_cube_handling/msg/detail/calibration_params__type_support.cpp
-- Up-to-date: /home/raspberrypi/ros2_ws/src/robotic_arm_cube_handling/install/robotic_arm_cube_handling/include/robotic_arm_cube_handling/robotic_arm_cube_handling/msg/detail/calibration_params__rosidl_typesupport_introspection_cpp.hpp
-- Up-to-date: /home/raspberrypi/ros2_ws/src/robotic_arm_cube_handling/install/robotic_arm_cube_handling/lib/librobotic_arm_cube_handling__rosidl_typesupport_introspection_cpp.so
-- Up-to-date: /home/raspberrypi/ros2_ws/src/robotic_arm_cube_handling/install/robotic_arm_cube_handling/lib/librobotic_arm_cube_handling__rosidl_typesupport_cpp.so
-- Up-to-date: /home/raspberrypi/ros2_ws/src/robotic_arm_cube_handling/install/robotic_arm_cube_handling/share/robotic_arm_cube_handling/environment/pythonpath.sh
-- Up-to-date: /home/raspberrypi/ros2_ws/src/robotic_arm_cube_handling/install/robotic_arm_cube_handling/share/robotic_arm_cube_handling/environment/pythonpath.dsv
-- Up-to-date: /home/raspberrypi/ros2_ws/src/robotic_arm_cube_handling/install/robotic_arm_cube_handling/lib/python3.12/site-packages/robotic_arm_cube_handling-0.0.0-py3.12.egg-info
-- Installing: /home/raspberrypi/ros2_ws/src/robotic_arm_cube_handling/install/robotic_arm_cube_handling/lib/python3.12/site-packages/robotic_arm_cube_handling-0.0.0-py3.12.egg-info/dependency_links.txt
-- Installing: /home/raspberrypi/ros2_ws/src/robotic_arm_cube_handling/install/robotic_arm_cube_handling/lib/python3.12/site-packages/robotic_arm_cube_handling-0.0.0-py3.12.egg-info/PKG-INFO
-- Installing: /home/raspberrypi/ros2_ws/src/robotic_arm_cube_handling/install/robotic_arm_cube_handling/lib/python3.12/site-packages/robotic_arm_cube_handling-0.0.0-py3.12.egg-info/top_level.txt
-- Installing: /home/raspberrypi/ros2_ws/src/robotic_arm_cube_handling/install/robotic_arm_cube_handling/lib/python3.12/site-packages/robotic_arm_cube_handling-0.0.0-py3.12.egg-info/SOURCES.txt
-- Up-to-date: /home/raspberrypi/ros2_ws/src/robotic_arm_cube_handling/install/robotic_arm_cube_handling/lib/python3.12/site-packages/robotic_arm_cube_handling
-- Up-to-date: /home/raspberrypi/ros2_ws/src/robotic_arm_cube_handling/install/robotic_arm_cube_handling/lib/python3.12/site-packages/robotic_arm_cube_handling/robotic_arm_cube_handling_s__rosidl_typesupport_introspection_c.so
-- Up-to-date: /home/raspberrypi/ros2_ws/src/robotic_arm_cube_handling/install/robotic_arm_cube_handling/lib/python3.12/site-packages/robotic_arm_cube_handling/robotic_arm_cube_handling_s__rosidl_typesupport_fastrtps_c.so
-- Up-to-date: /home/raspberrypi/ros2_ws/src/robotic_arm_cube_handling/install/robotic_arm_cube_handling/lib/python3.12/site-packages/robotic_arm_cube_handling/robotic_arm_cube_handling_s__rosidl_typesupport_c.so
-- Up-to-date: /home/raspberrypi/ros2_ws/src/robotic_arm_cube_handling/install/robotic_arm_cube_handling/lib/python3.12/site-packages/robotic_arm_cube_handling/msg
-- Up-to-date: /home/raspberrypi/ros2_ws/src/robotic_arm_cube_handling/install/robotic_arm_cube_handling/lib/python3.12/site-packages/robotic_arm_cube_handling/msg/_calibration_params.py
-- Up-to-date: /home/raspberrypi/ros2_ws/src/robotic_arm_cube_handling/install/robotic_arm_cube_handling/lib/python3.12/site-packages/robotic_arm_cube_handling/msg/_calibration_params_s.c
-- Up-to-date: /home/raspberrypi/ros2_ws/src/robotic_arm_cube_handling/install/robotic_arm_cube_handling/lib/python3.12/site-packages/robotic_arm_cube_handling/msg/__init__.py
-- Up-to-date: /home/raspberrypi/ros2_ws/src/robotic_arm_cube_handling/install/robotic_arm_cube_handling/lib/python3.12/site-packages/robotic_arm_cube_handling/_robotic_arm_cube_handling_s.ep.rosidl_typesupport_introspection_c.c
-- Up-to-date: /home/raspberrypi/ros2_ws/src/robotic_arm_cube_handling/install/robotic_arm_cube_handling/lib/python3.12/site-packages/robotic_arm_cube_handling/__init__.py
-- Up-to-date: /home/raspberrypi/ros2_ws/src/robotic_arm_cube_handling/install/robotic_arm_cube_handling/lib/python3.12/site-packages/robotic_arm_cube_handling/_robotic_arm_cube_handling_s.ep.rosidl_typesupport_c.c
-- Up-to-date: /home/raspberrypi/ros2_ws/src/robotic_arm_cube_handling/install/robotic_arm_cube_handling/lib/python3.12/site-packages/robotic_arm_cube_handling/_robotic_arm_cube_handling_s.ep.rosidl_typesupport_fastrtps_c.c
Listing '/home/raspberrypi/ros2_ws/src/robotic_arm_cube_handling/install/robotic_arm_cube_handling/lib/python3.12/site-packages/robotic_arm_cube_handling'...
Listing '/home/raspberrypi/ros2_ws/src/robotic_arm_cube_handling/install/robotic_arm_cube_handling/lib/python3.12/site-packages/robotic_arm_cube_handling/msg'...
-- Up-to-date: /home/raspberrypi/ros2_ws/src/robotic_arm_cube_handling/install/robotic_arm_cube_handling/lib/python3.12/site-packages/robotic_arm_cube_handling/robotic_arm_cube_handling_s__rosidl_typesupport_fastrtps_c.so
-- Up-to-date: /home/raspberrypi/ros2_ws/src/robotic_arm_cube_handling/install/robotic_arm_cube_handling/lib/python3.12/site-packages/robotic_arm_cube_handling/robotic_arm_cube_handling_s__rosidl_typesupport_introspection_c.so
-- Up-to-date: /home/raspberrypi/ros2_ws/src/robotic_arm_cube_handling/install/robotic_arm_cube_handling/lib/python3.12/site-packages/robotic_arm_cube_handling/robotic_arm_cube_handling_s__rosidl_typesupport_c.so
-- Up-to-date: /home/raspberrypi/ros2_ws/src/robotic_arm_cube_handling/install/robotic_arm_cube_handling/lib/librobotic_arm_cube_handling__rosidl_generator_py.so
-- Up-to-date: /home/raspberrypi/ros2_ws/src/robotic_arm_cube_handling/install/robotic_arm_cube_handling/share/robotic_arm_cube_handling/msg/CalibrationParams.idl
-- Up-to-date: /home/raspberrypi/ros2_ws/src/robotic_arm_cube_handling/install/robotic_arm_cube_handling/share/robotic_arm_cube_handling/msg/CalibrationParams.msg
-- Up-to-date: /home/raspberrypi/ros2_ws/src/robotic_arm_cube_handling/install/robotic_arm_cube_handling/lib/robotic_arm_cube_handling
-- Up-to-date: /home/raspberrypi/ros2_ws/src/robotic_arm_cube_handling/install/robotic_arm_cube_handling/lib/robotic_arm_cube_handling/publish_calibration_params.py
-- Up-to-date: /home/raspberrypi/ros2_ws/src/robotic_arm_cube_handling/install/robotic_arm_cube_handling/lib/robotic_arm_cube_handling/image_processing_node.py
-- Up-to-date: /home/raspberrypi/ros2_ws/src/robotic_arm_cube_handling/install/robotic_arm_cube_handling/lib/robotic_arm_cube_handling/calibration_node.py
-- Up-to-date: /home/raspberrypi/ros2_ws/src/robotic_arm_cube_handling/install/robotic_arm_cube_handling/lib/robotic_arm_cube_handling/camera_node.py
-- Up-to-date: /home/raspberrypi/ros2_ws/src/robotic_arm_cube_handling/install/robotic_arm_cube_handling/share/robotic_arm_cube_handling/launch
-- Up-to-date: /home/raspberrypi/ros2_ws/src/robotic_arm_cube_handling/install/robotic_arm_cube_handling/share/robotic_arm_cube_handling/launch/camera_processing_launch.py
-- Installing: /home/raspberrypi/ros2_ws/src/robotic_arm_cube_handling/install/robotic_arm_cube_handling/share/robotic_arm_cube_handling/config
-- Installing: /home/raspberrypi/ros2_ws/src/robotic_arm_cube_handling/install/robotic_arm_cube_handling/share/robotic_arm_cube_handling/urdf
-- Installing: /home/raspberrypi/ros2_ws/src/robotic_arm_cube_handling/install/robotic_arm_cube_handling/share/robotic_arm_cube_handling/rviz
-- Installing: /home/raspberrypi/ros2_ws/src/robotic_arm_cube_handling/install/robotic_arm_cube_handling/share/ament_index/resource_index/package_run_dependencies/robotic_arm_cube_handling
-- Installing: /home/raspberrypi/ros2_ws/src/robotic_arm_cube_handling/install/robotic_arm_cube_handling/share/ament_index/resource_index/parent_prefix_path/robotic_arm_cube_handling
-- Installing: /home/raspberrypi/ros2_ws/src/robotic_arm_cube_handling/install/robotic_arm_cube_handling/share/robotic_arm_cube_handling/environment/ament_prefix_path.sh
-- Installing: /home/raspberrypi/ros2_ws/src/robotic_arm_cube_handling/install/robotic_arm_cube_handling/share/robotic_arm_cube_handling/environment/ament_prefix_path.dsv
-- Installing: /home/raspberrypi/ros2_ws/src/robotic_arm_cube_handling/install/robotic_arm_cube_handling/share/robotic_arm_cube_handling/environment/path.sh
-- Installing: /home/raspberrypi/ros2_ws/src/robotic_arm_cube_handling/install/robotic_arm_cube_handling/share/robotic_arm_cube_handling/environment/path.dsv
-- Installing: /home/raspberrypi/ros2_ws/src/robotic_arm_cube_handling/install/robotic_arm_cube_handling/share/robotic_arm_cube_handling/local_setup.bash
-- Installing: /home/raspberrypi/ros2_ws/src/robotic_arm_cube_handling/install/robotic_arm_cube_handling/share/robotic_arm_cube_handling/local_setup.sh
-- Installing: /home/raspberrypi/ros2_ws/src/robotic_arm_cube_handling/install/robotic_arm_cube_handling/share/robotic_arm_cube_handling/local_setup.zsh
-- Installing: /home/raspberrypi/ros2_ws/src/robotic_arm_cube_handling/install/robotic_arm_cube_handling/share/robotic_arm_cube_handling/local_setup.dsv
-- Installing: /home/raspberrypi/ros2_ws/src/robotic_arm_cube_handling/install/robotic_arm_cube_handling/share/robotic_arm_cube_handling/package.dsv
-- Installing: /home/raspberrypi/ros2_ws/src/robotic_arm_cube_handling/install/robotic_arm_cube_handling/share/ament_index/resource_index/packages/robotic_arm_cube_handling
-- Installing: /home/raspberrypi/ros2_ws/src/robotic_arm_cube_handling/install/robotic_arm_cube_handling/share/robotic_arm_cube_handling/cmake/export_robotic_arm_cube_handling__rosidl_generator_cExport.cmake
-- Installing: /home/raspberrypi/ros2_ws/src/robotic_arm_cube_handling/install/robotic_arm_cube_handling/share/robotic_arm_cube_handling/cmake/export_robotic_arm_cube_handling__rosidl_generator_cExport-noconfig.cmake
-- Installing: /home/raspberrypi/ros2_ws/src/robotic_arm_cube_handling/install/robotic_arm_cube_handling/share/robotic_arm_cube_handling/cmake/export_robotic_arm_cube_handling__rosidl_typesupport_fastrtps_cExport.cmake
-- Installing: /home/raspberrypi/ros2_ws/src/robotic_arm_cube_handling/install/robotic_arm_cube_handling/share/robotic_arm_cube_handling/cmake/export_robotic_arm_cube_handling__rosidl_typesupport_fastrtps_cExport-noconfig.cmake
-- Installing: /home/raspberrypi/ros2_ws/src/robotic_arm_cube_handling/install/robotic_arm_cube_handling/share/robotic_arm_cube_handling/cmake/export_robotic_arm_cube_handling__rosidl_generator_cppExport.cmake
-- Installing: /home/raspberrypi/ros2_ws/src/robotic_arm_cube_handling/install/robotic_arm_cube_handling/share/robotic_arm_cube_handling/cmake/export_robotic_arm_cube_handling__rosidl_typesupport_fastrtps_cppExport.cmake
-- Installing: /home/raspberrypi/ros2_ws/src/robotic_arm_cube_handling/install/robotic_arm_cube_handling/share/robotic_arm_cube_handling/cmake/export_robotic_arm_cube_handling__rosidl_typesupport_fastrtps_cppExport-noconfig.cmake
-- Installing: /home/raspberrypi/ros2_ws/src/robotic_arm_cube_handling/install/robotic_arm_cube_handling/share/robotic_arm_cube_handling/cmake/robotic_arm_cube_handling__rosidl_typesupport_introspection_cExport.cmake
-- Installing: /home/raspberrypi/ros2_ws/src/robotic_arm_cube_handling/install/robotic_arm_cube_handling/share/robotic_arm_cube_handling/cmake/robotic_arm_cube_handling__rosidl_typesupport_introspection_cExport-noconfig.cmake
-- Installing: /home/raspberrypi/ros2_ws/src/robotic_arm_cube_handling/install/robotic_arm_cube_handling/share/robotic_arm_cube_handling/cmake/robotic_arm_cube_handling__rosidl_typesupport_cExport.cmake
-- Installing: /home/raspberrypi/ros2_ws/src/robotic_arm_cube_handling/install/robotic_arm_cube_handling/share/robotic_arm_cube_handling/cmake/robotic_arm_cube_handling__rosidl_typesupport_cExport-noconfig.cmake
-- Installing: /home/raspberrypi/ros2_ws/src/robotic_arm_cube_handling/install/robotic_arm_cube_handling/share/robotic_arm_cube_handling/cmake/robotic_arm_cube_handling__rosidl_typesupport_introspection_cppExport.cmake
-- Installing: /home/raspberrypi/ros2_ws/src/robotic_arm_cube_handling/install/robotic_arm_cube_handling/share/robotic_arm_cube_handling/cmake/robotic_arm_cube_handling__rosidl_typesupport_introspection_cppExport-noconfig.cmake
-- Installing: /home/raspberrypi/ros2_ws/src/robotic_arm_cube_handling/install/robotic_arm_cube_handling/share/robotic_arm_cube_handling/cmake/robotic_arm_cube_handling__rosidl_typesupport_cppExport.cmake
-- Installing: /home/raspberrypi/ros2_ws/src/robotic_arm_cube_handling/install/robotic_arm_cube_handling/share/robotic_arm_cube_handling/cmake/robotic_arm_cube_handling__rosidl_typesupport_cppExport-noconfig.cmake
-- Installing: /home/raspberrypi/ros2_ws/src/robotic_arm_cube_handling/install/robotic_arm_cube_handling/share/robotic_arm_cube_handling/cmake/export_robotic_arm_cube_handling__rosidl_generator_pyExport.cmake
-- Installing: /home/raspberrypi/ros2_ws/src/robotic_arm_cube_handling/install/robotic_arm_cube_handling/share/robotic_arm_cube_handling/cmake/export_robotic_arm_cube_handling__rosidl_generator_pyExport-noconfig.cmake
-- Installing: /home/raspberrypi/ros2_ws/src/robotic_arm_cube_handling/install/robotic_arm_cube_handling/share/robotic_arm_cube_handling/cmake/rosidl_cmake-extras.cmake
-- Installing: /home/raspberrypi/ros2_ws/src/robotic_arm_cube_handling/install/robotic_arm_cube_handling/share/robotic_arm_cube_handling/cmake/ament_cmake_export_include_directories-extras.cmake
-- Installing: /home/raspberrypi/ros2_ws/src/robotic_arm_cube_handling/install/robotic_arm_cube_handling/share/robotic_arm_cube_handling/cmake/ament_cmake_export_libraries-extras.cmake
-- Installing: /home/raspberrypi/ros2_ws/src/robotic_arm_cube_handling/install/robotic_arm_cube_handling/share/robotic_arm_cube_handling/cmake/ament_cmake_export_targets-extras.cmake
-- Installing: /home/raspberrypi/ros2_ws/src/robotic_arm_cube_handling/install/robotic_arm_cube_handling/share/robotic_arm_cube_handling/cmake/rosidl_cmake_export_typesupport_targets-extras.cmake
-- Installing: /home/raspberrypi/ros2_ws/src/robotic_arm_cube_handling/install/robotic_arm_cube_handling/share/robotic_arm_cube_handling/cmake/ament_cmake_export_dependencies-extras.cmake
-- Installing: /home/raspberrypi/ros2_ws/src/robotic_arm_cube_handling/install/robotic_arm_cube_handling/share/robotic_arm_cube_handling/cmake/rosidl_cmake_export_typesupport_libraries-extras.cmake
-- Installing: /home/raspberrypi/ros2_ws/src/robotic_arm_cube_handling/install/robotic_arm_cube_handling/share/robotic_arm_cube_handling/cmake/robotic_arm_cube_handlingConfig.cmake
-- Installing: /home/raspberrypi/ros2_ws/src/robotic_arm_cube_handling/install/robotic_arm_cube_handling/share/robotic_arm_cube_handling/cmake/robotic_arm_cube_handlingConfig-version.cmake
-- Installing: /home/raspberrypi/ros2_ws/src/robotic_arm_cube_handling/install/robotic_arm_cube_handling/share/robotic_arm_cube_handling/package.xml
