[0.083s] Invoking command in '/home/raspberrypi/ros2_ws/src/robotic_arm_cube_handling/build/robotic_arm_cube_handling': /usr/bin/cmake /home/raspberrypi/ros2_ws/src/robotic_arm_cube_handling -DCATKIN_INSTALL_INTO_PREFIX_ROOT=0 -DCMAKE_INSTALL_PREFIX=/home/raspberrypi/ros2_ws/src/robotic_arm_cube_handling/install/robotic_arm_cube_handling
[0.666s] -- The C compiler identification is GNU 13.2.0
[1.243s] -- The CXX compiler identification is GNU 13.2.0
[1.392s] -- Detecting C compiler ABI info
[2.237s] -- Detecting C compiler ABI info - done
[2.318s] -- Check for working C compiler: /usr/bin/cc - skipped
[2.320s] -- Detecting C compile features
[2.323s] -- Detecting C compile features - done
[2.404s] -- Detecting CXX compiler ABI info
[3.330s] -- Detecting CXX compiler ABI info - done
[3.413s] -- Check for working CXX compiler: /usr/bin/c++ - skipped
[3.416s] -- Detecting CXX compile features
[3.419s] -- Detecting CXX compile features - done
[3.453s] -- Found ament_cmake: 2.5.2 (/opt/ros/jazzy/share/ament_cmake/cmake)
[4.732s] -- Found Python3: /usr/bin/python3 (found version "3.12.3") found components: Interpreter 
[5.723s] -- Found rclpy: 7.1.2 (/opt/ros/jazzy/share/rclpy/cmake)
[5.744s] -- Found sensor_msgs: 5.3.5 (/opt/ros/jazzy/share/sensor_msgs/cmake)
[6.157s] -- Found rosidl_generator_c: 4.6.4 (/opt/ros/jazzy/share/rosidl_generator_c/cmake)
[6.300s] -- Found rosidl_generator_cpp: 4.6.4 (/opt/ros/jazzy/share/rosidl_generator_cpp/cmake)
[6.462s] -- Using all available rosidl_typesupport_c: rosidl_typesupport_fastrtps_c;rosidl_typesupport_introspection_c
[6.642s] -- Using all available rosidl_typesupport_cpp: rosidl_typesupport_fastrtps_cpp;rosidl_typesupport_introspection_cpp
[7.392s] -- Found cv_bridge: 4.1.0 (/opt/ros/jazzy/share/cv_bridge/cmake)
[7.968s] -- Found rmw_implementation_cmake: 7.3.1 (/opt/ros/jazzy/share/rmw_implementation_cmake/cmake)
[8.000s] -- Found rmw_fastrtps_cpp: 8.4.1 (/opt/ros/jazzy/share/rmw_fastrtps_cpp/cmake)
[8.746s] -- Found OpenSSL: /usr/lib/aarch64-linux-gnu/libcrypto.so (found version "3.0.13")  
[8.895s] -- Found FastRTPS: /opt/ros/jazzy/include (Required is at least version "2.13") 
[9.068s] -- Using RMW implementation 'rmw_fastrtps_cpp' as default
[9.683s] -- Found rosidl_default_generators: 1.6.0 (/opt/ros/jazzy/share/rosidl_default_generators/cmake)
[9.834s] -- Found rosidl_adapter: 4.6.4 (/opt/ros/jazzy/share/rosidl_adapter/cmake)
[14.954s] -- Found ament_cmake_ros: 0.12.0 (/opt/ros/jazzy/share/ament_cmake_ros/cmake)
[21.299s] -- Using all available rosidl_typesupport_c: rosidl_typesupport_fastrtps_c;rosidl_typesupport_introspection_c
[23.791s] -- Using all available rosidl_typesupport_cpp: rosidl_typesupport_fastrtps_cpp;rosidl_typesupport_introspection_cpp
[23.819s] -- Found python_cmake_module: 0.11.1 (/opt/ros/jazzy/share/python_cmake_module/cmake)
[25.057s] -- Found PythonExtra: /usr/bin/python3  
[29.009s] -- Found Python3: /usr/bin/python3 (found version "3.12.3") found components: Interpreter Development NumPy Development.Module Development.Embed 
[29.369s] -- Configuring done (29.2s)
[29.762s] -- Generating done (0.3s)
[29.795s] [33mCMake Warning:
[29.796s]   Manually-specified variables were not used by the project:
[29.797s] 
[29.798s]     CATKIN_INSTALL_INTO_PREFIX_ROOT
[29.799s] 
[29.800s] [0m
[29.801s] -- Build files have been written to: /home/raspberrypi/ros2_ws/src/robotic_arm_cube_handling/build/robotic_arm_cube_handling
[29.901s] Invoked command in '/home/raspberrypi/ros2_ws/src/robotic_arm_cube_handling/build/robotic_arm_cube_handling' returned '0': /usr/bin/cmake /home/raspberrypi/ros2_ws/src/robotic_arm_cube_handling -DCATKIN_INSTALL_INTO_PREFIX_ROOT=0 -DCMAKE_INSTALL_PREFIX=/home/raspberrypi/ros2_ws/src/robotic_arm_cube_handling/install/robotic_arm_cube_handling
[29.915s] Invoking command in '/home/raspberrypi/ros2_ws/src/robotic_arm_cube_handling/build/robotic_arm_cube_handling': /usr/bin/cmake --build /home/raspberrypi/ros2_ws/src/robotic_arm_cube_handling/build/robotic_arm_cube_handling -- -j4 -l4
[30.369s] [  2%] [34m[1mGenerating type hashes for ROS interfaces[0m
[30.447s] [  2%] Built target ament_cmake_python_copy_robotic_arm_cube_handling
[32.322s] [  2%] Built target robotic_arm_cube_handling__rosidl_generator_type_description
[32.429s] [  5%] [34m[1mGenerating C code for ROS interfaces[0m
[32.539s] [  8%] [34m[1mGenerating C++ code for ROS interfaces[0m
[32.661s] running egg_info
[32.669s] creating robotic_arm_cube_handling.egg-info
[32.962s] writing robotic_arm_cube_handling.egg-info/PKG-INFO
[32.964s] writing dependency_links to robotic_arm_cube_handling.egg-info/dependency_links.txt
[32.967s] writing top-level names to robotic_arm_cube_handling.egg-info/top_level.txt
[32.969s] writing manifest file 'robotic_arm_cube_handling.egg-info/SOURCES.txt'
[33.774s] reading manifest file 'robotic_arm_cube_handling.egg-info/SOURCES.txt'
[33.779s] writing manifest file 'robotic_arm_cube_handling.egg-info/SOURCES.txt'
[34.147s] [  8%] Built target ament_cmake_python_build_robotic_arm_cube_handling_egg
[35.265s] [  8%] Built target robotic_arm_cube_handling__cpp
[35.524s] [ 11%] [32mBuilding C object CMakeFiles/robotic_arm_cube_handling__rosidl_generator_c.dir/rosidl_generator_c/robotic_arm_cube_handling/msg/detail/calibration_params__description.c.o[0m
[35.528s] [ 14%] [32mBuilding C object CMakeFiles/robotic_arm_cube_handling__rosidl_generator_c.dir/rosidl_generator_c/robotic_arm_cube_handling/msg/detail/calibration_params__functions.c.o[0m
[35.531s] [ 17%] [32mBuilding C object CMakeFiles/robotic_arm_cube_handling__rosidl_generator_c.dir/rosidl_generator_c/robotic_arm_cube_handling/msg/detail/calibration_params__type_support.c.o[0m
[36.074s] [ 20%] [32m[1mLinking C shared library librobotic_arm_cube_handling__rosidl_generator_c.so[0m
[36.456s] [ 20%] Built target robotic_arm_cube_handling__rosidl_generator_c
[36.560s] [ 23%] [34m[1mGenerating C++ type support dispatch for ROS interfaces[0m
[36.562s] [ 26%] [34m[1mGenerating C type support for eProsima Fast-RTPS[0m
[36.567s] [ 29%] [34m[1mGenerating C++ type support for eProsima Fast-RTPS[0m
[36.575s] [ 32%] [34m[1mGenerating C introspection for ROS interfaces[0m
[39.372s] [ 35%] [32mBuilding CXX object CMakeFiles/robotic_arm_cube_handling__rosidl_typesupport_cpp.dir/rosidl_typesupport_cpp/robotic_arm_cube_handling/msg/calibration_params__type_support.cpp.o[0m
[39.597s] [ 38%] [32mBuilding C object CMakeFiles/robotic_arm_cube_handling__rosidl_typesupport_introspection_c.dir/rosidl_typesupport_introspection_c/robotic_arm_cube_handling/msg/detail/calibration_params__type_support.c.o[0m
[39.824s] [ 41%] [32mBuilding CXX object CMakeFiles/robotic_arm_cube_handling__rosidl_typesupport_fastrtps_cpp.dir/rosidl_typesupport_fastrtps_cpp/robotic_arm_cube_handling/msg/detail/dds_fastrtps/calibration_params__type_support.cpp.o[0m
[39.907s] [ 44%] [32mBuilding CXX object CMakeFiles/robotic_arm_cube_handling__rosidl_typesupport_fastrtps_c.dir/rosidl_typesupport_fastrtps_c/robotic_arm_cube_handling/msg/detail/calibration_params__type_support_c.cpp.o[0m
[40.118s] [ 47%] [32m[1mLinking C shared library librobotic_arm_cube_handling__rosidl_typesupport_introspection_c.so[0m
[40.488s] [ 47%] Built target robotic_arm_cube_handling__rosidl_typesupport_introspection_c
[40.617s] [ 50%] [34m[1mGenerating C type support dispatch for ROS interfaces[0m
[44.069s] [ 52%] [32mBuilding CXX object CMakeFiles/robotic_arm_cube_handling__rosidl_typesupport_c.dir/rosidl_typesupport_c/robotic_arm_cube_handling/msg/calibration_params__type_support.cpp.o[0m
[44.684s] [ 55%] [32m[1mLinking CXX shared library librobotic_arm_cube_handling__rosidl_typesupport_cpp.so[0m
[44.745s] [ 58%] [32m[1mLinking CXX shared library librobotic_arm_cube_handling__rosidl_typesupport_c.so[0m
[45.241s] [ 58%] Built target robotic_arm_cube_handling__rosidl_typesupport_cpp
[45.321s] [ 58%] Built target robotic_arm_cube_handling__rosidl_typesupport_c
[45.389s] [ 61%] [34m[1mGenerating C++ introspection for ROS interfaces[0m
[47.383s] [ 64%] [32m[1mLinking CXX shared library librobotic_arm_cube_handling__rosidl_typesupport_fastrtps_c.so[0m
[47.532s] [ 67%] [32m[1mLinking CXX shared library librobotic_arm_cube_handling__rosidl_typesupport_fastrtps_cpp.so[0m
[47.979s] [ 67%] Built target robotic_arm_cube_handling__rosidl_typesupport_fastrtps_c
[48.124s] [ 67%] Built target robotic_arm_cube_handling__rosidl_typesupport_fastrtps_cpp
[48.378s] [ 70%] [32mBuilding CXX object CMakeFiles/robotic_arm_cube_handling__rosidl_typesupport_introspection_cpp.dir/rosidl_typesupport_introspection_cpp/robotic_arm_cube_handling/msg/detail/calibration_params__type_support.cpp.o[0m
[51.831s] [ 73%] [32m[1mLinking CXX shared library librobotic_arm_cube_handling__rosidl_typesupport_introspection_cpp.so[0m
[52.192s] [ 73%] Built target robotic_arm_cube_handling__rosidl_typesupport_introspection_cpp
[52.374s] [ 73%] Built target robotic_arm_cube_handling
[52.567s] [ 76%] [34m[1mGenerating Python code for ROS interfaces[0m
[55.373s] [ 76%] Built target robotic_arm_cube_handling__py
[55.556s] [ 79%] [32mBuilding C object CMakeFiles/robotic_arm_cube_handling__rosidl_generator_py.dir/rosidl_generator_py/robotic_arm_cube_handling/msg/_calibration_params_s.c.o[0m
[56.827s] [ 82%] [32m[1mLinking C shared library librobotic_arm_cube_handling__rosidl_generator_py.so[0m
[57.239s] [ 82%] Built target robotic_arm_cube_handling__rosidl_generator_py
[57.443s] [ 88%] [32mBuilding C object CMakeFiles/robotic_arm_cube_handling_s__rosidl_typesupport_fastrtps_c.dir/rosidl_generator_py/robotic_arm_cube_handling/_robotic_arm_cube_handling_s.ep.rosidl_typesupport_fastrtps_c.c.o[0m
[57.445s] [ 88%] [32mBuilding C object CMakeFiles/robotic_arm_cube_handling_s__rosidl_typesupport_introspection_c.dir/rosidl_generator_py/robotic_arm_cube_handling/_robotic_arm_cube_handling_s.ep.rosidl_typesupport_introspection_c.c.o[0m
[57.452s] [ 91%] [32mBuilding C object CMakeFiles/robotic_arm_cube_handling_s__rosidl_typesupport_c.dir/rosidl_generator_py/robotic_arm_cube_handling/_robotic_arm_cube_handling_s.ep.rosidl_typesupport_c.c.o[0m
[58.721s] [ 94%] [32m[1mLinking C shared module rosidl_generator_py/robotic_arm_cube_handling/robotic_arm_cube_handling_s__rosidl_typesupport_c.so[0m
[58.748s] [ 97%] [32m[1mLinking C shared module rosidl_generator_py/robotic_arm_cube_handling/robotic_arm_cube_handling_s__rosidl_typesupport_introspection_c.so[0m
[58.835s] [100%] [32m[1mLinking C shared module rosidl_generator_py/robotic_arm_cube_handling/robotic_arm_cube_handling_s__rosidl_typesupport_fastrtps_c.so[0m
[59.070s] [100%] Built target robotic_arm_cube_handling_s__rosidl_typesupport_c
[59.100s] [100%] Built target robotic_arm_cube_handling_s__rosidl_typesupport_introspection_c
[59.181s] [100%] Built target robotic_arm_cube_handling_s__rosidl_typesupport_fastrtps_c
[59.292s] Invoked command in '/home/raspberrypi/ros2_ws/src/robotic_arm_cube_handling/build/robotic_arm_cube_handling' returned '0': /usr/bin/cmake --build /home/raspberrypi/ros2_ws/src/robotic_arm_cube_handling/build/robotic_arm_cube_handling -- -j4 -l4
[60.707s] Invoking command in '/home/raspberrypi/ros2_ws/src/robotic_arm_cube_handling/build/robotic_arm_cube_handling': /usr/bin/cmake --install /home/raspberrypi/ros2_ws/src/robotic_arm_cube_handling/build/robotic_arm_cube_handling
[60.781s] -- Install configuration: ""
[60.783s] -- Installing: /home/raspberrypi/ros2_ws/src/robotic_arm_cube_handling/install/robotic_arm_cube_handling/share/ament_index/resource_index/rosidl_interfaces/robotic_arm_cube_handling
[60.788s] -- Installing: /home/raspberrypi/ros2_ws/src/robotic_arm_cube_handling/install/robotic_arm_cube_handling/share/robotic_arm_cube_handling/msg/CalibrationParams.json
[60.790s] -- Installing: /home/raspberrypi/ros2_ws/src/robotic_arm_cube_handling/install/robotic_arm_cube_handling/include/robotic_arm_cube_handling/robotic_arm_cube_handling
[60.792s] -- Installing: /home/raspberrypi/ros2_ws/src/robotic_arm_cube_handling/install/robotic_arm_cube_handling/include/robotic_arm_cube_handling/robotic_arm_cube_handling/msg
[60.794s] -- Installing: /home/raspberrypi/ros2_ws/src/robotic_arm_cube_handling/install/robotic_arm_cube_handling/include/robotic_arm_cube_handling/robotic_arm_cube_handling/msg/rosidl_generator_c__visibility_control.h
[60.797s] -- Installing: /home/raspberrypi/ros2_ws/src/robotic_arm_cube_handling/install/robotic_arm_cube_handling/include/robotic_arm_cube_handling/robotic_arm_cube_handling/msg/calibration_params.h
[60.800s] -- Installing: /home/raspberrypi/ros2_ws/src/robotic_arm_cube_handling/install/robotic_arm_cube_handling/include/robotic_arm_cube_handling/robotic_arm_cube_handling/msg/detail
[60.802s] -- Installing: /home/raspberrypi/ros2_ws/src/robotic_arm_cube_handling/install/robotic_arm_cube_handling/include/robotic_arm_cube_handling/robotic_arm_cube_handling/msg/detail/calibration_params__type_support.c
[60.805s] -- Installing: /home/raspberrypi/ros2_ws/src/robotic_arm_cube_handling/install/robotic_arm_cube_handling/include/robotic_arm_cube_handling/robotic_arm_cube_handling/msg/detail/calibration_params__type_support.h
[60.808s] -- Installing: /home/raspberrypi/ros2_ws/src/robotic_arm_cube_handling/install/robotic_arm_cube_handling/include/robotic_arm_cube_handling/robotic_arm_cube_handling/msg/detail/calibration_params__functions.h
[60.811s] -- Installing: /home/raspberrypi/ros2_ws/src/robotic_arm_cube_handling/install/robotic_arm_cube_handling/include/robotic_arm_cube_handling/robotic_arm_cube_handling/msg/detail/calibration_params__struct.h
[60.814s] -- Installing: /home/raspberrypi/ros2_ws/src/robotic_arm_cube_handling/install/robotic_arm_cube_handling/include/robotic_arm_cube_handling/robotic_arm_cube_handling/msg/detail/calibration_params__functions.c
[60.817s] -- Installing: /home/raspberrypi/ros2_ws/src/robotic_arm_cube_handling/install/robotic_arm_cube_handling/include/robotic_arm_cube_handling/robotic_arm_cube_handling/msg/detail/calibration_params__description.c
[60.821s] -- Installing: /home/raspberrypi/ros2_ws/src/robotic_arm_cube_handling/install/robotic_arm_cube_handling/share/robotic_arm_cube_handling/environment/library_path.sh
[60.825s] -- Installing: /home/raspberrypi/ros2_ws/src/robotic_arm_cube_handling/install/robotic_arm_cube_handling/share/robotic_arm_cube_handling/environment/library_path.dsv
[60.829s] -- Installing: /home/raspberrypi/ros2_ws/src/robotic_arm_cube_handling/install/robotic_arm_cube_handling/lib/librobotic_arm_cube_handling__rosidl_generator_c.so
[60.835s] -- Set non-toolchain portion of runtime path of "/home/raspberrypi/ros2_ws/src/robotic_arm_cube_handling/install/robotic_arm_cube_handling/lib/librobotic_arm_cube_handling__rosidl_generator_c.so" to ""
[60.837s] -- Up-to-date: /home/raspberrypi/ros2_ws/src/robotic_arm_cube_handling/install/robotic_arm_cube_handling/include/robotic_arm_cube_handling/robotic_arm_cube_handling
[60.838s] -- Up-to-date: /home/raspberrypi/ros2_ws/src/robotic_arm_cube_handling/install/robotic_arm_cube_handling/include/robotic_arm_cube_handling/robotic_arm_cube_handling/msg
[60.839s] -- Installing: /home/raspberrypi/ros2_ws/src/robotic_arm_cube_handling/install/robotic_arm_cube_handling/include/robotic_arm_cube_handling/robotic_arm_cube_handling/msg/rosidl_typesupport_fastrtps_c__visibility_control.h
[60.841s] -- Up-to-date: /home/raspberrypi/ros2_ws/src/robotic_arm_cube_handling/install/robotic_arm_cube_handling/include/robotic_arm_cube_handling/robotic_arm_cube_handling/msg/detail
[60.842s] -- Installing: /home/raspberrypi/ros2_ws/src/robotic_arm_cube_handling/install/robotic_arm_cube_handling/include/robotic_arm_cube_handling/robotic_arm_cube_handling/msg/detail/calibration_params__rosidl_typesupport_fastrtps_c.h
[60.846s] -- Installing: /home/raspberrypi/ros2_ws/src/robotic_arm_cube_handling/install/robotic_arm_cube_handling/lib/librobotic_arm_cube_handling__rosidl_typesupport_fastrtps_c.so
[60.853s] -- Set non-toolchain portion of runtime path of "/home/raspberrypi/ros2_ws/src/robotic_arm_cube_handling/install/robotic_arm_cube_handling/lib/librobotic_arm_cube_handling__rosidl_typesupport_fastrtps_c.so" to ""
[60.854s] -- Up-to-date: /home/raspberrypi/ros2_ws/src/robotic_arm_cube_handling/install/robotic_arm_cube_handling/include/robotic_arm_cube_handling/robotic_arm_cube_handling
[60.855s] -- Up-to-date: /home/raspberrypi/ros2_ws/src/robotic_arm_cube_handling/install/robotic_arm_cube_handling/include/robotic_arm_cube_handling/robotic_arm_cube_handling/msg
[60.856s] -- Installing: /home/raspberrypi/ros2_ws/src/robotic_arm_cube_handling/install/robotic_arm_cube_handling/include/robotic_arm_cube_handling/robotic_arm_cube_handling/msg/calibration_params.hpp
[60.858s] -- Up-to-date: /home/raspberrypi/ros2_ws/src/robotic_arm_cube_handling/install/robotic_arm_cube_handling/include/robotic_arm_cube_handling/robotic_arm_cube_handling/msg/detail
[60.860s] -- Installing: /home/raspberrypi/ros2_ws/src/robotic_arm_cube_handling/install/robotic_arm_cube_handling/include/robotic_arm_cube_handling/robotic_arm_cube_handling/msg/detail/calibration_params__struct.hpp
[60.863s] -- Installing: /home/raspberrypi/ros2_ws/src/robotic_arm_cube_handling/install/robotic_arm_cube_handling/include/robotic_arm_cube_handling/robotic_arm_cube_handling/msg/detail/calibration_params__type_support.hpp
[60.866s] -- Installing: /home/raspberrypi/ros2_ws/src/robotic_arm_cube_handling/install/robotic_arm_cube_handling/include/robotic_arm_cube_handling/robotic_arm_cube_handling/msg/detail/calibration_params__builder.hpp
[60.869s] -- Installing: /home/raspberrypi/ros2_ws/src/robotic_arm_cube_handling/install/robotic_arm_cube_handling/include/robotic_arm_cube_handling/robotic_arm_cube_handling/msg/detail/calibration_params__traits.hpp
[60.872s] -- Installing: /home/raspberrypi/ros2_ws/src/robotic_arm_cube_handling/install/robotic_arm_cube_handling/include/robotic_arm_cube_handling/robotic_arm_cube_handling/msg/rosidl_generator_cpp__visibility_control.hpp
[60.875s] -- Up-to-date: /home/raspberrypi/ros2_ws/src/robotic_arm_cube_handling/install/robotic_arm_cube_handling/include/robotic_arm_cube_handling/robotic_arm_cube_handling
[60.876s] -- Up-to-date: /home/raspberrypi/ros2_ws/src/robotic_arm_cube_handling/install/robotic_arm_cube_handling/include/robotic_arm_cube_handling/robotic_arm_cube_handling/msg
[60.878s] -- Installing: /home/raspberrypi/ros2_ws/src/robotic_arm_cube_handling/install/robotic_arm_cube_handling/include/robotic_arm_cube_handling/robotic_arm_cube_handling/msg/rosidl_typesupport_fastrtps_cpp__visibility_control.h
[60.880s] -- Up-to-date: /home/raspberrypi/ros2_ws/src/robotic_arm_cube_handling/install/robotic_arm_cube_handling/include/robotic_arm_cube_handling/robotic_arm_cube_handling/msg/detail
[60.882s] -- Installing: /home/raspberrypi/ros2_ws/src/robotic_arm_cube_handling/install/robotic_arm_cube_handling/include/robotic_arm_cube_handling/robotic_arm_cube_handling/msg/detail/calibration_params__rosidl_typesupport_fastrtps_cpp.hpp
[60.885s] -- Installing: /home/raspberrypi/ros2_ws/src/robotic_arm_cube_handling/install/robotic_arm_cube_handling/include/robotic_arm_cube_handling/robotic_arm_cube_handling/msg/detail/dds_fastrtps
[60.887s] -- Installing: /home/raspberrypi/ros2_ws/src/robotic_arm_cube_handling/install/robotic_arm_cube_handling/lib/librobotic_arm_cube_handling__rosidl_typesupport_fastrtps_cpp.so
[60.894s] -- Set non-toolchain portion of runtime path of "/home/raspberrypi/ros2_ws/src/robotic_arm_cube_handling/install/robotic_arm_cube_handling/lib/librobotic_arm_cube_handling__rosidl_typesupport_fastrtps_cpp.so" to ""
[60.895s] -- Up-to-date: /home/raspberrypi/ros2_ws/src/robotic_arm_cube_handling/install/robotic_arm_cube_handling/include/robotic_arm_cube_handling/robotic_arm_cube_handling
[60.897s] -- Up-to-date: /home/raspberrypi/ros2_ws/src/robotic_arm_cube_handling/install/robotic_arm_cube_handling/include/robotic_arm_cube_handling/robotic_arm_cube_handling/msg
[60.898s] -- Installing: /home/raspberrypi/ros2_ws/src/robotic_arm_cube_handling/install/robotic_arm_cube_handling/include/robotic_arm_cube_handling/robotic_arm_cube_handling/msg/rosidl_typesupport_introspection_c__visibility_control.h
[60.900s] -- Up-to-date: /home/raspberrypi/ros2_ws/src/robotic_arm_cube_handling/install/robotic_arm_cube_handling/include/robotic_arm_cube_handling/robotic_arm_cube_handling/msg/detail
[60.901s] -- Installing: /home/raspberrypi/ros2_ws/src/robotic_arm_cube_handling/install/robotic_arm_cube_handling/include/robotic_arm_cube_handling/robotic_arm_cube_handling/msg/detail/calibration_params__type_support.c
[60.905s] -- Installing: /home/raspberrypi/ros2_ws/src/robotic_arm_cube_handling/install/robotic_arm_cube_handling/include/robotic_arm_cube_handling/robotic_arm_cube_handling/msg/detail/calibration_params__rosidl_typesupport_introspection_c.h
[60.908s] -- Installing: /home/raspberrypi/ros2_ws/src/robotic_arm_cube_handling/install/robotic_arm_cube_handling/lib/librobotic_arm_cube_handling__rosidl_typesupport_introspection_c.so
[60.915s] -- Set non-toolchain portion of runtime path of "/home/raspberrypi/ros2_ws/src/robotic_arm_cube_handling/install/robotic_arm_cube_handling/lib/librobotic_arm_cube_handling__rosidl_typesupport_introspection_c.so" to ""
[60.916s] -- Installing: /home/raspberrypi/ros2_ws/src/robotic_arm_cube_handling/install/robotic_arm_cube_handling/lib/librobotic_arm_cube_handling__rosidl_typesupport_c.so
[60.922s] -- Set non-toolchain portion of runtime path of "/home/raspberrypi/ros2_ws/src/robotic_arm_cube_handling/install/robotic_arm_cube_handling/lib/librobotic_arm_cube_handling__rosidl_typesupport_c.so" to ""
[60.924s] -- Up-to-date: /home/raspberrypi/ros2_ws/src/robotic_arm_cube_handling/install/robotic_arm_cube_handling/include/robotic_arm_cube_handling/robotic_arm_cube_handling
[60.925s] -- Up-to-date: /home/raspberrypi/ros2_ws/src/robotic_arm_cube_handling/install/robotic_arm_cube_handling/include/robotic_arm_cube_handling/robotic_arm_cube_handling/msg
[60.926s] -- Up-to-date: /home/raspberrypi/ros2_ws/src/robotic_arm_cube_handling/install/robotic_arm_cube_handling/include/robotic_arm_cube_handling/robotic_arm_cube_handling/msg/detail
[60.927s] -- Installing: /home/raspberrypi/ros2_ws/src/robotic_arm_cube_handling/install/robotic_arm_cube_handling/include/robotic_arm_cube_handling/robotic_arm_cube_handling/msg/detail/calibration_params__type_support.cpp
[60.930s] -- Installing: /home/raspberrypi/ros2_ws/src/robotic_arm_cube_handling/install/robotic_arm_cube_handling/include/robotic_arm_cube_handling/robotic_arm_cube_handling/msg/detail/calibration_params__rosidl_typesupport_introspection_cpp.hpp
[60.934s] -- Installing: /home/raspberrypi/ros2_ws/src/robotic_arm_cube_handling/install/robotic_arm_cube_handling/lib/librobotic_arm_cube_handling__rosidl_typesupport_introspection_cpp.so
[60.940s] -- Set non-toolchain portion of runtime path of "/home/raspberrypi/ros2_ws/src/robotic_arm_cube_handling/install/robotic_arm_cube_handling/lib/librobotic_arm_cube_handling__rosidl_typesupport_introspection_cpp.so" to ""
[60.941s] -- Installing: /home/raspberrypi/ros2_ws/src/robotic_arm_cube_handling/install/robotic_arm_cube_handling/lib/librobotic_arm_cube_handling__rosidl_typesupport_cpp.so
[60.947s] -- Set non-toolchain portion of runtime path of "/home/raspberrypi/ros2_ws/src/robotic_arm_cube_handling/install/robotic_arm_cube_handling/lib/librobotic_arm_cube_handling__rosidl_typesupport_cpp.so" to ""
[60.949s] -- Installing: /home/raspberrypi/ros2_ws/src/robotic_arm_cube_handling/install/robotic_arm_cube_handling/share/robotic_arm_cube_handling/environment/pythonpath.sh
[60.952s] -- Installing: /home/raspberrypi/ros2_ws/src/robotic_arm_cube_handling/install/robotic_arm_cube_handling/share/robotic_arm_cube_handling/environment/pythonpath.dsv
[60.954s] -- Installing: /home/raspberrypi/ros2_ws/src/robotic_arm_cube_handling/install/robotic_arm_cube_handling/lib/python3.12/site-packages/robotic_arm_cube_handling-0.0.0-py3.12.egg-info
[60.957s] -- Installing: /home/raspberrypi/ros2_ws/src/robotic_arm_cube_handling/install/robotic_arm_cube_handling/lib/python3.12/site-packages/robotic_arm_cube_handling-0.0.0-py3.12.egg-info/dependency_links.txt
[60.960s] -- Installing: /home/raspberrypi/ros2_ws/src/robotic_arm_cube_handling/install/robotic_arm_cube_handling/lib/python3.12/site-packages/robotic_arm_cube_handling-0.0.0-py3.12.egg-info/PKG-INFO
[60.962s] -- Installing: /home/raspberrypi/ros2_ws/src/robotic_arm_cube_handling/install/robotic_arm_cube_handling/lib/python3.12/site-packages/robotic_arm_cube_handling-0.0.0-py3.12.egg-info/top_level.txt
[60.965s] -- Installing: /home/raspberrypi/ros2_ws/src/robotic_arm_cube_handling/install/robotic_arm_cube_handling/lib/python3.12/site-packages/robotic_arm_cube_handling-0.0.0-py3.12.egg-info/SOURCES.txt
[60.968s] -- Installing: /home/raspberrypi/ros2_ws/src/robotic_arm_cube_handling/install/robotic_arm_cube_handling/lib/python3.12/site-packages/robotic_arm_cube_handling
[60.970s] -- Installing: /home/raspberrypi/ros2_ws/src/robotic_arm_cube_handling/install/robotic_arm_cube_handling/lib/python3.12/site-packages/robotic_arm_cube_handling/robotic_arm_cube_handling_s__rosidl_typesupport_introspection_c.so
[60.975s] -- Installing: /home/raspberrypi/ros2_ws/src/robotic_arm_cube_handling/install/robotic_arm_cube_handling/lib/python3.12/site-packages/robotic_arm_cube_handling/robotic_arm_cube_handling_s__rosidl_typesupport_fastrtps_c.so
[60.979s] -- Installing: /home/raspberrypi/ros2_ws/src/robotic_arm_cube_handling/install/robotic_arm_cube_handling/lib/python3.12/site-packages/robotic_arm_cube_handling/robotic_arm_cube_handling_s__rosidl_typesupport_c.so
[60.983s] -- Installing: /home/raspberrypi/ros2_ws/src/robotic_arm_cube_handling/install/robotic_arm_cube_handling/lib/python3.12/site-packages/robotic_arm_cube_handling/msg
[60.985s] -- Installing: /home/raspberrypi/ros2_ws/src/robotic_arm_cube_handling/install/robotic_arm_cube_handling/lib/python3.12/site-packages/robotic_arm_cube_handling/msg/_calibration_params.py
[60.988s] -- Installing: /home/raspberrypi/ros2_ws/src/robotic_arm_cube_handling/install/robotic_arm_cube_handling/lib/python3.12/site-packages/robotic_arm_cube_handling/msg/_calibration_params_s.c
[60.991s] -- Installing: /home/raspberrypi/ros2_ws/src/robotic_arm_cube_handling/install/robotic_arm_cube_handling/lib/python3.12/site-packages/robotic_arm_cube_handling/msg/__init__.py
[60.993s] -- Installing: /home/raspberrypi/ros2_ws/src/robotic_arm_cube_handling/install/robotic_arm_cube_handling/lib/python3.12/site-packages/robotic_arm_cube_handling/_robotic_arm_cube_handling_s.ep.rosidl_typesupport_introspection_c.c
[60.997s] -- Installing: /home/raspberrypi/ros2_ws/src/robotic_arm_cube_handling/install/robotic_arm_cube_handling/lib/python3.12/site-packages/robotic_arm_cube_handling/__init__.py
[60.999s] -- Installing: /home/raspberrypi/ros2_ws/src/robotic_arm_cube_handling/install/robotic_arm_cube_handling/lib/python3.12/site-packages/robotic_arm_cube_handling/_robotic_arm_cube_handling_s.ep.rosidl_typesupport_c.c
[61.002s] -- Installing: /home/raspberrypi/ros2_ws/src/robotic_arm_cube_handling/install/robotic_arm_cube_handling/lib/python3.12/site-packages/robotic_arm_cube_handling/_robotic_arm_cube_handling_s.ep.rosidl_typesupport_fastrtps_c.c
[61.368s] Listing '/home/raspberrypi/ros2_ws/src/robotic_arm_cube_handling/install/robotic_arm_cube_handling/lib/python3.12/site-packages/robotic_arm_cube_handling'...
[61.370s] Compiling '/home/raspberrypi/ros2_ws/src/robotic_arm_cube_handling/install/robotic_arm_cube_handling/lib/python3.12/site-packages/robotic_arm_cube_handling/__init__.py'...
[61.371s] Listing '/home/raspberrypi/ros2_ws/src/robotic_arm_cube_handling/install/robotic_arm_cube_handling/lib/python3.12/site-packages/robotic_arm_cube_handling/msg'...
[61.372s] Compiling '/home/raspberrypi/ros2_ws/src/robotic_arm_cube_handling/install/robotic_arm_cube_handling/lib/python3.12/site-packages/robotic_arm_cube_handling/msg/__init__.py'...
[61.373s] Compiling '/home/raspberrypi/ros2_ws/src/robotic_arm_cube_handling/install/robotic_arm_cube_handling/lib/python3.12/site-packages/robotic_arm_cube_handling/msg/_calibration_params.py'...
[61.444s] -- Installing: /home/raspberrypi/ros2_ws/src/robotic_arm_cube_handling/install/robotic_arm_cube_handling/lib/python3.12/site-packages/robotic_arm_cube_handling/robotic_arm_cube_handling_s__rosidl_typesupport_fastrtps_c.so
[61.451s] -- Set non-toolchain portion of runtime path of "/home/raspberrypi/ros2_ws/src/robotic_arm_cube_handling/install/robotic_arm_cube_handling/lib/python3.12/site-packages/robotic_arm_cube_handling/robotic_arm_cube_handling_s__rosidl_typesupport_fastrtps_c.so" to ""
[61.455s] -- Installing: /home/raspberrypi/ros2_ws/src/robotic_arm_cube_handling/install/robotic_arm_cube_handling/lib/python3.12/site-packages/robotic_arm_cube_handling/robotic_arm_cube_handling_s__rosidl_typesupport_introspection_c.so
[61.461s] -- Set non-toolchain portion of runtime path of "/home/raspberrypi/ros2_ws/src/robotic_arm_cube_handling/install/robotic_arm_cube_handling/lib/python3.12/site-packages/robotic_arm_cube_handling/robotic_arm_cube_handling_s__rosidl_typesupport_introspection_c.so" to ""
[61.465s] -- Installing: /home/raspberrypi/ros2_ws/src/robotic_arm_cube_handling/install/robotic_arm_cube_handling/lib/python3.12/site-packages/robotic_arm_cube_handling/robotic_arm_cube_handling_s__rosidl_typesupport_c.so
[61.472s] -- Set non-toolchain portion of runtime path of "/home/raspberrypi/ros2_ws/src/robotic_arm_cube_handling/install/robotic_arm_cube_handling/lib/python3.12/site-packages/robotic_arm_cube_handling/robotic_arm_cube_handling_s__rosidl_typesupport_c.so" to ""
[61.473s] -- Installing: /home/raspberrypi/ros2_ws/src/robotic_arm_cube_handling/install/robotic_arm_cube_handling/lib/librobotic_arm_cube_handling__rosidl_generator_py.so
[61.480s] -- Set non-toolchain portion of runtime path of "/home/raspberrypi/ros2_ws/src/robotic_arm_cube_handling/install/robotic_arm_cube_handling/lib/librobotic_arm_cube_handling__rosidl_generator_py.so" to ""
[61.481s] -- Installing: /home/raspberrypi/ros2_ws/src/robotic_arm_cube_handling/install/robotic_arm_cube_handling/share/robotic_arm_cube_handling/msg/CalibrationParams.idl
[61.484s] -- Installing: /home/raspberrypi/ros2_ws/src/robotic_arm_cube_handling/install/robotic_arm_cube_handling/share/robotic_arm_cube_handling/msg/CalibrationParams.msg
[61.486s] -- Installing: /home/raspberrypi/ros2_ws/src/robotic_arm_cube_handling/install/robotic_arm_cube_handling/lib/robotic_arm_cube_handling
[61.488s] -- Installing: /home/raspberrypi/ros2_ws/src/robotic_arm_cube_handling/install/robotic_arm_cube_handling/lib/robotic_arm_cube_handling/publish_calibration_params.py
[61.490s] -- Installing: /home/raspberrypi/ros2_ws/src/robotic_arm_cube_handling/install/robotic_arm_cube_handling/lib/robotic_arm_cube_handling/image_processing_node.py
[61.492s] -- Installing: /home/raspberrypi/ros2_ws/src/robotic_arm_cube_handling/install/robotic_arm_cube_handling/lib/robotic_arm_cube_handling/calibration_node.py
[61.495s] -- Installing: /home/raspberrypi/ros2_ws/src/robotic_arm_cube_handling/install/robotic_arm_cube_handling/lib/robotic_arm_cube_handling/camera_node.py
[61.497s] -- Installing: /home/raspberrypi/ros2_ws/src/robotic_arm_cube_handling/install/robotic_arm_cube_handling/share/robotic_arm_cube_handling/launch
[61.499s] -- Installing: /home/raspberrypi/ros2_ws/src/robotic_arm_cube_handling/install/robotic_arm_cube_handling/share/robotic_arm_cube_handling/launch/camera_processing_launch.py
[61.502s] [31mCMake Error at cmake_install.cmake:378 (file):
[61.503s]   file INSTALL cannot find
[61.504s]   "/home/raspberrypi/ros2_ws/src/robotic_arm_cube_handling/config": No such
[61.505s]   file or directory.
[61.506s] 
[61.506s] [0m
[61.516s] Invoked command in '/home/raspberrypi/ros2_ws/src/robotic_arm_cube_handling/build/robotic_arm_cube_handling' returned '1': /usr/bin/cmake --install /home/raspberrypi/ros2_ws/src/robotic_arm_cube_handling/build/robotic_arm_cube_handling
