-- Found ament_cmake: 2.7.0 (/opt/ros/rolling/share/ament_cmake/cmake)
-- Found rclpy: 7.5.0 (/opt/ros/rolling/share/rclpy/cmake)
-- Found sensor_msgs: 5.4.1 (/opt/ros/rolling/share/sensor_msgs/cmake)
-- Found rosidl_generator_c: 4.8.1 (/opt/ros/rolling/share/rosidl_generator_c/cmake)
-- Found rosidl_generator_cpp: 4.8.1 (/opt/ros/rolling/share/rosidl_generator_cpp/cmake)
-- Using all available rosidl_typesupport_c: rosidl_typesupport_fastrtps_c;rosidl_typesupport_introspection_c
-- Using all available rosidl_typesupport_cpp: rosidl_typesupport_fastrtps_cpp;rosidl_typesupport_introspection_cpp
-- Found cv_bridge: 4.1.0 (/opt/ros/rolling/share/cv_bridge/cmake)
-- Found rmw_implementation_cmake: 7.4.3 (/opt/ros/rolling/share/rmw_implementation_cmake/cmake)
-- Found rmw_fastrtps_cpp: 9.0.1 (/opt/ros/rolling/share/rmw_fastrtps_cpp/cmake)
-- Using RMW implementation 'rmw_fastrtps_cpp' as default
-- Found rosidl_default_generators: 1.7.1 (/opt/ros/rolling/share/rosidl_default_generators/cmake)
-- Found rosidl_adapter: 4.8.1 (/opt/ros/rolling/share/rosidl_adapter/cmake)
Error parsing '/home/raspberrypi/ros2_ws/src/robotic_arm_cube_handling/package.xml':
Traceback (most recent call last):
  File "/opt/ros/rolling/share/ament_cmake_core/cmake/core/package_xml_2_cmake.py", line 150, in <module>
    main()
  File "/opt/ros/rolling/share/ament_cmake_core/cmake/core/package_xml_2_cmake.py", line 53, in main
    raise e
  File "/opt/ros/rolling/share/ament_cmake_core/cmake/core/package_xml_2_cmake.py", line 49, in main
    package = parse_package_string(
              ^^^^^^^^^^^^^^^^^^^^^
  File "/usr/lib/python3/dist-packages/catkin_pkg/package.py", line 786, in parse_package_string
    raise InvalidPackage('Error(s):%s' % (''.join(['\n- %s' % e for e in errors])), filename)
catkin_pkg.package.InvalidPackage: Error(s) in package '/home/raspberrypi/ros2_ws/src/robotic_arm_cube_handling/package.xml':
Error(s):
- The manifest of package "robotic_arm_cube_handling" (with format version 2) must not contain the following tags: member_of_group
[31mCMake Error at /opt/ros/rolling/share/ament_cmake_core/cmake/core/ament_package_xml.cmake:95 (message):
  execute_process(/usr/bin/python3
  /opt/ros/rolling/share/ament_cmake_core/cmake/core/package_xml_2_cmake.py
  /home/raspberrypi/ros2_ws/src/robotic_arm_cube_handling/package.xml
  /home/raspberrypi/ros2_ws/src/robotic_arm_cube_handling/build/robotic_arm_cube_handling/ament_cmake_core/package.cmake)
  returned error code 1
Call Stack (most recent call first):
  /opt/ros/rolling/share/ament_cmake_core/cmake/core/ament_package_xml.cmake:49 (_ament_package_xml)
  /opt/ros/rolling/share/rosidl_cmake/cmake/rosidl_generate_interfaces.cmake:220 (ament_package_xml)
  CMakeLists.txt:13 (rosidl_generate_interfaces)

[0m
-- Configuring incomplete, errors occurred!
