[0.092s] Invoking command in '/home/raspberrypi/ros2_ws/src/robotic_arm_cube_handling/build/robotic_arm_cube_handling': /usr/bin/cmake /home/raspberrypi/ros2_ws/src/robotic_arm_cube_handling -DCMAKE_INSTALL_PREFIX=/home/raspberrypi/ros2_ws/src/robotic_arm_cube_handling/install/robotic_arm_cube_handling
[0.200s] -- Found ament_cmake: 2.7.0 (/opt/ros/rolling/share/ament_cmake/cmake)
[2.120s] -- Found rclpy: 7.5.0 (/opt/ros/rolling/share/rclpy/cmake)
[2.123s] -- Found sensor_msgs: 5.4.1 (/opt/ros/rolling/share/sensor_msgs/cmake)
[2.373s] -- Found rosidl_generator_c: 4.8.1 (/opt/ros/rolling/share/rosidl_generator_c/cmake)
[2.457s] -- Found rosidl_generator_cpp: 4.8.1 (/opt/ros/rolling/share/rosidl_generator_cpp/cmake)
[2.558s] -- Using all available rosidl_typesupport_c: rosidl_typesupport_fastrtps_c;rosidl_typesupport_introspection_c
[2.676s] -- Using all available rosidl_typesupport_cpp: rosidl_typesupport_fastrtps_cpp;rosidl_typesupport_introspection_cpp
[3.281s] -- Found cv_bridge: 4.1.0 (/opt/ros/rolling/share/cv_bridge/cmake)
[3.653s] -- Found rmw_implementation_cmake: 7.4.3 (/opt/ros/rolling/share/rmw_implementation_cmake/cmake)
[3.665s] -- Found rmw_fastrtps_cpp: 9.0.1 (/opt/ros/rolling/share/rmw_fastrtps_cpp/cmake)
[4.182s] -- Using RMW implementation 'rmw_fastrtps_cpp' as default
[4.668s] -- Found rosidl_default_generators: 1.7.1 (/opt/ros/rolling/share/rosidl_default_generators/cmake)
[4.744s] -- Found rosidl_adapter: 4.8.1 (/opt/ros/rolling/share/rosidl_adapter/cmake)
[7.141s] Error parsing '/home/raspberrypi/ros2_ws/src/robotic_arm_cube_handling/package.xml':
[39.057s] Traceback (most recent call last):
[39.059s]   File "/opt/ros/rolling/share/ament_cmake_core/cmake/core/package_xml_2_cmake.py", line 150, in <module>
[39.060s]     main()
[39.061s]   File "/opt/ros/rolling/share/ament_cmake_core/cmake/core/package_xml_2_cmake.py", line 53, in main
[39.063s]     raise e
[39.063s]   File "/opt/ros/rolling/share/ament_cmake_core/cmake/core/package_xml_2_cmake.py", line 49, in main
[39.064s]     package = parse_package_string(
[39.065s]               ^^^^^^^^^^^^^^^^^^^^^
[39.066s]   File "/usr/lib/python3/dist-packages/catkin_pkg/package.py", line 786, in parse_package_string
[39.066s]     raise InvalidPackage('Error(s):%s' % (''.join(['\n- %s' % e for e in errors])), filename)
[39.067s] catkin_pkg.package.InvalidPackage: Error(s) in package '/home/raspberrypi/ros2_ws/src/robotic_arm_cube_handling/package.xml':
[39.068s] Error(s):
[39.069s] - The manifest of package "robotic_arm_cube_handling" (with format version 2) must not contain the following tags: member_of_group
[39.447s] [31mCMake Error at /opt/ros/rolling/share/ament_cmake_core/cmake/core/ament_package_xml.cmake:95 (message):
[39.448s]   execute_process(/usr/bin/python3
[39.449s]   /opt/ros/rolling/share/ament_cmake_core/cmake/core/package_xml_2_cmake.py
[39.450s]   /home/raspberrypi/ros2_ws/src/robotic_arm_cube_handling/package.xml
[39.451s]   /home/raspberrypi/ros2_ws/src/robotic_arm_cube_handling/build/robotic_arm_cube_handling/ament_cmake_core/package.cmake)
[39.452s]   returned error code 1
[39.453s] Call Stack (most recent call first):
[39.454s]   /opt/ros/rolling/share/ament_cmake_core/cmake/core/ament_package_xml.cmake:49 (_ament_package_xml)
[39.455s]   /opt/ros/rolling/share/rosidl_cmake/cmake/rosidl_generate_interfaces.cmake:220 (ament_package_xml)
[39.455s]   CMakeLists.txt:13 (rosidl_generate_interfaces)
[39.456s] 
[39.458s] [0m
[39.458s] -- Configuring incomplete, errors occurred!
[39.522s] Invoked command in '/home/raspberrypi/ros2_ws/src/robotic_arm_cube_handling/build/robotic_arm_cube_handling' returned '1': /usr/bin/cmake /home/raspberrypi/ros2_ws/src/robotic_arm_cube_handling -DCMAKE_INSTALL_PREFIX=/home/raspberrypi/ros2_ws/src/robotic_arm_cube_handling/install/robotic_arm_cube_handling
