[0.924s] DEBUG:colcon:Command line arguments: ['/usr/bin/colcon', 'build', '--packages-select', 'robotic_arm_cube_handling']
[0.925s] DEBUG:colcon:Parsed command line arguments: Namespace(log_base=None, log_level=None, verb_name='build', build_base='build', install_base='install', merge_install=False, symlink_install=False, test_result_base=None, continue_on_error=False, executor='parallel', parallel_workers=4, event_handlers=None, ignore_user_meta=False, metas=['./colcon.meta'], base_paths=['.'], packages_ignore=None, packages_ignore_regex=None, paths=None, packages_up_to=None, packages_up_to_regex=None, packages_above=None, packages_above_and_dependencies=None, packages_above_depth=None, packages_select_by_dep=None, packages_skip_by_dep=None, packages_skip_up_to=None, packages_select_build_failed=False, packages_skip_build_finished=False, packages_select_test_failures=False, packages_skip_test_passed=False, packages_select=['robotic_arm_cube_handling'], packages_skip=None, packages_select_regex=None, packages_skip_regex=None, packages_start=None, packages_end=None, allow_overriding=[], cmake_args=None, cmake_target=None, cmake_target_skip_unavailable=False, cmake_clean_cache=False, cmake_clean_first=False, cmake_force_configure=False, ament_cmake_args=None, catkin_cmake_args=None, catkin_skip_building_tests=False, mixin_files=None, mixin=None, verb_parser=<colcon_mixin.mixin.mixin_argument.MixinArgumentDecorator object at 0xffff9584a000>, verb_extension=<colcon_core.verb.build.BuildVerb object at 0xffff96304fe0>, main=<bound method BuildVerb.main of <colcon_core.verb.build.BuildVerb object at 0xffff96304fe0>>, mixin_verb=('build',))
[1.236s] Level 1:colcon.colcon_core.package_discovery:discover_packages(colcon_meta) check parameters
[1.237s] Level 1:colcon.colcon_core.package_discovery:discover_packages(recursive) check parameters
[1.237s] Level 1:colcon.colcon_core.package_discovery:discover_packages(ignore) check parameters
[1.237s] Level 1:colcon.colcon_core.package_discovery:discover_packages(path) check parameters
[1.238s] Level 1:colcon.colcon_core.package_discovery:discover_packages(colcon_meta) discover
[1.238s] Level 1:colcon.colcon_core.package_discovery:discover_packages(recursive) discover
[1.238s] INFO:colcon.colcon_core.package_discovery:Crawling recursively for packages in '/home/raspberrypi/ros2_ws/src/robotic_arm_cube_handling'
[1.239s] Level 1:colcon.colcon_core.package_identification:_identify(.) by extensions ['ignore', 'ignore_ament_install']
[1.240s] Level 1:colcon.colcon_core.package_identification:_identify(.) by extension 'ignore'
[1.241s] Level 1:colcon.colcon_core.package_identification:_identify(.) by extension 'ignore_ament_install'
[1.241s] Level 1:colcon.colcon_core.package_identification:_identify(.) by extensions ['colcon_pkg']
[1.241s] Level 1:colcon.colcon_core.package_identification:_identify(.) by extension 'colcon_pkg'
[1.242s] Level 1:colcon.colcon_core.package_identification:_identify(.) by extensions ['colcon_meta']
[1.242s] Level 1:colcon.colcon_core.package_identification:_identify(.) by extension 'colcon_meta'
[1.242s] Level 1:colcon.colcon_core.package_identification:_identify(.) by extensions ['ros']
[1.243s] Level 1:colcon.colcon_core.package_identification:_identify(.) by extension 'ros'
[1.476s] DEBUG:colcon.colcon_core.package_identification:Package '.' with type 'ros.catkin' and name 'robotic_arm_cube_handling'
[1.477s] Level 1:colcon.colcon_core.package_discovery:discover_packages(recursive) using defaults
[1.477s] Level 1:colcon.colcon_core.package_discovery:discover_packages(ignore) discover
[1.477s] Level 1:colcon.colcon_core.package_discovery:discover_packages(ignore) using defaults
[1.478s] Level 1:colcon.colcon_core.package_discovery:discover_packages(path) discover
[1.478s] Level 1:colcon.colcon_core.package_discovery:discover_packages(path) using defaults
[1.614s] Level 1:colcon.colcon_core.package_discovery:discover_packages(prefix_path) check parameters
[1.614s] Level 1:colcon.colcon_core.package_discovery:discover_packages(prefix_path) discover
[1.638s] DEBUG:colcon.colcon_installed_package_information.package_discovery:Found 193 installed packages in /opt/ros/jazzy
[1.643s] Level 1:colcon.colcon_core.package_discovery:discover_packages(prefix_path) using defaults
[1.936s] Level 5:colcon.colcon_core.verb:set package 'robotic_arm_cube_handling' build argument 'cmake_args' from command line to 'None'
[1.936s] Level 5:colcon.colcon_core.verb:set package 'robotic_arm_cube_handling' build argument 'cmake_target' from command line to 'None'
[1.936s] Level 5:colcon.colcon_core.verb:set package 'robotic_arm_cube_handling' build argument 'cmake_target_skip_unavailable' from command line to 'False'
[1.936s] Level 5:colcon.colcon_core.verb:set package 'robotic_arm_cube_handling' build argument 'cmake_clean_cache' from command line to 'False'
[1.937s] Level 5:colcon.colcon_core.verb:set package 'robotic_arm_cube_handling' build argument 'cmake_clean_first' from command line to 'False'
[1.937s] Level 5:colcon.colcon_core.verb:set package 'robotic_arm_cube_handling' build argument 'cmake_force_configure' from command line to 'False'
[1.937s] Level 5:colcon.colcon_core.verb:set package 'robotic_arm_cube_handling' build argument 'ament_cmake_args' from command line to 'None'
[1.937s] Level 5:colcon.colcon_core.verb:set package 'robotic_arm_cube_handling' build argument 'catkin_cmake_args' from command line to 'None'
[1.937s] Level 5:colcon.colcon_core.verb:set package 'robotic_arm_cube_handling' build argument 'catkin_skip_building_tests' from command line to 'False'
[1.937s] DEBUG:colcon.colcon_core.verb:Building package 'robotic_arm_cube_handling' with the following arguments: {'ament_cmake_args': None, 'build_base': '/home/raspberrypi/ros2_ws/src/robotic_arm_cube_handling/build/robotic_arm_cube_handling', 'catkin_cmake_args': None, 'catkin_skip_building_tests': False, 'cmake_args': None, 'cmake_clean_cache': False, 'cmake_clean_first': False, 'cmake_force_configure': False, 'cmake_target': None, 'cmake_target_skip_unavailable': False, 'install_base': '/home/raspberrypi/ros2_ws/src/robotic_arm_cube_handling/install/robotic_arm_cube_handling', 'merge_install': False, 'path': '/home/raspberrypi/ros2_ws/src/robotic_arm_cube_handling', 'symlink_install': False, 'test_result_base': None}
[1.938s] INFO:colcon.colcon_core.executor:Executing jobs using 'parallel' executor
[1.944s] DEBUG:colcon.colcon_parallel_executor.executor.parallel:run_until_complete
[1.946s] INFO:colcon.colcon_ros.task.catkin.build:Building ROS package in '/home/raspberrypi/ros2_ws/src/robotic_arm_cube_handling' with build type 'catkin'
[1.947s] INFO:colcon.colcon_cmake.task.cmake.build:Building CMake package in '/home/raspberrypi/ros2_ws/src/robotic_arm_cube_handling'
[1.962s] INFO:colcon.colcon_core.plugin_system:Skipping extension 'colcon_core.shell.bat': Not used on non-Windows systems
[1.964s] INFO:colcon.colcon_core.shell:Skip shell extension 'powershell' for command environment: Not usable outside of PowerShell
[1.965s] DEBUG:colcon.colcon_core.shell:Skip shell extension 'dsv' for command environment
[2.044s] DEBUG:colcon.colcon_core.event_handler.log_command:Invoking command in '/home/raspberrypi/ros2_ws/src/robotic_arm_cube_handling/build/robotic_arm_cube_handling': /usr/bin/cmake --build /home/raspberrypi/ros2_ws/src/robotic_arm_cube_handling/build/robotic_arm_cube_handling -- -j4 -l4
[5.794s] DEBUG:colcon.colcon_core.event_handler.log_command:Invoked command in '/home/raspberrypi/ros2_ws/src/robotic_arm_cube_handling/build/robotic_arm_cube_handling' returned '0': /usr/bin/cmake --build /home/raspberrypi/ros2_ws/src/robotic_arm_cube_handling/build/robotic_arm_cube_handling -- -j4 -l4
[7.157s] DEBUG:colcon.colcon_core.event_handler.log_command:Invoking command in '/home/raspberrypi/ros2_ws/src/robotic_arm_cube_handling/build/robotic_arm_cube_handling': /usr/bin/cmake --install /home/raspberrypi/ros2_ws/src/robotic_arm_cube_handling/build/robotic_arm_cube_handling
[7.836s] DEBUG:colcon.colcon_core.event_handler.log_command:Invoked command in '/home/raspberrypi/ros2_ws/src/robotic_arm_cube_handling/build/robotic_arm_cube_handling' returned '0': /usr/bin/cmake --install /home/raspberrypi/ros2_ws/src/robotic_arm_cube_handling/build/robotic_arm_cube_handling
[8.464s] Level 1:colcon.colcon_core.shell:create_environment_hook('robotic_arm_cube_handling', 'ros_package_path')
[8.466s] INFO:colcon.colcon_core.shell:Creating environment hook '/home/raspberrypi/ros2_ws/src/robotic_arm_cube_handling/install/robotic_arm_cube_handling/share/robotic_arm_cube_handling/hook/ros_package_path.ps1'
[8.471s] INFO:colcon.colcon_core.shell:Creating environment descriptor '/home/raspberrypi/ros2_ws/src/robotic_arm_cube_handling/install/robotic_arm_cube_handling/share/robotic_arm_cube_handling/hook/ros_package_path.dsv'
[8.475s] INFO:colcon.colcon_core.shell:Creating environment hook '/home/raspberrypi/ros2_ws/src/robotic_arm_cube_handling/install/robotic_arm_cube_handling/share/robotic_arm_cube_handling/hook/ros_package_path.sh'
[8.482s] Level 1:colcon.colcon_ros.task.catkin:checking '/home/raspberrypi/ros2_ws/src/robotic_arm_cube_handling/install/robotic_arm_cube_handling/lib/python3.12/site-packages'
[8.482s] Level 1:colcon.colcon_core.shell:create_environment_hook('robotic_arm_cube_handling', 'catkin_pythonpath')
[8.484s] INFO:colcon.colcon_core.shell:Creating environment hook '/home/raspberrypi/ros2_ws/src/robotic_arm_cube_handling/install/robotic_arm_cube_handling/share/robotic_arm_cube_handling/hook/catkin_pythonpath.ps1'
[8.487s] INFO:colcon.colcon_core.shell:Creating environment descriptor '/home/raspberrypi/ros2_ws/src/robotic_arm_cube_handling/install/robotic_arm_cube_handling/share/robotic_arm_cube_handling/hook/catkin_pythonpath.dsv'
[8.490s] INFO:colcon.colcon_core.shell:Creating environment hook '/home/raspberrypi/ros2_ws/src/robotic_arm_cube_handling/install/robotic_arm_cube_handling/share/robotic_arm_cube_handling/hook/catkin_pythonpath.sh'
[8.494s] Level 1:colcon.colcon_core.shell:create_environment_hook('robotic_arm_cube_handling', 'pkg_config_path')
[8.495s] INFO:colcon.colcon_core.shell:Creating environment hook '/home/raspberrypi/ros2_ws/src/robotic_arm_cube_handling/install/robotic_arm_cube_handling/share/robotic_arm_cube_handling/hook/pkg_config_path.ps1'
[8.499s] INFO:colcon.colcon_core.shell:Creating environment descriptor '/home/raspberrypi/ros2_ws/src/robotic_arm_cube_handling/install/robotic_arm_cube_handling/share/robotic_arm_cube_handling/hook/pkg_config_path.dsv'
[8.502s] INFO:colcon.colcon_core.shell:Creating environment hook '/home/raspberrypi/ros2_ws/src/robotic_arm_cube_handling/install/robotic_arm_cube_handling/share/robotic_arm_cube_handling/hook/pkg_config_path.sh'
[8.516s] Level 1:colcon.colcon_core.shell:create_environment_hook('robotic_arm_cube_handling', 'pkg_config_path_multiarch')
[8.517s] INFO:colcon.colcon_core.shell:Creating environment hook '/home/raspberrypi/ros2_ws/src/robotic_arm_cube_handling/install/robotic_arm_cube_handling/share/robotic_arm_cube_handling/hook/pkg_config_path_multiarch.ps1'
[8.521s] INFO:colcon.colcon_core.shell:Creating environment descriptor '/home/raspberrypi/ros2_ws/src/robotic_arm_cube_handling/install/robotic_arm_cube_handling/share/robotic_arm_cube_handling/hook/pkg_config_path_multiarch.dsv'
[8.524s] INFO:colcon.colcon_core.shell:Creating environment hook '/home/raspberrypi/ros2_ws/src/robotic_arm_cube_handling/install/robotic_arm_cube_handling/share/robotic_arm_cube_handling/hook/pkg_config_path_multiarch.sh'
[8.532s] Level 1:colcon.colcon_core.environment:create_environment_scripts_only(robotic_arm_cube_handling)
[8.549s] Level 1:colcon.colcon_core.environment:checking '/home/raspberrypi/ros2_ws/src/robotic_arm_cube_handling/install/robotic_arm_cube_handling' for CMake module files
[8.559s] Level 1:colcon.colcon_core.environment:checking '/home/raspberrypi/ros2_ws/src/robotic_arm_cube_handling/install/robotic_arm_cube_handling' for CMake config files
[8.569s] Level 1:colcon.colcon_core.shell:create_environment_hook('robotic_arm_cube_handling', 'cmake_prefix_path')
[8.570s] INFO:colcon.colcon_core.shell:Creating environment hook '/home/raspberrypi/ros2_ws/src/robotic_arm_cube_handling/install/robotic_arm_cube_handling/share/robotic_arm_cube_handling/hook/cmake_prefix_path.ps1'
[8.573s] INFO:colcon.colcon_core.shell:Creating environment descriptor '/home/raspberrypi/ros2_ws/src/robotic_arm_cube_handling/install/robotic_arm_cube_handling/share/robotic_arm_cube_handling/hook/cmake_prefix_path.dsv'
[8.576s] INFO:colcon.colcon_core.shell:Creating environment hook '/home/raspberrypi/ros2_ws/src/robotic_arm_cube_handling/install/robotic_arm_cube_handling/share/robotic_arm_cube_handling/hook/cmake_prefix_path.sh'
[8.581s] Level 1:colcon.colcon_core.environment:checking '/home/raspberrypi/ros2_ws/src/robotic_arm_cube_handling/install/robotic_arm_cube_handling/lib'
[8.583s] Level 1:colcon.colcon_core.shell:create_environment_hook('robotic_arm_cube_handling', 'ld_library_path_lib')
[8.584s] INFO:colcon.colcon_core.shell:Creating environment hook '/home/raspberrypi/ros2_ws/src/robotic_arm_cube_handling/install/robotic_arm_cube_handling/share/robotic_arm_cube_handling/hook/ld_library_path_lib.ps1'
[8.588s] INFO:colcon.colcon_core.shell:Creating environment descriptor '/home/raspberrypi/ros2_ws/src/robotic_arm_cube_handling/install/robotic_arm_cube_handling/share/robotic_arm_cube_handling/hook/ld_library_path_lib.dsv'
[8.591s] INFO:colcon.colcon_core.shell:Creating environment hook '/home/raspberrypi/ros2_ws/src/robotic_arm_cube_handling/install/robotic_arm_cube_handling/share/robotic_arm_cube_handling/hook/ld_library_path_lib.sh'
[8.594s] Level 1:colcon.colcon_core.environment:checking '/home/raspberrypi/ros2_ws/src/robotic_arm_cube_handling/install/robotic_arm_cube_handling/bin'
[8.595s] Level 1:colcon.colcon_core.environment:checking '/home/raspberrypi/ros2_ws/src/robotic_arm_cube_handling/install/robotic_arm_cube_handling/lib/pkgconfig/robotic_arm_cube_handling.pc'
[8.597s] Level 1:colcon.colcon_core.environment:checking '/home/raspberrypi/ros2_ws/src/robotic_arm_cube_handling/install/robotic_arm_cube_handling/lib/python3.12/site-packages'
[8.598s] Level 1:colcon.colcon_core.shell:create_environment_hook('robotic_arm_cube_handling', 'pythonpath')
[8.600s] INFO:colcon.colcon_core.shell:Creating environment hook '/home/raspberrypi/ros2_ws/src/robotic_arm_cube_handling/install/robotic_arm_cube_handling/share/robotic_arm_cube_handling/hook/pythonpath.ps1'
[8.603s] INFO:colcon.colcon_core.shell:Creating environment descriptor '/home/raspberrypi/ros2_ws/src/robotic_arm_cube_handling/install/robotic_arm_cube_handling/share/robotic_arm_cube_handling/hook/pythonpath.dsv'
[8.606s] INFO:colcon.colcon_core.shell:Creating environment hook '/home/raspberrypi/ros2_ws/src/robotic_arm_cube_handling/install/robotic_arm_cube_handling/share/robotic_arm_cube_handling/hook/pythonpath.sh'
[8.611s] Level 1:colcon.colcon_core.environment:checking '/home/raspberrypi/ros2_ws/src/robotic_arm_cube_handling/install/robotic_arm_cube_handling/bin'
[8.614s] INFO:colcon.colcon_core.shell:Creating package script '/home/raspberrypi/ros2_ws/src/robotic_arm_cube_handling/install/robotic_arm_cube_handling/share/robotic_arm_cube_handling/package.ps1'
[8.623s] INFO:colcon.colcon_core.shell:Creating package descriptor '/home/raspberrypi/ros2_ws/src/robotic_arm_cube_handling/install/robotic_arm_cube_handling/share/robotic_arm_cube_handling/package.dsv'
[8.629s] INFO:colcon.colcon_core.shell:Creating package script '/home/raspberrypi/ros2_ws/src/robotic_arm_cube_handling/install/robotic_arm_cube_handling/share/robotic_arm_cube_handling/package.sh'
[8.637s] INFO:colcon.colcon_core.shell:Creating package script '/home/raspberrypi/ros2_ws/src/robotic_arm_cube_handling/install/robotic_arm_cube_handling/share/robotic_arm_cube_handling/package.bash'
[8.643s] INFO:colcon.colcon_core.shell:Creating package script '/home/raspberrypi/ros2_ws/src/robotic_arm_cube_handling/install/robotic_arm_cube_handling/share/robotic_arm_cube_handling/package.zsh'
[8.647s] Level 1:colcon.colcon_core.environment:create_file_with_runtime_dependencies(/home/raspberrypi/ros2_ws/src/robotic_arm_cube_handling/install/robotic_arm_cube_handling/share/colcon-core/packages/robotic_arm_cube_handling)
[8.650s] DEBUG:colcon.colcon_parallel_executor.executor.parallel:closing loop
[8.653s] DEBUG:colcon.colcon_parallel_executor.executor.parallel:loop closed
[8.654s] DEBUG:colcon.colcon_parallel_executor.executor.parallel:run_until_complete finished with '0'
[8.655s] DEBUG:colcon.colcon_core.event_reactor:joining thread
[8.694s] INFO:colcon.colcon_core.plugin_system:Skipping extension 'colcon_notification.desktop_notification.notify_send': Could not find 'notify-send'
[8.694s] INFO:colcon.colcon_core.plugin_system:Skipping extension 'colcon_notification.desktop_notification.terminal_notifier': Not used on non-Darwin systems
[8.695s] INFO:colcon.colcon_core.plugin_system:Skipping extension 'colcon_notification.desktop_notification.win32': Not used on non-Windows systems
[8.695s] INFO:colcon.colcon_notification.desktop_notification:Sending desktop notification using 'notify2'
[8.701s] DEBUG:colcon.colcon_notification.desktop_notification.notify2:Failed to initialize notify2: org.freedesktop.DBus.Error.ServiceUnknown: The name org.freedesktop.Notifications was not provided by any .service files
[8.701s] DEBUG:colcon.colcon_core.event_reactor:joined thread
[8.703s] INFO:colcon.colcon_core.shell:Creating prefix script '/home/raspberrypi/ros2_ws/src/robotic_arm_cube_handling/install/local_setup.ps1'
[8.709s] INFO:colcon.colcon_core.shell:Creating prefix util module '/home/raspberrypi/ros2_ws/src/robotic_arm_cube_handling/install/_local_setup_util_ps1.py'
[8.721s] INFO:colcon.colcon_core.shell:Creating prefix chain script '/home/raspberrypi/ros2_ws/src/robotic_arm_cube_handling/install/setup.ps1'
[8.727s] INFO:colcon.colcon_core.shell:Creating prefix script '/home/raspberrypi/ros2_ws/src/robotic_arm_cube_handling/install/local_setup.sh'
[8.732s] INFO:colcon.colcon_core.shell:Creating prefix util module '/home/raspberrypi/ros2_ws/src/robotic_arm_cube_handling/install/_local_setup_util_sh.py'
[8.737s] INFO:colcon.colcon_core.shell:Creating prefix chain script '/home/raspberrypi/ros2_ws/src/robotic_arm_cube_handling/install/setup.sh'
[8.743s] INFO:colcon.colcon_core.shell:Creating prefix script '/home/raspberrypi/ros2_ws/src/robotic_arm_cube_handling/install/local_setup.bash'
[8.747s] INFO:colcon.colcon_core.shell:Creating prefix chain script '/home/raspberrypi/ros2_ws/src/robotic_arm_cube_handling/install/setup.bash'
[8.754s] INFO:colcon.colcon_core.shell:Creating prefix script '/home/raspberrypi/ros2_ws/src/robotic_arm_cube_handling/install/local_setup.zsh'
[8.759s] INFO:colcon.colcon_core.shell:Creating prefix chain script '/home/raspberrypi/ros2_ws/src/robotic_arm_cube_handling/install/setup.zsh'
