[0.094s] Invoking command in '/home/raspberrypi/ros2_ws/src/robotic_arm_cube_handling/build/robotic_arm_cube_handling': /usr/bin/cmake /home/raspberrypi/ros2_ws/src/robotic_arm_cube_handling -DCATKIN_INSTALL_INTO_PREFIX_ROOT=0 -DCMAKE_INSTALL_PREFIX=/home/raspberrypi/ros2_ws/src/robotic_arm_cube_handling/install/robotic_arm_cube_handling
[0.199s] -- Found ament_cmake: 2.7.0 (/opt/ros/rolling/share/ament_cmake/cmake)
[2.116s] -- Found rclpy: 7.5.0 (/opt/ros/rolling/share/rclpy/cmake)
[2.118s] -- Found sensor_msgs: 5.4.1 (/opt/ros/rolling/share/sensor_msgs/cmake)
[2.502s] -- Found rosidl_generator_c: 4.8.1 (/opt/ros/rolling/share/rosidl_generator_c/cmake)
[2.668s] -- Found rosidl_generator_cpp: 4.8.1 (/opt/ros/rolling/share/rosidl_generator_cpp/cmake)
[2.875s] -- Using all available rosidl_typesupport_c: rosidl_typesupport_fastrtps_c;rosidl_typesupport_introspection_c
[3.092s] -- Using all available rosidl_typesupport_cpp: rosidl_typesupport_fastrtps_cpp;rosidl_typesupport_introspection_cpp
[4.136s] [31mCMake Error at CMakeLists.txt:10 (find_package):
[4.137s]   By not providing "Findcv_bridge.cmake" in CMAKE_MODULE_PATH this project
[4.138s]   has asked CMake to find a package configuration file provided by
[4.139s]   "cv_bridge", but CMake did not find one.
[4.140s] 
[4.141s]   Could not find a package configuration file provided by "cv_bridge" with
[4.142s]   any of the following names:
[4.143s] 
[4.144s]     cv_bridgeConfig.cmake
[4.145s]     cv_bridge-config.cmake
[4.146s] 
[4.147s]   Add the installation prefix of "cv_bridge" to CMAKE_PREFIX_PATH or set
[4.147s]   "cv_bridge_DIR" to a directory containing one of the above files.  If
[4.148s]   "cv_bridge" provides a separate development package or SDK, be sure it has
[4.149s]   been installed.
[4.150s] 
[4.150s] [0m
[4.151s] -- Configuring incomplete, errors occurred!
[4.176s] Invoked command in '/home/raspberrypi/ros2_ws/src/robotic_arm_cube_handling/build/robotic_arm_cube_handling' returned '1': /usr/bin/cmake /home/raspberrypi/ros2_ws/src/robotic_arm_cube_handling -DCATKIN_INSTALL_INTO_PREFIX_ROOT=0 -DCMAKE_INSTALL_PREFIX=/home/raspberrypi/ros2_ws/src/robotic_arm_cube_handling/install/robotic_arm_cube_handling
