[0.092s] Invoking command in '/home/raspberrypi/ros2_ws/src/robotic_arm_cube_handling/build/robotic_arm_cube_handling': /usr/bin/cmake /home/raspberrypi/ros2_ws/src/robotic_arm_cube_handling -DCATKIN_INSTALL_INTO_PREFIX_ROOT=0 -DCMAKE_INSTALL_PREFIX=/home/raspberrypi/ros2_ws/src/robotic_arm_cube_handling/install/robotic_arm_cube_handling
[0.587s] [33mCMake Warning (dev) in CMakeLists.txt:
[0.589s]   No project() command is present.  The top-level CMakeLists.txt file must
[0.590s]   contain a literal, direct call to the project() command.  Add a line of
[0.592s]   code such as
[0.593s] 
[0.594s]     project(ProjectName)
[0.595s] 
[0.596s]   near the top of the file, but after cmake_minimum_required().
[0.596s] 
[0.597s]   CMake is pretending there is a "project(Project)" command on the first
[0.598s]   line.
[0.599s] This warning is for project developers.  Use -Wno-dev to suppress it.
[0.600s] [0m
[0.601s] [33mCMake Warning (dev) in CMakeLists.txt:
[0.602s]   cmake_minimum_required() should be called prior to this top-level project()
[0.603s]   call.  Please see the cmake-commands(7) manual for usage documentation of
[0.604s]   both commands.
[0.605s] This warning is for project developers.  Use -Wno-dev to suppress it.
[0.606s] [0m
[2.814s] -- The C compiler identification is GNU 13.2.0
[4.790s] -- The CXX compiler identification is GNU 13.2.0
[4.988s] -- Detecting C compiler ABI info
[5.960s] -- Detecting C compiler ABI info - done
[6.050s] -- Check for working C compiler: /usr/bin/cc - skipped
[6.054s] -- Detecting C compile features
[6.060s] -- Detecting C compile features - done
[6.155s] -- Detecting CXX compiler ABI info
[7.089s] -- Detecting CXX compiler ABI info - done
[7.183s] -- Check for working CXX compiler: /usr/bin/c++ - skipped
[7.185s] -- Detecting CXX compile features
[7.190s] -- Detecting CXX compile features - done
[7.225s] -- Found rclpy: 7.5.0 (/opt/ros/rolling/share/rclpy/cmake)
[7.252s] -- Found sensor_msgs: 5.4.1 (/opt/ros/rolling/share/sensor_msgs/cmake)
[8.562s] -- Found Python3: /usr/bin/python3 (found version "3.12.3") found components: Interpreter 
[9.278s] [33mCMake Warning (dev) at /opt/ros/rolling/share/ament_cmake_core/cmake/core/normalize_path.cmake:52 (while):
[9.279s]   Policy CMP0130 is not set: while() diagnoses condition evaluation errors.
[9.280s]   Run "cmake --help-policy CMP0130" for policy details.  Use the cmake_policy
[9.281s]   command to set the policy and suppress this warning.
[9.281s] 
[9.282s]   while() given incorrect arguments:
[9.283s] 
[9.283s]     "TRUE"
[9.284s] 
[9.285s]   An argument named "TRUE" appears in a conditional statement.  Policy
[9.286s]   CMP0012 is not set: if() recognizes numbers and boolean constants.  Run
[9.287s]   "cmake --help-policy CMP0012" for policy details.  Use the cmake_policy
[9.288s]   command to set the policy and suppress this warning.
[9.288s] Call Stack (most recent call first):
[9.289s]   /opt/ros/rolling/share/ament_cmake_core/cmake/core/normalize_path.cmake:34 (_normalize_path__collapse_redundant)
[9.290s]   /opt/ros/rolling/share/builtin_interfaces/cmake/ament_cmake_export_include_directories-extras.cmake:13 (normalize_path)
[9.291s]   /opt/ros/rolling/share/builtin_interfaces/cmake/builtin_interfacesConfig.cmake:41 (include)
[9.292s]   /opt/ros/rolling/share/sensor_msgs/cmake/ament_cmake_export_dependencies-extras.cmake:21 (find_package)
[9.293s]   /opt/ros/rolling/share/sensor_msgs/cmake/sensor_msgsConfig.cmake:41 (include)
[9.294s]   CMakeLists.txt:2 (find_package)
[9.295s] This warning is for project developers.  Use -Wno-dev to suppress it.
[9.295s] [0m
[9.296s] [33mCMake Warning (dev) at /opt/ros/rolling/share/ament_cmake_core/cmake/core/normalize_path.cmake:72 (while):
[9.297s]   Policy CMP0130 is not set: while() diagnoses condition evaluation errors.
[9.298s]   Run "cmake --help-policy CMP0130" for policy details.  Use the cmake_policy
[9.299s]   command to set the policy and suppress this warning.
[9.299s] 
[9.300s]   while() given incorrect arguments:
[9.301s] 
[9.303s]     "TRUE"
[9.304s] 
[9.304s]   An argument named "TRUE" appears in a conditional statement.  Policy
[9.305s]   CMP0012 is not set: if() recognizes numbers and boolean constants.  Run
[9.306s]   "cmake --help-policy CMP0012" for policy details.  Use the cmake_policy
[9.307s]   command to set the policy and suppress this warning.
[9.308s] Call Stack (most recent call first):
[9.309s]   /opt/ros/rolling/share/ament_cmake_core/cmake/core/normalize_path.cmake:35 (_normalize_path__collapse_uplevel_reference)
[9.309s]   /opt/ros/rolling/share/builtin_interfaces/cmake/ament_cmake_export_include_directories-extras.cmake:13 (normalize_path)
[9.310s]   /opt/ros/rolling/share/builtin_interfaces/cmake/builtin_interfacesConfig.cmake:41 (include)
[9.311s]   /opt/ros/rolling/share/sensor_msgs/cmake/ament_cmake_export_dependencies-extras.cmake:21 (find_package)
[9.312s]   /opt/ros/rolling/share/sensor_msgs/cmake/sensor_msgsConfig.cmake:41 (include)
[9.313s]   CMakeLists.txt:2 (find_package)
[9.313s] This warning is for project developers.  Use -Wno-dev to suppress it.
[9.314s] [0m
[9.415s] [33mCMake Warning (dev) at /opt/ros/rolling/share/ament_cmake_core/cmake/core/normalize_path.cmake:52 (while):
[9.416s]   Policy CMP0130 is not set: while() diagnoses condition evaluation errors.
[9.417s]   Run "cmake --help-policy CMP0130" for policy details.  Use the cmake_policy
[9.418s]   command to set the policy and suppress this warning.
[9.419s] 
[9.420s]   while() given incorrect arguments:
[9.421s] 
[9.422s]     "TRUE"
[9.423s] 
[9.423s]   An argument named "TRUE" appears in a conditional statement.  Policy
[9.424s]   CMP0012 is not set: if() recognizes numbers and boolean constants.  Run
[9.425s]   "cmake --help-policy CMP0012" for policy details.  Use the cmake_policy
[9.425s]   command to set the policy and suppress this warning.
[9.426s] Call Stack (most recent call first):
[9.427s]   /opt/ros/rolling/share/ament_cmake_core/cmake/core/normalize_path.cmake:34 (_normalize_path__collapse_redundant)
[9.428s]   /opt/ros/rolling/share/rcutils/cmake/ament_cmake_export_include_directories-extras.cmake:13 (normalize_path)
[9.429s]   /opt/ros/rolling/share/rcutils/cmake/rcutilsConfig.cmake:41 (include)
[9.429s]   /opt/ros/rolling/share/rosidl_runtime_c/cmake/ament_cmake_export_dependencies-extras.cmake:21 (find_package)
[9.430s]   /opt/ros/rolling/share/rosidl_runtime_c/cmake/rosidl_runtime_cConfig.cmake:41 (include)
[9.431s]   /opt/ros/rolling/share/builtin_interfaces/cmake/ament_cmake_export_dependencies-extras.cmake:21 (find_package)
[9.431s]   /opt/ros/rolling/share/builtin_interfaces/cmake/builtin_interfacesConfig.cmake:41 (include)
[9.432s]   /opt/ros/rolling/share/sensor_msgs/cmake/ament_cmake_export_dependencies-extras.cmake:21 (find_package)
[9.433s]   /opt/ros/rolling/share/sensor_msgs/cmake/sensor_msgsConfig.cmake:41 (include)
[9.433s]   CMakeLists.txt:2 (find_package)
[9.434s] This warning is for project developers.  Use -Wno-dev to suppress it.
[9.434s] [0m
[9.435s] [33mCMake Warning (dev) at /opt/ros/rolling/share/ament_cmake_core/cmake/core/normalize_path.cmake:72 (while):
[9.435s]   Policy CMP0130 is not set: while() diagnoses condition evaluation errors.
[9.436s]   Run "cmake --help-policy CMP0130" for policy details.  Use the cmake_policy
[9.437s]   command to set the policy and suppress this warning.
[9.437s] 
[9.438s]   while() given incorrect arguments:
[9.439s] 
[9.439s]     "TRUE"
[9.440s] 
[9.440s]   An argument named "TRUE" appears in a conditional statement.  Policy
[9.441s]   CMP0012 is not set: if() recognizes numbers and boolean constants.  Run
[9.442s]   "cmake --help-policy CMP0012" for policy details.  Use the cmake_policy
[9.442s]   command to set the policy and suppress this warning.
[9.443s] Call Stack (most recent call first):
[9.444s]   /opt/ros/rolling/share/ament_cmake_core/cmake/core/normalize_path.cmake:35 (_normalize_path__collapse_uplevel_reference)
[9.444s]   /opt/ros/rolling/share/rcutils/cmake/ament_cmake_export_include_directories-extras.cmake:13 (normalize_path)
[9.445s]   /opt/ros/rolling/share/rcutils/cmake/rcutilsConfig.cmake:41 (include)
[9.446s]   /opt/ros/rolling/share/rosidl_runtime_c/cmake/ament_cmake_export_dependencies-extras.cmake:21 (find_package)
[9.446s]   /opt/ros/rolling/share/rosidl_runtime_c/cmake/rosidl_runtime_cConfig.cmake:41 (include)
[9.447s]   /opt/ros/rolling/share/builtin_interfaces/cmake/ament_cmake_export_dependencies-extras.cmake:21 (find_package)
[9.447s]   /opt/ros/rolling/share/builtin_interfaces/cmake/builtin_interfacesConfig.cmake:41 (include)
[9.448s]   /opt/ros/rolling/share/sensor_msgs/cmake/ament_cmake_export_dependencies-extras.cmake:21 (find_package)
[9.449s]   /opt/ros/rolling/share/sensor_msgs/cmake/sensor_msgsConfig.cmake:41 (include)
[9.450s]   CMakeLists.txt:2 (find_package)
[9.450s] This warning is for project developers.  Use -Wno-dev to suppress it.
[9.451s] [0m
[9.964s] [33mCMake Warning (dev) at /opt/ros/rolling/share/ament_cmake_core/cmake/core/list_append_unique.cmake:30 (if):
[9.965s]   Policy CMP0057 is not set: Support new IN_LIST if() operator.  Run "cmake
[9.966s]   --help-policy CMP0057" for policy details.  Use the cmake_policy command to
[9.968s]   set the policy and suppress this warning.
[9.969s] 
[9.970s]   IN_LIST will be interpreted as an operator when the policy is set to NEW.
[9.971s]   Since the policy is not set the OLD behavior will be used.
[9.972s] Call Stack (most recent call first):
[9.972s]   /opt/ros/rolling/share/rcutils/cmake/ament_cmake_export_dependencies-extras.cmake:84 (list_append_unique)
[9.973s]   /opt/ros/rolling/share/rcutils/cmake/rcutilsConfig.cmake:41 (include)
[9.974s]   /opt/ros/rolling/share/rosidl_runtime_c/cmake/ament_cmake_export_dependencies-extras.cmake:21 (find_package)
[9.975s]   /opt/ros/rolling/share/rosidl_runtime_c/cmake/rosidl_runtime_cConfig.cmake:41 (include)
[9.976s]   /opt/ros/rolling/share/builtin_interfaces/cmake/ament_cmake_export_dependencies-extras.cmake:21 (find_package)
[9.976s]   /opt/ros/rolling/share/builtin_interfaces/cmake/builtin_interfacesConfig.cmake:41 (include)
[9.977s]   /opt/ros/rolling/share/sensor_msgs/cmake/ament_cmake_export_dependencies-extras.cmake:21 (find_package)
[9.978s]   /opt/ros/rolling/share/sensor_msgs/cmake/sensor_msgsConfig.cmake:41 (include)
[9.979s]   CMakeLists.txt:2 (find_package)
[9.979s] This warning is for project developers.  Use -Wno-dev to suppress it.
[9.980s] [0m
[9.981s] [31mCMake Error at /opt/ros/rolling/share/ament_cmake_core/cmake/core/list_append_unique.cmake:30 (if):
[9.982s]   if given arguments:
[9.983s] 
[9.984s]     "NOT" "element" "IN_LIST" "rcutils_RECURSIVE_DEPENDENCIES"
[9.985s] 
[9.985s]   Unknown arguments specified
[9.986s] Call Stack (most recent call first):
[9.987s]   /opt/ros/rolling/share/rcutils/cmake/ament_cmake_export_dependencies-extras.cmake:84 (list_append_unique)
[9.988s]   /opt/ros/rolling/share/rcutils/cmake/rcutilsConfig.cmake:41 (include)
[9.989s]   /opt/ros/rolling/share/rosidl_runtime_c/cmake/ament_cmake_export_dependencies-extras.cmake:21 (find_package)
[9.990s]   /opt/ros/rolling/share/rosidl_runtime_c/cmake/rosidl_runtime_cConfig.cmake:41 (include)
[9.991s]   /opt/ros/rolling/share/builtin_interfaces/cmake/ament_cmake_export_dependencies-extras.cmake:21 (find_package)
[9.992s]   /opt/ros/rolling/share/builtin_interfaces/cmake/builtin_interfacesConfig.cmake:41 (include)
[9.993s]   /opt/ros/rolling/share/sensor_msgs/cmake/ament_cmake_export_dependencies-extras.cmake:21 (find_package)
[9.994s]   /opt/ros/rolling/share/sensor_msgs/cmake/sensor_msgsConfig.cmake:41 (include)
[9.994s]   CMakeLists.txt:2 (find_package)
[9.995s] 
[9.996s] [0m
[9.997s] [31mCMake Error in CMakeLists.txt:
[9.998s]   No cmake_minimum_required command is present.  A line of code such as
[9.999s] 
[10.000s]     cmake_minimum_required(VERSION 3.28)
[10.000s] 
[10.001s]   should be added at the top of the file.  The version specified may be lower
[10.002s]   if you wish to support older CMake versions for this project.  For more
[10.003s]   information run "cmake --help-policy CMP0000".
[10.004s] 
[10.005s] [0m
[10.006s] -- Configuring incomplete, errors occurred!
[10.020s] Invoked command in '/home/raspberrypi/ros2_ws/src/robotic_arm_cube_handling/build/robotic_arm_cube_handling' returned '1': /usr/bin/cmake /home/raspberrypi/ros2_ws/src/robotic_arm_cube_handling -DCATKIN_INSTALL_INTO_PREFIX_ROOT=0 -DCMAKE_INSTALL_PREFIX=/home/raspberrypi/ros2_ws/src/robotic_arm_cube_handling/install/robotic_arm_cube_handling
