[2.282s] DEBUG:colcon:Command line arguments: ['/usr/bin/colcon', 'build', '--packages-select', 'robotic_arm_cube_handling']
[2.282s] DEBUG:colcon:Parsed command line arguments: Namespace(log_base=None, log_level=None, verb_name='build', build_base='build', install_base='install', merge_install=False, symlink_install=False, test_result_base=None, continue_on_error=False, executor='parallel', parallel_workers=4, event_handlers=None, ignore_user_meta=False, metas=['./colcon.meta'], base_paths=['.'], packages_ignore=None, packages_ignore_regex=None, paths=None, packages_up_to=None, packages_up_to_regex=None, packages_above=None, packages_above_and_dependencies=None, packages_above_depth=None, packages_select_by_dep=None, packages_skip_by_dep=None, packages_skip_up_to=None, packages_select_build_failed=False, packages_skip_build_finished=False, packages_select_test_failures=False, packages_skip_test_passed=False, packages_select=['robotic_arm_cube_handling'], packages_skip=None, packages_select_regex=None, packages_skip_regex=None, packages_start=None, packages_end=None, allow_overriding=[], cmake_args=None, cmake_target=None, cmake_target_skip_unavailable=False, cmake_clean_cache=False, cmake_clean_first=False, cmake_force_configure=False, ament_cmake_args=None, catkin_cmake_args=None, catkin_skip_building_tests=False, mixin_files=None, mixin=None, verb_parser=<colcon_mixin.mixin.mixin_argument.MixinArgumentDecorator object at 0xffff8acd5ee0>, verb_extension=<colcon_core.verb.build.BuildVerb object at 0xffff8ae94620>, main=<bound method BuildVerb.main of <colcon_core.verb.build.BuildVerb object at 0xffff8ae94620>>, mixin_verb=('build',))
[2.827s] Level 1:colcon.colcon_core.package_discovery:discover_packages(colcon_meta) check parameters
[2.828s] Level 1:colcon.colcon_core.package_discovery:discover_packages(recursive) check parameters
[2.829s] Level 1:colcon.colcon_core.package_discovery:discover_packages(ignore) check parameters
[2.829s] Level 1:colcon.colcon_core.package_discovery:discover_packages(path) check parameters
[2.829s] Level 1:colcon.colcon_core.package_discovery:discover_packages(colcon_meta) discover
[2.830s] Level 1:colcon.colcon_core.package_discovery:discover_packages(recursive) discover
[2.830s] INFO:colcon.colcon_core.package_discovery:Crawling recursively for packages in '/home/raspberrypi/ros2_ws/src/robotic_arm_cube_handling'
[2.831s] Level 1:colcon.colcon_core.package_identification:_identify(.) by extensions ['ignore', 'ignore_ament_install']
[2.831s] Level 1:colcon.colcon_core.package_identification:_identify(.) by extension 'ignore'
[2.832s] Level 1:colcon.colcon_core.package_identification:_identify(.) by extension 'ignore_ament_install'
[2.833s] Level 1:colcon.colcon_core.package_identification:_identify(.) by extensions ['colcon_pkg']
[2.833s] Level 1:colcon.colcon_core.package_identification:_identify(.) by extension 'colcon_pkg'
[2.833s] Level 1:colcon.colcon_core.package_identification:_identify(.) by extensions ['colcon_meta']
[2.833s] Level 1:colcon.colcon_core.package_identification:_identify(.) by extension 'colcon_meta'
[2.834s] Level 1:colcon.colcon_core.package_identification:_identify(.) by extensions ['ros']
[2.834s] Level 1:colcon.colcon_core.package_identification:_identify(.) by extension 'ros'
[3.198s] DEBUG:colcon.colcon_core.package_identification:Package '.' with type 'ros.catkin' and name 'robotic_arm_cube_handling'
[3.198s] Level 1:colcon.colcon_core.package_discovery:discover_packages(recursive) using defaults
[3.199s] Level 1:colcon.colcon_core.package_discovery:discover_packages(ignore) discover
[3.199s] Level 1:colcon.colcon_core.package_discovery:discover_packages(ignore) using defaults
[3.199s] Level 1:colcon.colcon_core.package_discovery:discover_packages(path) discover
[3.199s] Level 1:colcon.colcon_core.package_discovery:discover_packages(path) using defaults
[3.421s] Level 1:colcon.colcon_core.package_discovery:discover_packages(prefix_path) check parameters
[3.421s] Level 1:colcon.colcon_core.package_discovery:discover_packages(prefix_path) discover
[3.459s] DEBUG:colcon.colcon_installed_package_information.package_discovery:Found 193 installed packages in /opt/ros/rolling
[3.465s] Level 1:colcon.colcon_core.package_discovery:discover_packages(prefix_path) using defaults
[3.928s] Level 5:colcon.colcon_core.verb:set package 'robotic_arm_cube_handling' build argument 'cmake_args' from command line to 'None'
[3.929s] Level 5:colcon.colcon_core.verb:set package 'robotic_arm_cube_handling' build argument 'cmake_target' from command line to 'None'
[3.929s] Level 5:colcon.colcon_core.verb:set package 'robotic_arm_cube_handling' build argument 'cmake_target_skip_unavailable' from command line to 'False'
[3.929s] Level 5:colcon.colcon_core.verb:set package 'robotic_arm_cube_handling' build argument 'cmake_clean_cache' from command line to 'False'
[3.929s] Level 5:colcon.colcon_core.verb:set package 'robotic_arm_cube_handling' build argument 'cmake_clean_first' from command line to 'False'
[3.929s] Level 5:colcon.colcon_core.verb:set package 'robotic_arm_cube_handling' build argument 'cmake_force_configure' from command line to 'False'
[3.929s] Level 5:colcon.colcon_core.verb:set package 'robotic_arm_cube_handling' build argument 'ament_cmake_args' from command line to 'None'
[3.930s] Level 5:colcon.colcon_core.verb:set package 'robotic_arm_cube_handling' build argument 'catkin_cmake_args' from command line to 'None'
[3.930s] Level 5:colcon.colcon_core.verb:set package 'robotic_arm_cube_handling' build argument 'catkin_skip_building_tests' from command line to 'False'
[3.930s] DEBUG:colcon.colcon_core.verb:Building package 'robotic_arm_cube_handling' with the following arguments: {'ament_cmake_args': None, 'build_base': '/home/raspberrypi/ros2_ws/src/robotic_arm_cube_handling/build/robotic_arm_cube_handling', 'catkin_cmake_args': None, 'catkin_skip_building_tests': False, 'cmake_args': None, 'cmake_clean_cache': False, 'cmake_clean_first': False, 'cmake_force_configure': False, 'cmake_target': None, 'cmake_target_skip_unavailable': False, 'install_base': '/home/raspberrypi/ros2_ws/src/robotic_arm_cube_handling/install/robotic_arm_cube_handling', 'merge_install': False, 'path': '/home/raspberrypi/ros2_ws/src/robotic_arm_cube_handling', 'symlink_install': False, 'test_result_base': None}
[3.931s] INFO:colcon.colcon_core.executor:Executing jobs using 'parallel' executor
[3.936s] DEBUG:colcon.colcon_parallel_executor.executor.parallel:run_until_complete
[3.938s] INFO:colcon.colcon_ros.task.catkin.build:Building ROS package in '/home/raspberrypi/ros2_ws/src/robotic_arm_cube_handling' with build type 'catkin'
[3.939s] INFO:colcon.colcon_cmake.task.cmake.build:Building CMake package in '/home/raspberrypi/ros2_ws/src/robotic_arm_cube_handling'
[3.974s] INFO:colcon.colcon_core.plugin_system:Skipping extension 'colcon_core.shell.bat': Not used on non-Windows systems
[3.975s] INFO:colcon.colcon_core.shell:Skip shell extension 'powershell' for command environment: Not usable outside of PowerShell
[3.976s] DEBUG:colcon.colcon_core.shell:Skip shell extension 'dsv' for command environment
[4.050s] DEBUG:colcon.colcon_core.event_handler.log_command:Invoking command in '/home/raspberrypi/ros2_ws/src/robotic_arm_cube_handling/build/robotic_arm_cube_handling': /usr/bin/cmake /home/raspberrypi/ros2_ws/src/robotic_arm_cube_handling -DCATKIN_INSTALL_INTO_PREFIX_ROOT=0 -DCMAKE_INSTALL_PREFIX=/home/raspberrypi/ros2_ws/src/robotic_arm_cube_handling/install/robotic_arm_cube_handling
[13.489s] DEBUG:colcon.colcon_core.event_handler.log_command:Invoked command in '/home/raspberrypi/ros2_ws/src/robotic_arm_cube_handling/build/robotic_arm_cube_handling' returned '1': /usr/bin/cmake /home/raspberrypi/ros2_ws/src/robotic_arm_cube_handling -DCATKIN_INSTALL_INTO_PREFIX_ROOT=0 -DCMAKE_INSTALL_PREFIX=/home/raspberrypi/ros2_ws/src/robotic_arm_cube_handling/install/robotic_arm_cube_handling
[13.598s] Level 1:colcon.colcon_core.environment:create_environment_scripts_only(robotic_arm_cube_handling)
[13.635s] Level 1:colcon.colcon_core.environment:checking '/home/raspberrypi/ros2_ws/src/robotic_arm_cube_handling/install/robotic_arm_cube_handling' for CMake module files
[13.640s] Level 1:colcon.colcon_core.environment:checking '/home/raspberrypi/ros2_ws/src/robotic_arm_cube_handling/install/robotic_arm_cube_handling' for CMake config files
[13.645s] Level 1:colcon.colcon_core.environment:checking '/home/raspberrypi/ros2_ws/src/robotic_arm_cube_handling/install/robotic_arm_cube_handling/bin'
[13.646s] Level 1:colcon.colcon_core.environment:checking '/home/raspberrypi/ros2_ws/src/robotic_arm_cube_handling/install/robotic_arm_cube_handling/lib/pkgconfig/robotic_arm_cube_handling.pc'
[13.648s] Level 1:colcon.colcon_core.environment:checking '/home/raspberrypi/ros2_ws/src/robotic_arm_cube_handling/install/robotic_arm_cube_handling/lib/python3.12/site-packages'
[13.650s] Level 1:colcon.colcon_core.environment:checking '/home/raspberrypi/ros2_ws/src/robotic_arm_cube_handling/install/robotic_arm_cube_handling/bin'
[13.652s] INFO:colcon.colcon_core.shell:Creating package script '/home/raspberrypi/ros2_ws/src/robotic_arm_cube_handling/install/robotic_arm_cube_handling/share/robotic_arm_cube_handling/package.ps1'
[13.659s] INFO:colcon.colcon_core.shell:Creating package descriptor '/home/raspberrypi/ros2_ws/src/robotic_arm_cube_handling/install/robotic_arm_cube_handling/share/robotic_arm_cube_handling/package.dsv'
[13.665s] INFO:colcon.colcon_core.shell:Creating package script '/home/raspberrypi/ros2_ws/src/robotic_arm_cube_handling/install/robotic_arm_cube_handling/share/robotic_arm_cube_handling/package.sh'
[13.672s] INFO:colcon.colcon_core.shell:Creating package script '/home/raspberrypi/ros2_ws/src/robotic_arm_cube_handling/install/robotic_arm_cube_handling/share/robotic_arm_cube_handling/package.bash'
[13.680s] INFO:colcon.colcon_core.shell:Creating package script '/home/raspberrypi/ros2_ws/src/robotic_arm_cube_handling/install/robotic_arm_cube_handling/share/robotic_arm_cube_handling/package.zsh'
[13.688s] Level 1:colcon.colcon_core.environment:create_file_with_runtime_dependencies(/home/raspberrypi/ros2_ws/src/robotic_arm_cube_handling/install/robotic_arm_cube_handling/share/colcon-core/packages/robotic_arm_cube_handling)
[13.701s] DEBUG:colcon.colcon_parallel_executor.executor.parallel:closing loop
[13.702s] DEBUG:colcon.colcon_parallel_executor.executor.parallel:loop closed
[13.703s] DEBUG:colcon.colcon_parallel_executor.executor.parallel:run_until_complete finished with '1'
[13.704s] DEBUG:colcon.colcon_core.event_reactor:joining thread
[13.770s] INFO:colcon.colcon_core.plugin_system:Skipping extension 'colcon_notification.desktop_notification.notify_send': Could not find 'notify-send'
[13.771s] INFO:colcon.colcon_core.plugin_system:Skipping extension 'colcon_notification.desktop_notification.terminal_notifier': Not used on non-Darwin systems
[13.771s] INFO:colcon.colcon_core.plugin_system:Skipping extension 'colcon_notification.desktop_notification.win32': Not used on non-Windows systems
[13.772s] INFO:colcon.colcon_notification.desktop_notification:Sending desktop notification using 'notify2'
[13.780s] DEBUG:colcon.colcon_notification.desktop_notification.notify2:Failed to initialize notify2: org.freedesktop.DBus.Error.ServiceUnknown: The name org.freedesktop.Notifications was not provided by any .service files
[13.781s] DEBUG:colcon.colcon_core.event_reactor:joined thread
[13.783s] INFO:colcon.colcon_core.shell:Creating prefix script '/home/raspberrypi/ros2_ws/src/robotic_arm_cube_handling/install/local_setup.ps1'
[13.792s] INFO:colcon.colcon_core.shell:Creating prefix util module '/home/raspberrypi/ros2_ws/src/robotic_arm_cube_handling/install/_local_setup_util_ps1.py'
[13.805s] INFO:colcon.colcon_core.shell:Creating prefix chain script '/home/raspberrypi/ros2_ws/src/robotic_arm_cube_handling/install/setup.ps1'
[13.813s] INFO:colcon.colcon_core.shell:Creating prefix script '/home/raspberrypi/ros2_ws/src/robotic_arm_cube_handling/install/local_setup.sh'
[13.822s] INFO:colcon.colcon_core.shell:Creating prefix util module '/home/raspberrypi/ros2_ws/src/robotic_arm_cube_handling/install/_local_setup_util_sh.py'
[13.828s] INFO:colcon.colcon_core.shell:Creating prefix chain script '/home/raspberrypi/ros2_ws/src/robotic_arm_cube_handling/install/setup.sh'
[13.836s] INFO:colcon.colcon_core.shell:Creating prefix script '/home/raspberrypi/ros2_ws/src/robotic_arm_cube_handling/install/local_setup.bash'
[13.842s] INFO:colcon.colcon_core.shell:Creating prefix chain script '/home/raspberrypi/ros2_ws/src/robotic_arm_cube_handling/install/setup.bash'
[13.850s] INFO:colcon.colcon_core.shell:Creating prefix script '/home/raspberrypi/ros2_ws/src/robotic_arm_cube_handling/install/local_setup.zsh'
[13.855s] INFO:colcon.colcon_core.shell:Creating prefix chain script '/home/raspberrypi/ros2_ws/src/robotic_arm_cube_handling/install/setup.zsh'
